2020-05-22 18:45:05,815 [AUDIT] Token created by 'anonymous': tokenId='7e3dfbbf-1094-4967-852e-33134d1c6524', issuer='jfrou@01e8yv7km6r0cgmtkp8g2q90x1', subject='jfrou@01e8yv7km6r0cgmtkp8g2q90x1', expiry=none, refreshable=false
2020-05-22 18:45:10,003 [AUDIT] Token created by 'anonymous': tokenId='9a8543f8-e7c7-430a-8f67-fe223d7a2946', issuer='jfac@01e8yv7aamj41c01yxe0ar1jef', subject='jfac@01e8yv7aamj41c01yxe0ar1jef', expiry=1590173229987, refreshable=false
2020-05-22 18:45:10,196 [AUDIT] Token created by 'anonymous': tokenId='6d6b4842-ecea-4a52-83fd-bd801b91adc5', issuer='jfac@01e8yv7aamj41c01yxe0ar1jef', subject='jfac@01e8yv7aamj41c01yxe0ar1jef', expiry=1590173230188, refreshable=false
2020-05-22 18:45:10,440 [AUDIT] Token created by 'anonymous': tokenId='8a582ccb-52eb-44ca-bda8-d655cf41ad06', issuer='jfac@01e8yv7aamj41c01yxe0ar1jef', subject='jfac@01e8yv7aamj41c01yxe0ar1jef', expiry=1590173230433, refreshable=false
2020-05-22 18:45:10,885 [AUDIT] Token created by 'anonymous': tokenId='bb386163-153e-4d37-8c25-cdbbe8e48e15', issuer='jfmd@01e8yv7mndxrnmd1h5qa49rj3r', subject='jfmd@01e8yv7mndxrnmd1h5qa49rj3r', expiry=none, refreshable=false
2020-05-22 18:45:10,889 [AUDIT] Token created by 'anonymous': tokenId='97ba01d5-25a7-48a1-b16e-036a3260be39', issuer='jfac@01e8yv7aamj41c01yxe0ar1jef', subject='jfac@01e8yv7aamj41c01yxe0ar1jef', expiry=1590173230878, refreshable=false
2020-05-22 18:45:17,416 [AUDIT] Token created by 'anonymous': tokenId='31f4b9a6-4afe-432b-808a-206cb3d51a8a', issuer='jfrt@01e8yv89r4pzvf1bczbr7t0mkz', subject='jfrt@01e8yv89r4pzvf1bczbr7t0mkz', expiry=none, refreshable=false
2020-05-22 18:45:21,803 [AUDIT] Token created by 'jfrt@01e8yv89r4pzvf1bczbr7t0mkz': tokenId='005c3d6d-5e25-4622-a9eb-6cb20605db81', issuer='jfrt@01e8yv89r4pzvf1bczbr7t0mkz', subject='jfrt@01e8yv89r4pzvf1bczbr7t0mkz', expiry=2536253121800, refreshable=false
2020-05-22 18:45:31,652 [AUDIT] Token created by 'anonymous': tokenId='d668c689-882b-4516-8045-3c7f12b246ad', issuer='jffe@000', subject='jffe@000', expiry=none, refreshable=false
2020-05-22 18:45:31,783 [AUDIT] Token created by 'jffe@000': tokenId='096a7a1f-4e0b-48af-bcd2-73e70c39027f', issuer='jffe@000', subject='jffe@000', expiry=1590173731767, refreshable=false
2020-05-22 18:45:46,461 [AUDIT] Token created by 'jffe@000': tokenId='34e19077-1f45-4619-8dbe-e01de98a4e2a', issuer='jffe@000', subject='jffe@000/users/anonymous', expiry=1590173746451, refreshable=false
2020-05-22 18:49:17,420 [AUDIT] Token created by 'jffe@000': tokenId='561163c7-4ddd-4236-8baf-83e579a6bca5', issuer='jffe@000', subject='admin', expiry=1590175157416, refreshable=true
2020-05-22 18:49:17,762 [AUDIT] Token created by 'jffe@000': tokenId='38914650-515a-40d6-bd42-6d8aea16b895', issuer='jffe@000', subject='jffe@000/users/admin', expiry=1590173957755, refreshable=false
2020-05-22 18:49:17,784 [AUDIT] Token created by 'jffe@000': tokenId='3c667566-477f-4afe-94aa-701b41fe62a6', issuer='jffe@000', subject='jffe@000/users/admin', expiry=1590173957779, refreshable=false
2020-05-22 18:49:18,745 [AUDIT] Token created by 'jffe@000': tokenId='d2b6e622-3c32-4a0c-9078-b75f24f1ae49', issuer='jffe@000', subject='jffe@000/users/admin', expiry=1590173958743, refreshable=false
2020-05-22 18:55:34,722 [AUDIT] Token created by 'jffe@000': tokenId='8143eef3-71a0-47b4-9350-8041345f162c', issuer='jffe@000', subject='jffe@000', expiry=1590174334717, refreshable=false
2020-05-22 18:55:34,723 [AUDIT] Token created by 'jffe@000': tokenId='09a5dd62-9596-4fd1-b475-6e7872a89422', issuer='jffe@000', subject='jffe@000', expiry=1590174334717, refreshable=false
2020-05-22 18:55:34,724 [AUDIT] Token created by 'jffe@000': tokenId='119b50c5-92c1-4b0b-978b-6c46ad457db1', issuer='jffe@000', subject='jffe@000', expiry=1590174334719, refreshable=false
2020-05-22 18:55:34,723 [AUDIT] Token created by 'jffe@000': tokenId='baa407b3-afa8-475b-8c1f-fa65f26fe52c', issuer='jffe@000', subject='jffe@000', expiry=1590174334719, refreshable=false
2020-05-22 18:59:17,709 [AUDIT] Token created by 'jffe@000': tokenId='7b65d544-0483-4257-adf7-d8798b7d2e57', issuer='jffe@000', subject='jffe@000/users/admin', expiry=1590174557704, refreshable=false
2020-05-22 19:05:34,756 [AUDIT] Token created by 'jffe@000': tokenId='b875ab74-81c5-424c-a74a-1947dda84dd6', issuer='jffe@000', subject='jffe@000', expiry=1590174934754, refreshable=false
2020-05-22 19:05:34,759 [AUDIT] Token created by 'jffe@000': tokenId='03dd8082-3964-46fe-b67a-c80196e9c848', issuer='jffe@000', subject='jffe@000', expiry=1590174934754, refreshable=false
2020-05-22 19:05:34,760 [AUDIT] Token created by 'jffe@000': tokenId='86fc30a6-7b69-4199-bfd1-339822a8529e', issuer='jffe@000', subject='jffe@000', expiry=1590174934756, refreshable=false
2020-05-22 19:05:34,763 [AUDIT] Token created by 'jffe@000': tokenId='fbe22cdd-f2d2-451d-9efa-64e1d912d03f', issuer='jffe@000', subject='jffe@000', expiry=1590174934761, refreshable=false
2020-05-22 19:09:17,758 [AUDIT] Token created by 'jffe@000': tokenId='512b3778-8c2d-467a-9f07-aa6e7c00feb0', issuer='jffe@000', subject='jffe@000/users/admin', expiry=1590175157754, refreshable=false
2020-05-22 19:15:34,808 [AUDIT] Token created by 'jffe@000': tokenId='d5b04ddf-c852-41bb-91a5-b34dbb0cf02e', issuer='jffe@000', subject='jffe@000', expiry=1590175534798, refreshable=false
2020-05-22 19:15:34,813 [AUDIT] Token created by 'jffe@000': tokenId='71e4ff2f-83eb-4ec8-a913-7dadcea9ed12', issuer='jffe@000', subject='jffe@000', expiry=1590175534802, refreshable=false
2020-05-22 19:15:34,813 [AUDIT] Token created by 'jffe@000': tokenId='4deaa4ff-a13b-4ba6-90d2-78c41b8b4c3d', issuer='jffe@000', subject='jffe@000', expiry=1590175534800, refreshable=false
2020-05-22 19:15:34,813 [AUDIT] Token created by 'jffe@000': tokenId='5f01723d-e15f-4660-b154-ddaa91b142f5', issuer='jffe@000', subject='jffe@000', expiry=1590175534800, refreshable=false
2020-05-25 15:30:18,779 [AUDIT] Token created by 'jffe@000': tokenId='a88c471a-42d0-4371-bb0e-aa577767c103', issuer='jffe@000', subject='jffe@000/users/anonymous', expiry=1590421218776, refreshable=false
2020-05-25 15:30:35,480 [AUDIT] Token created by 'jffe@000': tokenId='7c4f3c9d-88f7-4f30-9d0c-0832a26ea814', issuer='jffe@000', subject='jffe@000', expiry=1590421235476, refreshable=false
2020-05-25 15:30:35,481 [AUDIT] Token created by 'jffe@000': tokenId='ecb29f2f-68eb-44dd-a7e8-6c09bfaf0536', issuer='jffe@000', subject='jffe@000', expiry=1590421235475, refreshable=false
2020-05-25 15:30:35,483 [AUDIT] Token created by 'jffe@000': tokenId='f820bedd-3979-4aae-908a-1b2fb4ff51eb', issuer='jffe@000', subject='jffe@000', expiry=1590421235479, refreshable=false
2020-05-25 15:30:35,486 [AUDIT] Token created by 'jffe@000': tokenId='773cd63f-55a6-4e49-8e69-02135eae6165', issuer='jffe@000', subject='jffe@000', expiry=1590421235479, refreshable=false
2020-05-25 15:40:18,712 [AUDIT] Token created by 'jffe@000': tokenId='88f6555d-2676-458f-ac07-3e67ca95db37', issuer='jffe@000', subject='jffe@000/users/anonymous', expiry=1590421818695, refreshable=false
2020-05-25 15:40:35,524 [AUDIT] Token created by 'jffe@000': tokenId='71419dda-853c-4ca7-ab13-f0ff7ed1e050', issuer='jffe@000', subject='jffe@000', expiry=1590421835514, refreshable=false
2020-05-25 15:40:35,525 [AUDIT] Token created by 'jffe@000': tokenId='dcbef949-abfd-45bc-b5ce-62cc107c36a2', issuer='jffe@000', subject='jffe@000', expiry=1590421835514, refreshable=false
2020-05-25 15:40:35,529 [AUDIT] Token created by 'jffe@000': tokenId='275a232b-0f79-49ba-9ede-007a04b7b0a9', issuer='jffe@000', subject='jffe@000', expiry=1590421835515, refreshable=false
2020-05-25 15:40:35,527 [AUDIT] Token created by 'jffe@000': tokenId='fc3bbaf5-8e06-481d-9776-1e8ef375c654', issuer='jffe@000', subject='jffe@000', expiry=1590421835516, refreshable=false
2020-05-25 15:50:18,737 [AUDIT] Token created by 'jffe@000': tokenId='f433f6ed-3040-4167-90d4-751de1dc2b72', issuer='jffe@000', subject='jffe@000/users/anonymous', expiry=1590422418732, refreshable=false
2020-05-25 15:50:35,560 [AUDIT] Token created by 'jffe@000': tokenId='826a1c98-56b9-4baf-bda0-7e49a7e516de', issuer='jffe@000', subject='jffe@000', expiry=1590422435551, refreshable=false
2020-05-25 15:50:35,562 [AUDIT] Token created by 'jffe@000': tokenId='6b7a80b9-695b-4ba2-b84a-5d579128de49', issuer='jffe@000', subject='jffe@000', expiry=1590422435551, refreshable=false
2020-05-25 15:50:35,562 [AUDIT] Token created by 'jffe@000': tokenId='2ce564f3-3f3d-4653-a677-3fa9a6f44946', issuer='jffe@000', subject='jffe@000', expiry=1590422435551, refreshable=false
2020-05-25 15:50:35,565 [AUDIT] Token created by 'jffe@000': tokenId='bb6a70b6-7492-4e2c-a3f1-5b0d59e03bbc', issuer='jffe@000', subject='jffe@000', expiry=1590422435552, refreshable=false
2020-05-25 16:00:18,811 [AUDIT] Token created by 'jffe@000': tokenId='f06e9418-52ef-42d9-9da0-657d464f365a', issuer='jffe@000', subject='jffe@000/users/anonymous', expiry=1590423018801, refreshable=false
2020-05-25 16:00:35,627 [AUDIT] Token created by 'jffe@000': tokenId='fafb81fe-30f7-4b21-82ab-6ba24ee1f065', issuer='jffe@000', subject='jffe@000', expiry=1590423035618, refreshable=false
2020-05-25 16:00:35,628 [AUDIT] Token created by 'jffe@000': tokenId='06e0f27f-8d19-4d0c-8c6d-4417187d8cb4', issuer='jffe@000', subject='jffe@000', expiry=1590423035618, refreshable=false
2020-05-25 16:00:35,628 [AUDIT] Token created by 'jffe@000': tokenId='dfa0d3fd-8718-4395-89d8-dd1201e32fcb', issuer='jffe@000', subject='jffe@000', expiry=1590423035618, refreshable=false
2020-05-25 16:00:35,628 [AUDIT] Token created by 'jffe@000': tokenId='b2e0fe81-7841-45cd-b687-097e234b6a92', issuer='jffe@000', subject='jffe@000', expiry=1590423035619, refreshable=false
2020-05-25 16:10:18,866 [AUDIT] Token created by 'jffe@000': tokenId='1dc95f46-ec41-46dd-ad83-f8eefb753da3', issuer='jffe@000', subject='jffe@000/users/anonymous', expiry=1590423618856, refreshable=false
2020-05-25 16:10:35,657 [AUDIT] Token created by 'jffe@000': tokenId='6ed8edfd-6325-4c19-b14f-5c80e190c052', issuer='jffe@000', subject='jffe@000', expiry=1590423635647, refreshable=false
2020-05-25 16:10:35,659 [AUDIT] Token created by 'jffe@000': tokenId='4a7c06f7-2036-4216-9ab3-9e61240c65d4', issuer='jffe@000', subject='jffe@000', expiry=1590423635650, refreshable=false
2020-05-25 16:10:35,659 [AUDIT] Token created by 'jffe@000': tokenId='71781ae0-5830-419b-9587-d623290c5325', issuer='jffe@000', subject='jffe@000', expiry=1590423635651, refreshable=false
2020-05-25 16:10:35,659 [AUDIT] Token created by 'jffe@000': tokenId='9d78b976-73b1-498f-be8d-58be6661cf9e', issuer='jffe@000', subject='jffe@000', expiry=1590423635650, refreshable=false
2020-05-25 16:20:18,954 [AUDIT] Token created by 'jffe@000': tokenId='ba84edbc-f022-4d1f-95f2-db23a870af47', issuer='jffe@000', subject='jffe@000/users/anonymous', expiry=1590424218952, refreshable=false
2020-05-25 16:20:35,689 [AUDIT] Token created by 'jffe@000': tokenId='865e7e74-bd3d-4547-8180-ac3d9ff196f7', issuer='jffe@000', subject='jffe@000', expiry=1590424235678, refreshable=false
2020-05-25 16:20:35,689 [AUDIT] Token created by 'jffe@000': tokenId='31d51aa4-43f9-4acf-ac27-016779e1c5ef', issuer='jffe@000', subject='jffe@000', expiry=1590424235678, refreshable=false
2020-05-25 16:20:35,690 [AUDIT] Token created by 'jffe@000': tokenId='dee0a805-2b35-4524-a071-4528a6579ee4', issuer='jffe@000', subject='jffe@000', expiry=1590424235679, refreshable=false
2020-05-25 16:20:35,704 [AUDIT] Token created by 'jffe@000': tokenId='1e483e35-240a-475d-a796-687a25595199', issuer='jffe@000', subject='jffe@000', expiry=1590424235680, refreshable=false
2020-05-25 16:30:18,996 [AUDIT] Token created by 'jffe@000': tokenId='8add703a-4021-4779-92e8-e7898caae840', issuer='jffe@000', subject='jffe@000/users/anonymous', expiry=1590424818994, refreshable=false
2020-05-25 16:30:35,736 [AUDIT] Token created by 'jffe@000': tokenId='74acdfe9-b6f0-43d2-b662-773ea6027e39', issuer='jffe@000', subject='jffe@000', expiry=1590424835725, refreshable=false
2020-05-25 16:30:35,737 [AUDIT] Token created by 'jffe@000': tokenId='4f3b960e-8924-4da8-b2f4-8eb2b4109e54', issuer='jffe@000', subject='jffe@000', expiry=1590424835727, refreshable=false
2020-05-25 16:30:35,737 [AUDIT] Token created by 'jffe@000': tokenId='9a9a8dad-db83-4927-aa99-7d55a96acf99', issuer='jffe@000', subject='jffe@000', expiry=1590424835731, refreshable=false
2020-05-25 16:30:35,737 [AUDIT] Token created by 'jffe@000': tokenId='41ab8496-c971-4cdb-825d-0405b9a749c5', issuer='jffe@000', subject='jffe@000', expiry=1590424835728, refreshable=false
