2020-05-22T18:44:28.944Z [jfrt ] [INFO ] [c86f70bd80627866] [o.a.c.h.HaNodeProperties:67   ] [ocalhost-startStop-2] - Artifactory is running in non-clustered mode.
2020-05-22T18:44:29.003Z [jfrt ] [INFO ] [c86f70bd80627866] [tifactoryHomeConfigListener:70] [ocalhost-startStop-2] - Resolved Home: '/opt/jfrog/artifactory
2020-05-22T18:44:29.064Z [jfrt ] [INFO ] [                ] [o.j.c.w.FileWatchingManager:75] [Thread-5            ] - Starting watch of folder configurations
2020-05-22T18:44:29.816Z [jfrt ] [INFO ] [c86f70bd80627866] [.a.w.s.BasicConfigManagers:140] [ocalhost-startStop-2] - Artifactory (jfrt) service initialization started. Version: 7.4.3 Revision: 70403900 PID: 3220 Home: /opt/jfrog/artifactory
2020-05-22T18:44:29.859Z [jfrt ] [INFO ] [c86f70bd80627866] [.a.c.ConvertersManagerImpl:142] [ocalhost-startStop-2] - Triggering PRE_INIT conversion, from 7.4.3 to 7.4.3
2020-05-22T18:44:29.873Z [jfrt ] [INFO ] [c86f70bd80627866] [.a.c.ConvertersManagerImpl:144] [ocalhost-startStop-2] - Finished PRE_INIT conversion, current version is: 7.4.3
2020-05-22T18:44:35.001Z [jfrt ] [INFO ] [c86f70bd80627866] [o.j.s.c.KeyUtils:108          ] [ocalhost-startStop-2] - Master key is missing. Pending for 5 seconds with 60 seconds timeout
2020-05-22T18:44:40.008Z [jfrt ] [INFO ] [c86f70bd80627866] [o.j.s.c.KeyUtils:108          ] [ocalhost-startStop-2] - Master key is missing. Pending for 5 seconds with 60 seconds timeout
2020-05-22T18:44:46.147Z [jfrt ] [INFO ] [c86f70bd80627866] [.s.d.v.c.DbSqlConverterUtil:93] [ocalhost-startStop-2] - Starting schema conversion: /conversion/derby/derby_v570a.sql
2020-05-22T18:44:46.219Z [jfrt ] [INFO ] [c86f70bd80627866] [.s.d.v.c.DbSqlConverterUtil:95] [ocalhost-startStop-2] - Finished schema conversion: /conversion/derby/derby_v570a.sql
2020-05-22T18:44:47.281Z [jfrt ] [INFO ] [f9710d051d865d4b] [ctoryContextConfigListener:308] [art-init            ] - 
                _   _  __           _                      ____   _____ _____
     /\        | | (_)/ _|         | |                    / __ \ / ____/ ____|
    /  \   _ __| |_ _| |_ __ _  ___| |_ ___  _ __ _   _  | |  | | (___| (___
   / /\ \ | '__| __| |  _/ _` |/ __| __/ _ \| '__| | | | | |  | |\___ \\___ \
  / ____ \| |  | |_| | || (_| | (__| || (_) | |  | |_| | | |__| |____) |___) |
 /_/    \_\_|   \__|_|_| \__,_|\___|\__\___/|_|   \__, |  \____/|_____/_____/
 Version:  7.4.3                                   __/ |
 Revision: 70403900                               |___/
 Artifactory Home: '/opt/jfrog/artifactory'
 Node ID: 'ecba941ecde0'

2020-05-22T18:44:47.641Z [jfrt ] [INFO ] [f9710d051d865d4b] [ifactoryApplicationContext:523] [art-init            ] - Artifactory application context set to NOT READY by refresh
2020-05-22T18:45:01.271Z [jfrt ] [INFO ] [f9710d051d865d4b] [o.a.s.d.DbServiceImpl:282     ] [art-init            ] - Database: Apache Derby 10.14.2.0 - (1828579). Driver: Apache Derby Embedded JDBC Driver 10.14.2.0 - (1828579) Pool: derby
2020-05-22T18:45:01.273Z [jfrt ] [INFO ] [f9710d051d865d4b] [o.a.s.d.DbServiceImpl:285     ] [art-init            ] - Connection URL: jdbc:derby:/opt/jfrog/artifactory/var/data/artifactory/derby
2020-05-22T18:45:04.673Z [jfrt ] [INFO ] [f9710d051d865d4b] [o.a.s.d.DbServiceImpl:126     ] [art-init            ] - ***Database schema created***
2020-05-22T18:45:04.685Z [jfrt ] [INFO ] [f9710d051d865d4b] [o.a.s.d.v.DerbyValidator:26   ] [art-init            ] - Validating connection collation for derby database
2020-05-22T18:45:09.466Z [jfrt ] [INFO ] [f9710d051d865d4b] [ritiesStorageServiceFactory:25] [art-init            ] - Initializing DB-based Priorities Storage Service
2020-05-22T18:45:14.501Z [jfrt ] [INFO ] [f9710d051d865d4b] [actorySchedulerFactoryBean:727] [art-init            ] - Starting Quartz Scheduler now
2020-05-22T18:45:14.662Z [jfrt ] [INFO ] [f9710d051d865d4b] [ifactoryApplicationContext:271] [art-init            ] - Artifactory context starting up 42 Spring Beans...
2020-05-22T18:45:14.764Z [jfrt ] [INFO ] [f9710d051d865d4b] [c.CentralConfigServiceImpl:304] [art-init            ] - Loading bootstrap configuration (artifactory home dir is /opt/jfrog/artifactory).
2020-05-22T18:45:15.777Z [jfrt ] [INFO ] [f9710d051d865d4b] [c.CentralConfigServiceImpl:774] [art-init            ] - No Central configuration found in the database, using default configuration.
2020-05-22T18:45:16.167Z [jfrt ] [INFO ] [f9710d051d865d4b] [o.a.s.a.AccessServiceImpl:408 ] [art-init            ] - Initialized new service id: jfrt@01e8yv89r4pzvf1bczbr7t0mkz
2020-05-22T18:45:16.271Z [jfrt ] [INFO ] [f9710d051d865d4b] [oryAccessClientConfigStore:592] [art-init            ] - Using Access Server URL: http://localhost:8046/access source: System Config
2020-05-22T18:45:17.511Z [jfrt ] [INFO ] [f9710d051d865d4b] [.a.c.AccessClientBootstrap:169] [art-init            ] - Cluster join: Successfully joined the cluster
2020-05-22T18:45:17.519Z [jfrt ] [INFO ] [f9710d051d865d4b] [o.j.a.c.g.AccessGrpcClient:74 ] [art-init            ] - Connecting to grpc server on localhost:8046
2020-05-22T18:45:19.108Z [jfrt ] [INFO ] [f9710d051d865d4b] [o.a.s.a.AccessServiceImpl:352 ] [art-init            ] - Initialized access service successfully with client id 1552012412, closing old client id [null]
2020-05-22T18:45:19.109Z [jfrt ] [INFO ] [f9710d051d865d4b] [o.a.s.a.AccessServiceImpl:1247] [art-init            ] - Updating access configuration with password expiration data
2020-05-22T18:45:20.053Z [jfrt ] [WARN ] [f9710d051d865d4b] [o.a.s.a.AccessServiceImpl:1474] [art-init            ] - Your Artifactory server is configured with the default Admin Credentials. It is highly recommended to change the default admin password. You can change the password from the User Management Page.
2020-05-22T18:45:20.109Z [jfrt ] [INFO ] [f9710d051d865d4b] [o.a.i.InfoWriter:54           ] [art-init            ] - 

 SYSTEM INFORMATION DUMP
 =======================

 System Info
 ========================
   java.library.path                                                     | /usr/java/packages/lib:/usr/lib64:/lib64:/lib:/usr/lib
   java.class.path                                                       | /opt/jfrog/artifactory/app/artifactory/tomcat/bin/bootstrap.jar
                                                                         | /opt/jfrog/artifactory/app/artifactory/tomcat/bin/tomcat-juli.jar

 Java System Info
 ========================
   java.class.version                                                    | 55.0
   java.home                                                             | /opt/jfrog/artifactory/app/third-party/java
   java.io.tmpdir                                                        | /opt/jfrog/artifactory/var/work/artifactory/tomcat/temp
   java.runtime.name                                                     | OpenJDK Runtime Environment
   java.runtime.version                                                  | 11.0.6+10
   java.specification.name                                               | Java Platform API Specification
   java.specification.vendor                                             | Oracle Corporation
   java.specification.version                                            | 11
   java.vendor                                                           | AdoptOpenJDK
   java.vendor.url                                                       | https://adoptopenjdk.net/
   java.vendor.url.bug                                                   | https://github.com/AdoptOpenJDK/openjdk-support/issues
   java.version                                                          | 11.0.6
   java.vm.info                                                          | mixed mode
   java.vm.name                                                          | OpenJDK 64-Bit Server VM
   java.vm.specification.name                                            | Java Virtual Machine Specification
   java.vm.specification.vendor                                          | Oracle Corporation
   java.vm.specification.version                                         | 11
   java.vm.vendor                                                        | AdoptOpenJDK
   java.vm.version                                                       | 11.0.6+10
   sun.arch.data.model                                                   | 64
   sun.boot.library.path                                                 | /opt/jfrog/artifactory/app/third-party/java/lib
   sun.cpu.endian                                                        | little
   sun.cpu.isalist                                                       | 
   sun.io.unicode.encoding                                               | UnicodeLittle
   sun.java.launcher                                                     | SUN_STANDARD
   sun.jnu.encoding                                                      | ANSI_X3.4-1968
   sun.management.compiler                                               | HotSpot 64-Bit Tiered Compilers
   sun.os.patch.level                                                    | unknown
   JVM Input arguments                                                   | --add-opens=java.base/java.lang=ALL-UNNAMED
                                                                         | --add-opens=java.base/java.io=ALL-UNNAMED
                                                                         | --add-opens=java.rmi/sun.rmi.transport=ALL-UNNAMED
                                                                         | -Djava.util.logging.config.file=/opt/jfrog/artifactory/app/artifactory/tomcat/conf/logging.properties
                                                                         | -Djava.util.logging.manager=org.apache.juli.ClassLoaderLogManager
                                                                         | -Djdk.tls.ephemeralDHKeySize=****
                                                                         | -Djava.protocol.handler.pkgs=org.apache.catalina.webresources
                                                                         | -Dorg.apache.catalina.security.SecurityListener.UMASK=0027
                                                                         | -Xms512m
                                                                         | -Xmx2g
                                                                         | -Xss256k
                                                                         | -XX:+UseG1GC
                                                                         | -XX:OnOutOfMemoryError=kill -9 %p
                                                                         | --add-opens=java.base/java.util=ALL-UNNAMED
                                                                         | --add-opens=java.base/java.lang.reflect=ALL-UNNAMED
                                                                         | --add-opens=java.base/java.lang.invoke=ALL-UNNAMED
                                                                         | --add-opens=java.base/java.text=ALL-UNNAMED
                                                                         | --add-opens=java.base/java.nio=ALL-UNNAMED
                                                                         | --add-opens=java.desktop/java.awt.font=ALL-UNNAMED
                                                                         | -Dfile.encoding=UTF8
                                                                         | -Djruby.compile.invokedynamic=false
                                                                         | -Djruby.bytecode.version=1.8
                                                                         | -Dorg.apache.tomcat.util.buf.UDecoder.ALLOW_ENCODED_SLASH=true
                                                                         | -Djava.security.egd=file:/dev/./urandom
                                                                         | -Dartdist=docker
                                                                         | -Djf.product.home=/opt/jfrog/artifactory
                                                                         | -Djruby.bytecode.version=1.8
                                                                         | -Dartifactory.metadata.native.ui=true
                                                                         | -Dignore.endorsed.dirs=
                                                                         | -Dcatalina.base=/opt/jfrog/artifactory/app/artifactory/tomcat
                                                                         | -Dcatalina.home=/opt/jfrog/artifactory/app/artifactory/tomcat
                                                                         | -Djava.io.tmpdir=/opt/jfrog/artifactory/var/work/artifactory/tomcat/temp

 User Info
 ========================
   user.country                                                          | US
   user.dir                                                              | /var/opt/jfrog/artifactory
   user.home                                                             | /home/artifactory
   user.language                                                         | en
   user.name                                                             | artifactory
   user.timezone                                                         | GMT

 Host Info
 ========================
   Available Processors                                                  | 4
   Heap Memory Usage-Commited                                            | 536870912
   Heap Memory Usage-Init                                                | 536870912
   Heap Memory Usage-Max                                                 | 2147483648
   Heap Memory Usage-Used                                                | 181397504
   Non-Heap Memory Usage-Commited                                        | 238862336
   Non-Heap Memory Usage-Init                                            | 7667712
   Non-Heap Memory Usage-Max                                             | -1
   Non-Heap Memory Usage-Used                                            | 222989840
   os.arch                                                               | amd64
   os.name                                                               | Linux
   os.version                                                            | 5.3.0-51-generic

 Artifactory Info
 ========================
   artifactory.runMode.test                                              | false
   artifactory.runMode.qa                                                | false
   artifactory.runMode.dev                                               | false
   artifactory.runMode.devHa                                             | false
   artifactory.version                                                   | 7.4.3
   artifactory.revision                                                  | 70403900
   artifactory.buildNumber                                               | 4723
   artifactory.timestamp                                                 | 1587825453779
   artifactory.context.path                                              | /artifactory
   artifactory.override.context.path                                     | /artifactory
   artifactory.access.context.path                                       | /access
   artifactory.servlet.supportUrlSessionTracking                         | false
   artifactory.addons.disabled                                           | 
   artifactory.addons.info.url                                           | http://service.jfrog.org/artifactory/addons/info/%s
   artifactory.addons.info.url                                           | http://www.jfrog.com/confluence/display/RTF/%s
   artifactory.jcr.addons.info.url                                       | http://www.jfrog.com/confluence/display/JCR/%s
   artifactory.async.corePoolSize                                        | 16
   artifactory.async.poolTtlSecs                                         | 60
   artifactory.async.poolMaxQueueSize                                    | 10000
   artifactory.versioningQueryIntervalSecs                               | 7200
   artifactory.logs.viewRefreshRateSecs                                  | 10
   artifactory.locks.timeoutSecs                                         | 120
   artifactory.locks.debugTimeouts                                       | false
   artifactory.task.completionLockTimeoutRetries                         | 100
   artifactory.repo.concurrentDownloadSyncTimeoutSecs                    | 900
   artifactory.repo.downloadStatsEnabled                                 | true
   artifactory.repo.download.saveGetResource                             | false
   artifactory.repo.global.disabled                                      | true
   artifactory.fsitem.cache.idleTimeSecs                                 | 1200
   artifactory.docker.tokens.cache.idleTimeSecs                          | 240
   artifactory.artifactory.tokens.cache.idleTimeSecs                     | 600
   artifactory.cacheFS.sync.quietPeriodSecs                              | 900
   artifactory.search.maxResults                                         | 500
   artifactory.search.userQueryLimit                                     | 1000
   artifactory.search.max.list.size                                      | 600
   artifactory.search.userSqlQueryLimit                                  | 2000
   artifactory.search.limitAnonymousUsersOnly                            | true
   artifactory.search.content.maxFragments                               | 500
   artifactory.search.content.maxFragmentsSize                           | 5000
   artifactory.search.archive.minQueryLength                             | 3
   artifactory.search.pattern.timeoutSecs                                | 30
   artifactory.gc.useIndex                                               | false
   artifactory.gc.intervalSecs                                           | 86400
   artifactory.gc.delaySecs                                              | 7200
   artifactory.gc.sleepBetweenNodesMillis                                | 20
   artifactory.gc.scanStartSleepingThresholdMillis                       | 20000
   artifactory.gc.scanSleepBetweenIterationsMillis                       | 200
   artifactory.gc.fileScanSleepIterationMillis                           | 1000
   artifactory.gc.fileScanSleepMillis                                    | 250
   artifactory.gc.maxCacheEntries                                        | 10000
   artifactory.gc.readersMaxTimeSecs                                     | 10800
   artifactory.gc.failCount.threshold                                    | 3
   artifactory.gc.binaries.joinWithNodes                                 | true
   artifactory.gc.numberOfWorkersThreads                                 | 5
   artifactory.traffic.collectionActive                                  | false
   artifactory.security.authentication.cache.initSize                    | 100
   artifactory.security.authentication.cache.idleTimeSecs                | 300
   artifactory.security.ui.authentication.cache.idleTimeSecs             | 15
   artifactory.security.userLastAccessUpdatesResolutionSecs              | 5
   artifactory.security.master.key                                       | ************************
   artifactory.security.master.key.numOfFallbackKeys                     | *
   artifactory.security.disableRememberMe                                | false
   artifactory.security.rememberMe.lifetimeSecs                          | 1209600
   artifactory.security.ldap.forceGroupMemberAttFullDN                   | false
   artifactory.security.ldap.disable.group.search.attributes.limitation  | false
   artifactory.security.ldap.group.policy.cleanOnFail                    | true
   artifactory.security.ldap.group.search.filterThreshold                | 0
   artifactory.security.ldap.group.cacheRetentionSecs                    | 300
   artifactory.ldap.max.page.size                                        | 1000
   artifactory.ldap.paging.support                                       | true
   artifactory.enable.aql.read.committed                                 | false
   artifactory.mvn.central.hostPattern                                   | .maven.org
   artifactory.mvn.central.indexerMaxQueryIntervalSecs                   | 86400
   artifactory.mvn.metadata.plugin.calculation.workers                   | 2
   artifactory.mvn.metadata.calculation.workers                          | 8
   artifactory.mvn.dynamicMetadata.cacheRetentionSecs                    | 10
   artifactory.mvn.metadata.version3.enabled                             | true
   artifactory.mvn.custom.types                                          | tar.gz,tar.bz2
   artifactory.request.disableVersionTokens                              | false
   artifactory.request.searchLatestReleaseByDateCreated                  | false
   artifactory.npm.tag.tagLatestByPublish                                | false
   artifactory.build.maxFoldersToScanForDeletionWarnings                 | 2
   artifactory.build.checksum.cache.idleTimeSecs                         | 300
   artifactory.updates.refreshIntervalSecs                               | 14400
   artifactory.updates.url                                               | http://service.jfrog.org/artifactory/updates
   artifactory.artifactoryRequestsToGlobalCanRetrieveRemoteArtifacts     | false
   artifactory.ui.syntaxColoringMaxTextSizeBytes                         | 512000
   artifactory.plugin.scripts.refreshIntervalSecs                        | 0
   artifactory.plugin.aol.support                                        | false
   artifactory.aol.dedicated.server                                      | false
   artifactory.aol.displayAccountManagementLink                          | true
   artifactory.aol.security.http.sso.enable                              | false
   artifactory.aol.security.anon.access.enable                           | false
   artifactory.aol.indexer.enable                                        | false
   artifactory.ui.session.timeout.minutes                                | 30
   artifactory.file.roller.maxFileToRetain                               | 10
   artifactory.backup.fileExportSleepIterationMillis                     | 2000
   artifactory.backup.fileExportSleepMillis                              | 250
   artifactory.s3.existsCheckAfterAddingStream                           | true
   artifactory.binary.provider.artifacts.existence.cache.expirySecs      | 60
   artifactory.binary.provider.artifacts.existence.cache.size            | 20000
   artifactory.http.acceptEncoding.gzip                                  | true
   artifactory.http.useExpectContinue                                    | false
   artifactory.http.forceForbiddenResponse                               | false
   artifactory.http.connectionPool.timeToLive                            | 30
   artifactory.http.enableCookieManagement                               | false
   artifactory.filtering.resourceSizeKb                                  | 64
   artifactory.repo.remote.checkForExistingResourceOnRequest             | true
   artifactory.version.query.enabled                                     | true
   artifactory.response.disableContentDispositionFilename                | false
   artifactory.composer.metadata.extractor.workers                       | 20
   artifactory.composer.metadata.index.workers                           | 10
   artifactory.chef.metadata.index.workers                               | 10
   artifactory.yum.virtual.metadata.calculation.workers                  | 5
   artifactory.rpm.metadata.calculation.workers                          | 8
   artifactory.rpm.metadata.history.cycles.to.keep                       | 3
   artifactory.debian.metadata.queue                                     | 
   artifactory.debian.metadata.calculation.workers                       | 8
   artifactory.debian.metadata.auto.calculation.disabled                 | false
   artifactory.debian.coordinates.calculation.workers                    | 4
   artifactory.debian.virtual.metadata.calculation.workers               | 5
   artifactory.debian.remote.etag                                        | true
   artifactory.debian.metadata.validation                                | true
   artifactory.debian.metadata.calculateMd5InPackagesFiles               | false
   artifactory.debian.use.acquire.byhash                                 | true
   artifactory.debian.packages.byhash.history.cycles.to.Keep             | 3
   artifactory.archive.licenseFile.names                                 | license,LICENSE,license.txt,LICENSE.txt,LICENSE.TXT
   artifactory.ui.search.maxRowsPerPage                                  | 20
   artifactory.ui.search.artifacts.caseInsensitive                       | true
   artifactory.replication.checksumDeploy.minSizeKb                      | 10
   artifactory.replication.consumer.queueSize                            | 1
   artifactory.replication.local.iteration.sleepThresholdMillis          | 1000
   artifactory.replication.local.iteration.sleepMillis                   | 100
   artifactory.replication.event.queue.size                              | 50000
   artifactory.replication.properties.max.length                         | 100000
   artifactory.replication.statistics.max.length                         | 5000
   artifactory.replication.initContext.task.intervalSecs                 | 60
   artifactory.replication.initContext.task.initialDelaySecs             | 5
   artifactory.replication.push.fullTree.saveLocally                     | true
   artifactory.replication.push.fullTree.saveLocally.free.disk.threshold.bytes| 100000000
   artifactory.replication.push.caseDifference.support                   | false
   artifactory.request.explodedArchiveExtensions                         | zip,tar,tar.gz,tgz,7z,tar.bz2
   artifactory.bintray.jcenter.url                                       | http://jcenter.bintray.com
   artifactory.jcr.xray.demo.enabled                                     | false
   artifactory.bintray.url                                               | https://bintray.com
   artifactory.bintray.api.url                                           | https://api.bintray.com
   artifactory.bintray.token.expirySecs                                  | 3600
   artifactory.bintray.distributionRegex.timeoutMillis                   | 180000
   artifactory.bintray.ui.hideUploads                                    | false
   artifactory.bintray.ui.hideInfo                                       | false
   artifactory.bintray.ui.hideRemoteSearch                               | false
   artifactory.bintray.client.threadPool.size                            | 5
   artifactory.enable.ui.pages.in.Iframe                                 | false
   artifactory.bintray.client.requestTimeoutMS                           | 150000
   artifactory.bintray.client.distribution.requestTimeoutMS              | 30000
   artifactory.bintray.client.signRequestTimeoutMS                       | 45000
   artifactory.useUserNameAutoCompleteOnLogin                            | on
   artifactory.ui.hideEncryptedPassword                                  | *****
   artifactory.stats.flushIntervalSecs                                   | 30
   artifactory.stats.remote.flushIntervalSecs                            | 35
   artifactory.stats.flushTimeoutSecs                                    | 120
   artifactory.integrationCleanup.intervalSecs                           | 300
   artifactory.integrationCleanup.quietPeriodSecs                        | 60
   artifactory.folderPruning.intervalSecs                                | 300
   artifactory.folderPruning.quietPeriodSecs                             | 60
   artifactory.repo.virtualCacheCleanup.maxAgeHours                      | 168
   artifactory.repo.virtualCacheCleanup.pattern                          | *.pom
   artifactory.security.authentication.password.salt                     | ****************
   artifactory.db.idGenerator.fetch.amount                               | 2000
   artifactory.db.idGenerator.max.update.retries                         | 50
   artifactory.gems.localIndexTaskIntervalSecs                           | 30
   artifactory.gems.virtualIndexTaskIntervalSecs                         | 300
   artifactory.gems.remoteAllowCacheDependencies                         | true
   artifactory.gems.gemsIndexTaskQueueLimit                              | 20000
   artifactory.gems.gemsAfterRepoInitHack                                | true
   artifactory.gems.number.of.split.iterations                           | 1
   artifactory.jruby.runtime.localContextMode                            | CONCURRENT
   artifactory.security.authentication.crowd.group.startIndex            | 0
   artifactory.security.authentication.crowd.group.maxResults            | 9999
   artifactory.ui.hideChecksums                                          | true
   artifactory.archive.indexer.intervalSecs                              | 60
   artifactory.xray.indexer.intervalSecs                                 | 60
   artifactory.xray.client.token.authentication.support                  | true
   artifactory.xray.client.token.expiry.minutes                          | 1440
   artifactory.xray.client.block.cache.expiration.intervalSecs           | 300
   artifactory.xray.client.block.unscanned.cache.expiration.intervalSecs | 120
   artifactory.xray.event.job.read.limit                                 | 10000
   artifactory.xray.client.block.cache.size                              | 100000
   artifactory.xray.client.heartbeat.intervalSecs                        | 5
   artifactory.xray.client.repositories.policies.update.intervalSecs     | 20
   artifactory.xray.client.repositories.policies.update.quietPeriodSecs  | 5
   artifactory.xray.client.max.connections                               | 50
   artifactory.xray.client.connection.timeout.millis                     | 5000
   artifactory.xray.client.builds.socket.timeout.millis                  | 600000
   artifactory.xray.client.normal.socket.timeout.millis                  | 25000
   artifactory.xray.cleanup.job.quietPeriodSecs                          | 60
   artifactory.xray.cleanup.job.db.query.limit                           | 100
   artifactory.xray.cleanup.job.batch.size                               | 100
   artifactory.xray.cleanup.job.sleep.interval.millis                    | 0
   artifactory.xray.block.unscanned.recheck.intervalSecs                 | 20
   artifactory.nuget.inMemoryRemoteCaches                                | true
   artifactory.nuget.forceAuthentication                                 | false
   artifactory.nuget.allowRootGetWithAnon                                | false
   artifactory.nuget.disableSemVer2SearchFilterForLocalRepos             | false
   artifactory.nuget.ignoreIsLatestVersionFilter                         | true
   artifactory.nuget.xstream.reusage.for.remote.metadata.enabled         | true
   artifactory.ha.heartbeat.intervalSecs                                 | 5
   artifactory.ha.heartbeat.staleSecs                                    | 30
   artifactory.ha.heartbeat.stale.server.cleanup.periodMinutes           | 180
   artifactory.ha.propagation.http.socketTimeoutMs                       | 15000
   artifactory.ha.propagation.http.connectionTimeoutMs                   | 5000
   artifactory.ha.propagation.http.maxTotalConnections                   | 150
   artifactory.ha.propagation.CallTimeoutSecs                            | 30
   artifactory.binary.store.error.notification.intervalSecs              | 30
   artifactory.binary.store.error.notification.staleSecs                 | 30
   artifactory.ha.membersIntroduction.intervalSecs                       | 30
   artifactory.ha.membersIntroduction.staleSecs                          | 30
   artifactory.npm.remote.metadata.content.validation                    | true
   artifactory.npm.remote.metadata.json.accept.header                    | true
   artifactory.npm.alternative.download.enabled                          | false
   artifactory.npm.default.audit.provider                                | https://registry.npmjs.org
   artifactory.npm.minimal.xray.audit.support                            | 2.8.0
   artifactory.npm.virtual.cache.item.ttl.seconds                        | 600
   artifactory.npm.virtual.cache.cleanup.batch.size                      | 1000
   artifactory.npm.semver4j.enabled                                      | true
   artifactory.import.max.parallelRepos                                  | 3
   artifactory.debian.distribution.path                                  | dists
   artifactory.opkg.index.quietPeriodSecs                                | 60
   artifactory.opkg.index.cycleSecs                                      | 2
   artifactory.debian.default.architectures                              | i386,amd64
   artifactory.pypi.index.quietPeriodSecs                                | 60
   artifactory.pypi.index.sleepMilliSecs                                 | 60
   artifactory.pypi.index.preferMetadataOnRootDepth                      | true
   artifactory.docker.cleanup.maxAgeMillis                               | 86400000
   artifactory.docker.cleanup.uploadsTmpFolderJobMillis                  | 86400000
   artifactory.docker.cleanup.tmpFolder.maxSearchResult                  | 5000
   artifactory.docker.tags.cleanup.intervalSecs                          | 300
   artifactory.docker.tags.cleanup.quietPeriodSecs                       | 60
   artifactory.docker.manifest.marker.lock.timeoutMillis                 | 30000
   artifactory.http.range.support                                        | true
   artifactory.acl.dirty.read.timeout                                    | 20000
   artifactory.acl.version.cache.async.reload                            | false
   artifactory.acl.version.cache.async.waiting.time.millis               | 60000
   artifactory.acl.version.cache.async.waiting.on.error.time.millis      | 60000
   artifactory.acl.minimum.wait.refresh.data.seconds                     | 30
   artifactory.central.config.dirty.read.timeout.millis                  | 2000
   artifactory.central.config.latest.revisions.expire.after.access.seconds| 21600
   artifactory.central.config.latest.revisions.dictionary.size           | 20
   artifactory.central.config.save.number.of.retries                     | 5
   artifactory.central.config.save.backoff.max.delay                     | 8000
   artifactory.central.config.save.backoff.multiplier                    | 2
   artifactory.repositories.dirty.read.timeout.millis                    | 5000
   artifactory.repo.http.idleConnectionMonitorInterval                   | 10
   artifactory.repo.http.disableIdleConnectionMonitoring                 | false
   artifactory.support.core.bundle.contentCollectionAwaitTimeout         | 60
   artifactory.support.core.bundle.waitForSlotBeforeWithdraw             | 600
   artifactory.support.core.bundle.maxBundles                            | 5
   artifactory.support.bundle.retrieval.token.expiry.minutes             | 5
   artifactory.binary.provider.zones                                     | a,b,c
   artifactory.binary.provider.prune.chunk.size                          | 500
   artifactory.properties.search.chunk.size                              | 500
   artifactory.security.useFrontCacheForBlockedUsers                     | true
   artifactory.security.loginBlockDelay                                  | 500
   artifactory.security.maxLoginBlockDelay                               | 5000
   artifactory.security.max.incorrect.login.attempts                     | 2
   artifactory.security.max.users.toTrack                                | 10000
   artifactory.security.password.expiry.passwordExpireNotificationJobIntervalSecs| *****
   artifactory.security.password.expiry.passwordExpireJobIntervalSecs    | *****
   artifactory.security.password.expiry.daysToNotifyBefore               | *
   artifactory.http.client.max.total.connections                         | 50
   artifactory.http.client.max.connections.per.route                     | 50
   artifactory.http.client.max.docker.token.connections                  | 2
   artifactory.hazelcast.max.lock.lease.time.minutes                     | 30
   artifactory.repo.remote.blockedMismatchingMimeTypes                   | text/html,application/xhtml+xml
   artifactory.mvn.metadata.calculation.skip.delete.event                | false
   artifactory.repo.remote.browsing.content.length.limit.KB              | 1024
   artifactory.repo.remote.syncProperties.blacklistUrls                  | 
   artifactory.remote.repo.url.strict.policy                             | false
   artifactory.hazelcast.management                                      | false
   artifactory.hazelcast.map.max.backup.count                            | 1
   artifactory.sumologic.api.url                                         | https://auth.sumologic.com
   artifactory.move.copy.max.folder.cache.size                           | 1000000
   artifactory.move.copy.default.transaction.size                        | 1000
   artifactory.node.properties.replace.all                               | false
   artifactory.node.properties.log.performance                           | false
   artifactory.workQueue.execution.syncExecutionTimeoutMillis            | 120000
   artifactory.workQueue.dojob.enabled                                   | true
   artifactory.workQueue.dojob.intervalSecs                              | 5
   artifactory.workitem.max.lock.lease.time.minutes                      | 30
   artifactory.ha.messages.workers                                       | 10
   artifactory.security.communication.constant                           | ArtifactorySecurityCommunicationConstant
   artifactory.nuget.disablePermissionCheck                              | false
   artifactory.treebrowser.sortRepositories.sortByType                   | virtual,distribution,local,remote,cached
   artifactory.treebrowser.folder.compact                                | true
   artifactory.maven.metadata.publishModelVersion                        | true
   artifactory.access.token.expiresIn.default                            | 3600
   artifactory.access.token.non.admin.max.expires.in                     | 3600
   artifactory.access.client.token.verify.result.cache.size              | -1
   artifactory.access.client.token.verify.result.cache.expiry            | -1
   artifactory.access.client.waitForServer                               | 90
   artifactory.access.client.max.connections                             | 50
   artifactory.access.client.connection.timeout                          | -1
   artifactory.access.client.socket.timeout                              | -1
   artifactory.access.client.force.rest                                  | false
   artifactory.access.client.force.grpc                                  | false
   artifactory.access.client.startup.ping.retries                        | 90
   artifactory.access.grpc.client.keepalive.timeoutMillis                | 15000
   artifactory.access.grpc.client.resubscribe.delayMillis                | 5000
   artifactory.metadata.client.max.connections                           | 50
   artifactory.metadata.client.connection.timeout                        | 10000
   artifactory.metadata.client.socket.timeout                            | 300000
   artifactory.metadata.client.serverUrl.override                        | http://localhost:8086
   artifactory.metadata.event.operator.threads                           | 5
   artifactory.metadata.event.operator.dispatcher.interval.secs          | 60
   artifactory.metadata.event.unstable.margin.secs                       | 60
   artifactory.metadata.native.ui                                        | true
   artifactory.metadata.server.events.persistence                        | distributed
   artifactory.security.active.principal.token.ttl                       | 600
   artifactory.security.active.principal.token.ttl                       | 10000
   artifactory.puppet.metadata.calculation.workers                       | 5
   artifactory.puppet.repo.metadata.calculation.workers                  | 5
   artifactory.puppet.reindex.period                                     | 1800
   artifactory.puppet.additional.modulegroup                             | 
   artifactory.puppet.additional.endorsement                             | 
   artifactory.onboarding.skipWizard                                     | false
   artifactory.configuration.manager.retry.amount                        | 3
   artifactory.aggregation.time.window.secs                              | 60
   artifactory.most.downloaded.cache.idleTimeSecs                        | 900
   artifactory.replication.eventBased.connection.maxDelay                | 1800000
   artifactory.replications.eventbased.workers                           | 8
   artifactory.replication.eventbased.maxQueueItems                      | 500
   artifactory.replication.eventbased.maxPullReplicationsPerRepo         | 30
   artifactory.build.retention.workers                                   | 10
   artifactory.build.retention.always.async                              | false
   artifactory.build.info.migration.job.enabled                          | true
   artifactory.build.info.migration.job.queue.workers                    | 2
   artifactory.build.info.migration.fix.properties                       | false
   artifactory.build.ui.skip.delete.permission.check                     | false
   artifactory.locking.provider.type                                     | db
   artifactory.db.lock.cleanup.job.interval                              | 10
   artifactory.db.lock.cleanup.job.stale.interval                        | 10
   artifactory.db.mssql.property.value.max.size                          | 900
   artifactory.db.postgres.property.value.max.size                       | 2400
   artifactory.migration.job.waitForCluster.sleepIntervalMillis          | 300000
   artifactory.migration.job.dbQueryLimit                                | 100
   artifactory.migration.job.batchSize                                   | 10
   artifactory.migration.job.sleepIntervalMillis                         | 5000
   artifactory.sha2.migration.job.queue.workers                          | 2
   artifactory.sha2.migration.job.enabled                                | false
   artifactory.pathChecksum.migration.job.enabled                        | false
   artifactory.pathChecksum.migration.job.queue.workers                  | 2
   artifactory.upload.failOnChecksumValidationError                      | false
   artifactory.remote.download.inVain.consume.limit.inMegaBytes          | 1
   artifactory.service.name                                              | https://localhost:8080/artifactory/webapp/
   artifactory.helm.metadata.calculation.workers                         | 5
   artifactory.helm.virtual.metadata.calculation.workers                 | 5
   artifactory.cran.metadata.calculation.workers                         | 5
   artifactory.conan.metadata.calculation.workers                        | 5
   artifactory.conan.index.timestamp.override.threshold.millis           | 60000
   artifactory.conan.v2.migration.job.enabled                            | true
   artifactory.conan.v2.migration.job.queue.workers                      | 2
   artifactory.sql.converter.allowExternalConversionScripts              | false
   artifactory.bootstrap.logger.debug                                    | false
   artifactory.enable.context.aware.logger                               | false
   artifactory.send.overwrites.to.trashcan                               | true
   artifactory.trashcan.max.search.results                               | 100
   artifactory.enable.replicator.use                                     | true
   artifactory.start.local.replicator                                    | false
   artifactory.min.replicator.use.filesize.in.bytes                      | 8000000
   artifactory.block.on.conversion.cache.timeout.in.millis               | 0
   artifactory.node.events.enabled                                       | true
   artifactory.node.events.metrics.enabled                               | true
   artifactory.node.events.max.time                                      | 31536000000
   artifactory.jobs.table.ttl.millis                                     | 604800000
   artifactory.jobs.table.fetch.limit                                    | 10000
   artifactory.replication.full.useEventLog                              | false
   artifactory.replication.full.eventlog.commit.durationMillis           | 5000
   artifactory.replication.full.eventlog.forceSuccessfulFullTree         | false
   artifactory.replication.primaryOnly                                   | true
   artifactory.replication.errorQueue.maxErrors                          | 100
   artifactory.replication.errorQueue.enabled                            | false
   artifactory.replication.errorQueue.retryCount                         | 10
   artifactory.releasebundle.cleanup.intervalSecs                        | 3600
   artifactory.releasebundle.distribute.streaming.intervalSecs           | 15
   artifactory.local.port.for.replicator                                 | 8081
   artifactory.package.native.ui.results                                 | 1000
   artifactory.package.native.ui.include.total.downloads                 | true
   artifactory.package.native.ui.search.by.path                          | false
   artifactory.http.sso.create.session.ui.request.only                   | true
   artifactory.s3.autoBucketCreation.skip                                | false
   artifactory.global.message.cache.ageSecs                              | 10
   artifactory.apply.local.repos.permissions.on.remote.repos             | true
   artifactory.apply.remote.repos.permissions.on.local.repos             | true
   artifactory.ui.continue.paging.limit                                  | 500
   artifactory.conda.metadata.calculation.workers                        | 5
   artifactory.npm.metadata.calculation.workers                          | 10
   artifactory.npm.reindex.metadata.calculation.workers                  | 10
   artifactory.go.github.useRaw                                          | false
   artifactory.go.pathFallback.allow                                     | false
   artifactory.go.sumdb.enabled                                          | true
   artifactory.go.skip.github.get.import.path.request                    | true
   artifactory.native.ui.search.max.time.millis                          | 60000
   artifactory.access.admin.default.password.check.period.millis         | *****
   artifactory.signed.url.cdn.validForSecs                               | 30
   artifactory.signed.url.validForSecs                                   | 86400
   artifactory.signed.url.ui.download.valid.for.secs                     | 300
   artifactory.should.include.native.prop.keys                           | ****
   artifactory.replication.skip.check.localgenerated                     | false
   artifactory.docker.virtual.manifest.syncer.use.heuristic              | false
   artifactory.docker.catalogs.tags.fallback.fetch.remote.cache          | false
   artifactory.sql.server.query.builder.force.add.offset.to.query        | false
   artifactory.support.bundles.retention.count                           | 15
   artifactory.max.artifacts.permission.test.on.checksum.deploy          | 10
   artifactory.ignore.checksum.deploy.permission.check                   | false
   artifactory.list.of.repos.allowed.send.redirect.url                   | 
   artifactory.cloud.binary.provider.redirect.threshold.in.bytes         | 204800
   artifactory.is.add.user.name.to.sign.url.for.redirect                 | false
   artifactory.list.of.repos.hosts.need.to.avoid.url.normalisation       | mcr.microsoft.com
   artifactory.cipher.black.list                                         | arcfour256
   artifactory.max.release.bundle.size.to.display                        | 3000
   artifactory.events.log.cleanup.task.period.hours                      | 13
   artifactory.events.log.cleanup.age.of.entries.to.discard.days         | 60
   artifactory.replication.events.fetch.batch.limit                      | 1000
   artifactory.events.log.cleanup.interval.hours                         | 4
   artifactory.events.log.cleanup.iteration.sleep.time.millis            | 10
   artifactory.shutdown.on.invalid.db.scheme                             | false
   artifactory.allow.insecure.templates                                  | false
   artifactory.docker.blobs.caches.enabled                               | true
   artifactory.docker.blobs.cache.stat.print.interval.millis             | 300000
   artifactory.security.authentication.skip.artifactory.redirect         | false
   artifactory.system.import.enabled                                     | true
   artifactory.repository.import.enabled                                 | true
   artifactory.allow.export.import.insecure.paths                        | false
   artifactory.default.pipelines.repo.key                                | **************

2020-05-22T18:45:20.681Z [jfrt ] [INFO ] [f9710d051d865d4b] [o.a.s.SecurityServiceImpl:2938] [art-init            ] - Creating the default anonymous user, since it does not exist!
2020-05-22T18:45:21.443Z [jfrt ] [INFO ] [f9710d051d865d4b] [tegrationCleanupServiceImpl:75] [art-init            ] - Using generated cron 0 16 3 ? * * for jobs table cleanup
2020-05-22T18:45:22.128Z [jfrt ] [INFO ] [f9710d051d865d4b] [.w.ConfigurationManagerImpl:94] [art-init            ] - Starting file sync
2020-05-22T18:45:22.162Z [jfrt ] [INFO ] [f9710d051d865d4b] [o.j.c.w.ConfigWrapperImpl:504 ] [art-init            ] - [Node ID: ecba941ecde0]  detected local  modify for config 'artifactory.system.properties'
2020-05-22T18:45:22.169Z [jfrt ] [INFO ] [f9710d051d865d4b] [o.j.c.w.ConfigWrapperImpl:504 ] [art-init            ] - [Node ID: ecba941ecde0]  detected local  modify for config 'artifactory.mimeType'
2020-05-22T18:45:22.177Z [jfrt ] [INFO ] [f9710d051d865d4b] [o.j.c.w.ConfigWrapperImpl:504 ] [art-init            ] - [Node ID: ecba941ecde0]  detected local  modify for config 'artifactory.binarystore.xml'
2020-05-22T18:45:22.214Z [jfrt ] [INFO ] [f9710d051d865d4b] [o.j.c.w.ConfigWrapperImpl:504 ] [art-init            ] - [Node ID: ecba941ecde0]  detected local  modify for config 'artifactory.security.access/access.admin.token'
2020-05-22T18:45:22.292Z [jfrt ] [INFO ] [f9710d051d865d4b] [ifactoryApplicationContext:523] [art-init            ] - Artifactory application context set to READY by refresh
2020-05-22T18:45:22.306Z [jfrt ] [INFO ] [f9710d051d865d4b] [ctoryEncryptionServiceImpl:111] [art-init            ] - Starting encryption for first Artifactory startup
2020-05-22T18:45:22.307Z [jfrt ] [INFO ] [f9710d051d865d4b] [j.s.f.SecurityFolderHelper:152] [art-init            ] - Creating artifactory encryption key at /opt/jfrog/artifactory/var/etc/artifactory/security/artifactory.tmp.key
2020-05-22T18:45:22.327Z [jfrt ] [INFO ] [f9710d051d865d4b] [o.j.c.w.ConfigWrapperImpl:504 ] [art-init            ] - [Node ID: ecba941ecde0]  detected local  create for config 'artifactory.security.artifactory.key'
2020-05-22T18:45:22.329Z [jfrt ] [INFO ] [                ] [o.j.c.w.ConfigWrapperImpl:504 ] [Thread-5            ] - [Node ID: ecba941ecde0]  detected local  create for config 'artifactory.security.artifactory.key'
2020-05-22T18:45:22.458Z [jfrt ] [INFO ] [f9710d051d865d4b] [o.a.s.a.AccessServiceImpl:1550] [art-init            ] - Successful register of Artifactory serviceId jfrt@01e8yv89r4pzvf1bczbr7t0mkz in Access Federation
2020-05-22T18:45:22.480Z [jfrt ] [INFO ] [f9710d051d865d4b] [.s.MetadataMigrationHelper:191] [art-init            ] - No repositories found that correspond to the supported Metadata Migration types. Supported types are [Npm, Chef, Bower, Debian, Maven, Conda, Gradle, Helm, Composer, YUM, CRAN, Go, Opkg, Puppet, Vagrant, Docker, Pypi, Ivy, SBT, CocoaPods, NuGet, Gems, Conan]
2020-05-22T18:45:22.499Z [jfrt ] [INFO ] [f9710d051d865d4b] [.s.MetadataMigrationHelper:200] [art-init            ] - Inserting completed migration status for 'metadata-service-migration'
2020-05-22T18:45:22.500Z [jfrt ] [INFO ] [bbd90a94b7b2ce0a] [adsFolderCleanupServiceImpl:51] [art-exec-3          ] - Starting docker temp folder cleanup
2020-05-22T18:45:22.503Z [jfrt ] [INFO ] [bbd90a94b7b2ce0a] [adsFolderCleanupServiceImpl:53] [art-exec-3          ] - Docker temp folder cleanup finished, time took: 2 millis
2020-05-22T18:45:22.502Z [jfrt ] [INFO ] [f9710d051d865d4b] [ionStatusStorageServiceImpl:70] [art-init            ] - About to insert new migration status record 'MigrationStatus(identifier=metadata-service-migration, started=1590173122500, finished=1590173122500, migrationInfoBlob=MetadataMigrationInfoBlob(migrationTargetNodeId=0, currentEventLogTimestamp=0, reposToMigrate=null))'
2020-05-22T18:45:22.588Z [jfrt ] [INFO ] [f9710d051d865d4b] [.w.NodeEventTaskManagerImpl:43] [art-init            ] - Event management started on behalf of Event Operator with ID 'metadata-operator-events'
2020-05-22T18:45:22.608Z [jfrt ] [INFO ] [f9710d051d865d4b] [o.a.s.s.StorageServiceImpl:425] [art-init            ] - Scheduling CalculateReposStorageSummaryJob to run at '0 33 * ? * *'
2020-05-22T18:45:22.637Z [jfrt ] [INFO ] [f9710d051d865d4b] [ctoryContextConfigListener:250] [art-init            ] - Artifactory (jfrt) service initialization completed in 35.391 seconds. Listening on port: 8081
2020-05-22T18:45:52.307Z [jfrt ] [INFO ] [ba22c431af864e05] [a.e.EventsLogCleanUpService:53] [art-exec-5          ] - Starting cleanup of old events from event log
2020-05-22T18:45:52.328Z [jfrt ] [INFO ] [ba22c431af864e05] [a.e.EventsLogCleanUpService:74] [art-exec-5          ] - Cleanup of old events from event log finished
2020-05-22T18:49:44.493Z [jfrt ] [INFO ] [1b23372fbba5b0ce] [o.a.s.SecurityServiceImpl:1322] [http-nio-8081-exec-4] - Password for user 'admin' has been successfully changed
2020-05-22T18:49:55.623Z [jfrt ] [INFO ] [642ace765364a1c3] [eateRepositoryConfigService:98] [http-nio-8081-exec-8] - Creating repository libs-snapshot-local
2020-05-22T18:49:55.633Z [jfrt ] [INFO ] [642ace765364a1c3] [eateRepositoryConfigService:98] [http-nio-8081-exec-8] - Creating repository libs-release-local
2020-05-22T18:49:55.637Z [jfrt ] [INFO ] [642ace765364a1c3] [eateRepositoryConfigService:98] [http-nio-8081-exec-8] - Creating repository jcenter
2020-05-22T18:49:55.644Z [jfrt ] [INFO ] [642ace765364a1c3] [eateRepositoryConfigService:98] [http-nio-8081-exec-8] - Creating repository libs-snapshot
2020-05-22T18:49:55.650Z [jfrt ] [INFO ] [642ace765364a1c3] [eateRepositoryConfigService:98] [http-nio-8081-exec-8] - Creating repository libs-release
2020-05-22T18:49:55.665Z [jfrt ] [INFO ] [642ace765364a1c3] [c.CentralConfigServiceImpl:639] [http-nio-8081-exec-8] - Reloading configuration... old revision 0, new revision 1
2020-05-22T18:49:55.774Z [jfrt ] [INFO ] [642ace765364a1c3] [c.CentralConfigServiceImpl:382] [http-nio-8081-exec-8] - Force updating new descriptor (old descriptor doesn't support diff). Old descriptor revision 0
2020-05-22T18:49:55.801Z [jfrt ] [INFO ] [642ace765364a1c3] [c.CentralConfigServiceImpl:404] [http-nio-8081-exec-8] - New configuration with revision 1 saved.
2020-05-22T18:49:55.802Z [jfrt ] [INFO ] [642ace765364a1c3] [ifactoryApplicationContext:523] [http-nio-8081-exec-8] - Artifactory application context set to NOT READY by reload
2020-05-22T18:49:55.966Z [jfrt ] [INFO ] [642ace765364a1c3] [s.MetadataEventServiceImpl:206] [http-nio-8081-exec-8] - Received delete instruction on root for repository 'example-repo-local'. Deleting paths from Metadata Server
2020-05-22T18:49:56.088Z [jfrt ] [INFO ] [642ace765364a1c3] [ifactoryApplicationContext:523] [http-nio-8081-exec-8] - Artifactory application context set to READY by reload
2020-05-22T18:49:56.089Z [jfrt ] [INFO ] [642ace765364a1c3] [c.CentralConfigServiceImpl:657] [http-nio-8081-exec-8] - Configuration reloaded.
2020-05-22T18:49:56.105Z [jfrt ] [INFO ] [642ace765364a1c3] [o.a.r.o.YamlConfigCreator:73  ] [http-nio-8081-exec-8] - Saving bootstrap settings to artifactory.config.20200522.184956.yml
2020-05-25T15:30:17.989Z [jfrt ] [INFO ] [a6dfa8ab677b404d] [tegrationCleanupServiceImpl:44] [art-exec-14         ] - cleaning jobs table
2020-05-25T15:30:17.990Z [jfrt ] [INFO ] [89f56f5c7af10a36] [ualCacheCleanupServiceImpl:116] [art-exec-13         ] - Starting cleanup of virtual repositories cache
2020-05-25T15:30:18.031Z [jfrt ] [INFO ] [a6dfa8ab677b404d] [tegrationCleanupServiceImpl:48] [art-exec-14         ] - cleaned up 0 old job records
2020-05-25T15:30:18.046Z [jfrt ] [INFO ] [f345d1fe9f9fb2f2] [ifactoryApplicationContext:666] [art-exec-17         ] - Beginning full system export...
2020-05-25T15:30:18.046Z [jfrt ] [INFO ] [f345d1fe9f9fb2f2] [ifactoryApplicationContext:693] [art-exec-17         ] - Creating temp export directory: /opt/jfrog/artifactory/var/backup/artifactory/backup-daily/current
2020-05-25T15:30:18.048Z [jfrt ] [INFO ] [f345d1fe9f9fb2f2] [ifactoryApplicationContext:700] [art-exec-17         ] - Using backup directory: '/opt/jfrog/artifactory/var/backup/artifactory/backup-daily/current'.
2020-05-25T15:30:18.048Z [jfrt ] [INFO ] [f345d1fe9f9fb2f2] [c.CentralConfigServiceImpl:598] [art-exec-17         ] - Exporting config...
2020-05-25T15:30:18.108Z [jfrt ] [INFO ] [89f56f5c7af10a36] [ualCacheCleanupServiceImpl:124] [art-exec-13         ] - Completed virtual repositories cleanup: removed 0 cached files.
2020-05-25T15:30:18.145Z [jfrt ] [INFO ] [f345d1fe9f9fb2f2] [o.a.s.a.AccessServiceImpl:1315] [art-exec-17         ] - Exporting serviceId to file
2020-05-25T15:30:18.146Z [jfrt ] [INFO ] [f345d1fe9f9fb2f2] [o.a.s.a.AccessServiceImpl:1297] [art-exec-17         ] - Triggering export in access server...
2020-05-25T15:30:18.307Z [jfrt ] [INFO ] [1649e7de2024eb3b] [o.a.r.s.t.p.TrashcanPruner:113] [art-exec-11         ] - Trashcan pruning total execution time: '329 millis'
2020-05-25T15:30:18.327Z [jfrt ] [INFO ] [1649e7de2024eb3b] [.s.b.s.GarbageCollectorInfo:82] [art-exec-11         ] - Storage garbage collector report:
Number of binaries:      0
Total execution time:    9 millis
Candidates for deletion: 0
Checksums deleted:       0
Binaries deleted:        0
Total size freed:        0 bytes
Current total size:      0 bytes
2020-05-25T15:30:18.376Z [jfrt ] [INFO ] [f345d1fe9f9fb2f2] [ifactoryApplicationContext:894] [art-exec-17         ] - Note: the etc exported folder has excessive permissions. Be careful with the files.
2020-05-25T15:30:18.383Z [jfrt ] [INFO ] [f345d1fe9f9fb2f2] [a.s.u.SignedUrlServiceImpl:285] [art-exec-17         ] - Exporting URL signing key...
2020-05-25T15:30:18.386Z [jfrt ] [INFO ] [f345d1fe9f9fb2f2] [.r.s.RepositoryServiceImpl:887] [art-exec-17         ] - Exporting repositories...
2020-05-25T15:30:18.404Z [jfrt ] [INFO ] [f345d1fe9f9fb2f2] [a.r.d.i.DbRepoExportHandler:75] [art-exec-17         ] - artifactory-build-info export started with 1 nodes to: '/opt/jfrog/artifactory/var/backup/artifactory/backup-daily/current/repositories/artifactory-build-info'
2020-05-25T15:30:18.534Z [jfrt ] [INFO ] [f345d1fe9f9fb2f2] [a.r.d.i.DbRepoExportHandler:85] [art-exec-17         ] - artifactory-build-info export finished with: 1 Items exported (0 files and 1 folders), 0 Item skipped: (0 files and 0 folders).Duration: 133.68 millis IPS: 7.48 Target: '/opt/jfrog/artifactory/var/backup/artifactory/backup-daily/current/repositories/artifactory-build-info'
2020-05-25T15:30:18.534Z [jfrt ] [INFO ] [f345d1fe9f9fb2f2] [a.r.d.i.DbRepoExportHandler:75] [art-exec-17         ] - libs-release-local export started with 1 nodes to: '/opt/jfrog/artifactory/var/backup/artifactory/backup-daily/current/repositories/libs-release-local'
2020-05-25T15:30:18.537Z [jfrt ] [INFO ] [f345d1fe9f9fb2f2] [a.r.d.i.DbRepoExportHandler:85] [art-exec-17         ] - libs-release-local export finished with: 1 Items exported (0 files and 1 folders), 0 Item skipped: (0 files and 0 folders).Duration: 3.01 millis IPS: 332.22 Target: '/opt/jfrog/artifactory/var/backup/artifactory/backup-daily/current/repositories/libs-release-local'
2020-05-25T15:30:18.538Z [jfrt ] [INFO ] [f345d1fe9f9fb2f2] [a.r.d.i.DbRepoExportHandler:75] [art-exec-17         ] - libs-snapshot-local export started with 1 nodes to: '/opt/jfrog/artifactory/var/backup/artifactory/backup-daily/current/repositories/libs-snapshot-local'
2020-05-25T15:30:18.542Z [jfrt ] [INFO ] [f345d1fe9f9fb2f2] [a.r.d.i.DbRepoExportHandler:85] [art-exec-17         ] - libs-snapshot-local export finished with: 1 Items exported (0 files and 1 folders), 0 Item skipped: (0 files and 0 folders).Duration: 4.29 millis IPS: 233.07 Target: '/opt/jfrog/artifactory/var/backup/artifactory/backup-daily/current/repositories/libs-snapshot-local'
2020-05-25T15:30:18.543Z [jfrt ] [INFO ] [f345d1fe9f9fb2f2] [a.r.d.i.DbRepoExportHandler:75] [art-exec-17         ] - jcenter-cache export started with 1 nodes to: '/opt/jfrog/artifactory/var/backup/artifactory/backup-daily/current/repositories/jcenter-cache'
2020-05-25T15:30:18.545Z [jfrt ] [INFO ] [f345d1fe9f9fb2f2] [a.r.d.i.DbRepoExportHandler:85] [art-exec-17         ] - jcenter-cache export finished with: 1 Items exported (0 files and 1 folders), 0 Item skipped: (0 files and 0 folders).Duration: 2.82 millis IPS: 354.91 Target: '/opt/jfrog/artifactory/var/backup/artifactory/backup-daily/current/repositories/jcenter-cache'
2020-05-25T15:30:18.553Z [jfrt ] [INFO ] [f345d1fe9f9fb2f2] [ifactoryApplicationContext:796] [art-exec-17         ] - Full system export completed successfully.
2020-05-25T15:30:38.168Z [jfrt ] [ERROR] [767ccdbab7b97d88] [o.a.m.s.CallHomeService:118   ] [art-exec-16         ] - Failed calling home: api.bintray.com: Temporary failure in name resolution
java.net.UnknownHostException: api.bintray.com: Temporary failure in name resolution
	at java.base/java.net.Inet4AddressImpl.lookupAllHostAddr(Native Method)
	at java.base/java.net.InetAddress$PlatformNameService.lookupAllHostAddr(InetAddress.java:929)
	at java.base/java.net.InetAddress.getAddressesFromNameService(InetAddress.java:1515)
	at java.base/java.net.InetAddress$NameServiceAddresses.get(InetAddress.java:848)
	at java.base/java.net.InetAddress.getAllByName0(InetAddress.java:1505)
	at java.base/java.net.InetAddress.getAllByName(InetAddress.java:1364)
	at java.base/java.net.InetAddress.getAllByName(InetAddress.java:1298)
	at org.apache.http.impl.conn.SystemDefaultDnsResolver.resolve(SystemDefaultDnsResolver.java:45)
	at org.apache.http.impl.conn.DefaultHttpClientConnectionOperator.connect(DefaultHttpClientConnectionOperator.java:112)
	at org.apache.http.impl.conn.PoolingHttpClientConnectionManager.connect(PoolingHttpClientConnectionManager.java:374)
	at org.apache.http.impl.execchain.MainClientExec.establishRoute(MainClientExec.java:393)
	at org.apache.http.impl.execchain.MainClientExec.execute(MainClientExec.java:236)
	at org.apache.http.impl.execchain.ProtocolExec.execute(ProtocolExec.java:186)
	at org.apache.http.impl.execchain.RedirectExec.execute(RedirectExec.java:110)
	at org.apache.http.impl.client.InternalHttpClient.doExecute(InternalHttpClient.java:185)
	at org.apache.http.impl.client.CloseableHttpClient.execute(CloseableHttpClient.java:72)
	at org.jfrog.client.http.CloseableHttpClientDecorator.doExecute(CloseableHttpClientDecorator.java:107)
	at org.apache.http.impl.client.CloseableHttpClient.execute(CloseableHttpClient.java:83)
	at org.apache.http.impl.client.CloseableHttpClient.execute(CloseableHttpClient.java:108)
	at org.artifactory.metrics.services.CallHomeService.callHome(CallHomeService.java:113)
	at org.artifactory.metrics.services.CallHomeService$$FastClassBySpringCGLIB$$1d14b447.invoke(<generated>)
	at org.springframework.cglib.proxy.MethodProxy.invoke(MethodProxy.java:218)
	at org.springframework.aop.framework.CglibAopProxy$CglibMethodInvocation.invokeJoinpoint(CglibAopProxy.java:750)
	at org.springframework.aop.framework.ReflectiveMethodInvocation.proceed(ReflectiveMethodInvocation.java:163)
	at org.artifactory.schedule.aop.TraceableMethodInvocation.proceed(TraceableMethodInvocation.java:72)
	at org.artifactory.schedule.aop.AsyncAdvice.doInvoke(AsyncAdvice.java:333)
	at org.artifactory.schedule.aop.AsyncAdvice.lambda$submit$2(AsyncAdvice.java:285)
	at java.base/java.util.concurrent.FutureTask.run(FutureTask.java:264)
	at org.artifactory.opentracing.TraceableRunnableDecorator.run(TraceableRunnableDecorator.java:30)
	at org.artifactory.concurrent.ArtifactoryRunnable.run(ArtifactoryRunnable.java:53)
	at java.base/java.util.concurrent.ThreadPoolExecutor.runWorker(ThreadPoolExecutor.java:1128)
	at java.base/java.util.concurrent.ThreadPoolExecutor$Worker.run(ThreadPoolExecutor.java:628)
	at java.base/java.lang.Thread.run(Thread.java:834)
2020-05-25T16:00:00.012Z [jfrt ] [INFO ] [568806860fdce0c2] [o.a.r.s.t.p.TrashcanPruner:113] [art-exec-1          ] - Trashcan pruning total execution time: '1 millis'
2020-05-25T16:00:00.028Z [jfrt ] [INFO ] [568806860fdce0c2] [.s.b.s.GarbageCollectorInfo:82] [art-exec-1          ] - Storage garbage collector report:
Number of binaries:      0
Total execution time:    0 nanos
Candidates for deletion: 0
Checksums deleted:       0
Binaries deleted:        0
Total size freed:        0 bytes
Current total size:      0 bytes
