2020-05-22T18:45:32.315Z [1cb4eb96b3ea712 ] [ACCEPTED LOGIN]   for client : jffe@000 / 127.0.0.1.
2020-05-22T18:46:02.493Z [429e2c8864bfd147] [ACCEPTED LOGIN]   for client : anonymous / 172.18.0.1.
2020-05-22T18:46:02.756Z [429e2c8864bfd147] [ACCEPTED LOGIN]   for client : anonymous / 172.18.0.1.
2020-05-22T18:46:02.915Z [4337a2f4b4b7007e] [ACCEPTED LOGIN]   for client : anonymous / 172.18.0.1.
2020-05-22T18:46:03.587Z [60c43135f7a78f70] [ACCEPTED LOGIN]   for client : anonymous / 172.18.0.1.
2020-05-22T18:46:04.823Z [4e68f3ed98807110] [ACCEPTED LOGIN]   for client : jffe@000 / 127.0.0.1.
2020-05-22T18:46:04.857Z [5f4a8d9a993e921c] [ACCEPTED LOGIN]   for client : jffe@000 / 127.0.0.1.
2020-05-22T18:46:04.864Z [36068f13637b34ba] [ACCEPTED LOGIN]   for client : jffe@000 / 127.0.0.1.
2020-05-22T18:46:04.873Z [232b954dcd84523f] [ACCEPTED LOGIN]   for client : jffe@000 / 127.0.0.1.
2020-05-22T18:46:06.115Z [2cdb1b5efd4d9722] [ACCEPTED LOGIN]   for client : anonymous / 172.18.0.1.
2020-05-22T18:46:34.719Z [299c450f7a306a35] [ACCEPTED LOGIN]   for client : jffe@000 / 127.0.0.1.
2020-05-22T18:46:34.719Z [2e36283593e7dc71] [ACCEPTED LOGIN]   for client : jffe@000 / 127.0.0.1.
2020-05-22T18:46:34.731Z [4ae51b0e8538488b] [ACCEPTED LOGIN]   for client : jffe@000 / 127.0.0.1.
2020-05-22T18:46:34.745Z [5e2f68c8fa628ba6] [ACCEPTED LOGIN]   for client : jffe@000 / 127.0.0.1.
2020-05-22T18:47:04.728Z [6e84e5ec8afbdfc4] [ACCEPTED LOGIN]   for client : jffe@000 / 127.0.0.1.
2020-05-22T18:47:04.737Z [3246e1a55b9ec7f3] [ACCEPTED LOGIN]   for client : jffe@000 / 127.0.0.1.
2020-05-22T18:47:04.744Z [65d227e83ca15a72] [ACCEPTED LOGIN]   for client : jffe@000 / 127.0.0.1.
2020-05-22T18:47:04.747Z [be7376ece57d4cb ] [ACCEPTED LOGIN]   for client : jffe@000 / 127.0.0.1.
2020-05-22T18:47:34.728Z [2ae225d80e48d951] [ACCEPTED LOGIN]   for client : jffe@000 / 127.0.0.1.
2020-05-22T18:47:34.738Z [8c581a4171b1eca ] [ACCEPTED LOGIN]   for client : jffe@000 / 127.0.0.1.
2020-05-22T18:47:34.747Z [131c5d3c72997592] [ACCEPTED LOGIN]   for client : jffe@000 / 127.0.0.1.
2020-05-22T18:47:34.748Z [37c218960453b607] [ACCEPTED LOGIN]   for client : jffe@000 / 127.0.0.1.
2020-05-22T18:48:04.740Z [11378fa35da19da ] [ACCEPTED LOGIN]   for client : jffe@000 / 127.0.0.1.
2020-05-22T18:48:04.740Z [6def111240a62a30] [ACCEPTED LOGIN]   for client : jffe@000 / 127.0.0.1.
2020-05-22T18:48:04.746Z [4d19a7e2d8ec3e53] [ACCEPTED LOGIN]   for client : jffe@000 / 127.0.0.1.
2020-05-22T18:48:04.754Z [7d8eda8a0780e8c4] [ACCEPTED LOGIN]   for client : jffe@000 / 127.0.0.1.
2020-05-22T18:48:34.758Z [7f8662a4158d599c] [ACCEPTED LOGIN]   for client : jffe@000 / 127.0.0.1.
2020-05-22T18:48:34.781Z [278164c80e035f2 ] [ACCEPTED LOGIN]   for client : jffe@000 / 127.0.0.1.
2020-05-22T18:48:34.783Z [20ef9aa6b55f7fe8] [ACCEPTED LOGIN]   for client : jffe@000 / 127.0.0.1.
2020-05-22T18:48:34.784Z [179cbaa854f0a29d] [ACCEPTED LOGIN]   for client : jffe@000 / 127.0.0.1.
2020-05-22T18:49:04.736Z [41d082cfa3c9e5bc] [ACCEPTED LOGIN]   for client : jffe@000 / 127.0.0.1.
2020-05-22T18:49:04.745Z [19bf1634ab5dc2b8] [ACCEPTED LOGIN]   for client : jffe@000 / 127.0.0.1.
2020-05-22T18:49:04.746Z [754ce7d68b8c2e6b] [ACCEPTED LOGIN]   for client : jffe@000 / 127.0.0.1.
2020-05-22T18:49:04.746Z [3988eac674dbbf65] [ACCEPTED LOGIN]   for client : jffe@000 / 127.0.0.1.
2020-05-22T18:49:17.282Z [5cc60c4031a0a060] [ACCEPTED LOGIN]   for client : admin / 172.18.0.1.
2020-05-22T18:49:17.885Z [5a6570d4deb890a9] [ACCEPTED LOGIN]   for client : admin / 172.18.0.1.
2020-05-22T18:49:17.957Z [2a2dc0308a995064] [ACCEPTED LOGIN]   for client : admin / 172.18.0.1.
2020-05-22T18:49:34.781Z [4034742e6c4d8505] [ACCEPTED LOGIN]   for client : jffe@000 / 127.0.0.1.
2020-05-22T18:49:34.782Z [396c51747414fde3] [ACCEPTED LOGIN]   for client : jffe@000 / 127.0.0.1.
2020-05-22T18:49:34.796Z [5939de4a18d2a391] [ACCEPTED LOGIN]   for client : jffe@000 / 127.0.0.1.
2020-05-22T18:49:34.801Z [3692acb81600a759] [ACCEPTED LOGIN]   for client : jffe@000 / 127.0.0.1.
2020-05-22T18:49:42.676Z [21e6524f66fad75c] [ACCEPTED LOGIN]   for client : admin / 172.18.0.1.
2020-05-22T18:49:44.667Z [3ced3fd0b174cdbf] [ACCEPTED LOGIN]   for client : admin / 172.18.0.1.
2020-05-22T18:49:44.685Z [161d5f284d62405b] [ACCEPTED LOGIN]   for client : admin / 172.18.0.1.
2020-05-22T18:49:55.965Z [642ace765364a1c3] [ACCEPTED DELETE] example-repo-local:  for client : admin / 172.18.0.1.
2020-05-22T18:49:56.089Z [642ace765364a1c3] [ACCEPTED CONFIGURATION_CHANGE]   for client : admin / 172.18.0.1.
2020-05-22T18:50:04.730Z [57c582abbaa1524f] [ACCEPTED LOGIN]   for client : jffe@000 / 127.0.0.1.
2020-05-22T18:50:04.731Z [4d469ef6dcea1af9] [ACCEPTED LOGIN]   for client : jffe@000 / 127.0.0.1.
2020-05-22T18:50:04.732Z [54bb1fa7179f0fc ] [ACCEPTED LOGIN]   for client : jffe@000 / 127.0.0.1.
2020-05-22T18:50:04.753Z [314ae4738bca7d79] [ACCEPTED LOGIN]   for client : jffe@000 / 127.0.0.1.
2020-05-22T18:50:07.683Z [656e78c86124a451] [ACCEPTED LOGIN]   for client : admin / 172.18.0.1.
2020-05-22T18:50:32.700Z [2ce183a16120e580] [ACCEPTED LOGIN]   for client : admin / 172.18.0.1.
2020-05-22T18:50:34.739Z [79bcb07f61003464] [ACCEPTED LOGIN]   for client : jffe@000 / 127.0.0.1.
2020-05-22T18:50:34.743Z [28de65f32e1843e5] [ACCEPTED LOGIN]   for client : jffe@000 / 127.0.0.1.
2020-05-22T18:50:34.749Z [dfcfa00f157e0b2 ] [ACCEPTED LOGIN]   for client : jffe@000 / 127.0.0.1.
2020-05-22T18:50:34.758Z [6ae117b65eae2891] [ACCEPTED LOGIN]   for client : jffe@000 / 127.0.0.1.
2020-05-22T18:50:57.681Z [2a2acc31796d2d8c] [ACCEPTED LOGIN]   for client : admin / 172.18.0.1.
2020-05-22T18:51:04.739Z [510f1b17a8bbf1da] [ACCEPTED LOGIN]   for client : jffe@000 / 127.0.0.1.
2020-05-22T18:51:04.744Z [1592735c2717bac ] [ACCEPTED LOGIN]   for client : jffe@000 / 127.0.0.1.
2020-05-22T18:51:04.752Z [4d5e9bd6c002145a] [ACCEPTED LOGIN]   for client : jffe@000 / 127.0.0.1.
2020-05-22T18:51:04.755Z [16fa330f7a7eeaa1] [ACCEPTED LOGIN]   for client : jffe@000 / 127.0.0.1.
2020-05-22T18:51:22.696Z [2140d33e66bcb2cf] [ACCEPTED LOGIN]   for client : admin / 172.18.0.1.
2020-05-22T18:51:34.723Z [7b0a3909af02418d] [ACCEPTED LOGIN]   for client : jffe@000 / 127.0.0.1.
2020-05-22T18:51:34.733Z [a9dff1ed8b85000 ] [ACCEPTED LOGIN]   for client : jffe@000 / 127.0.0.1.
2020-05-22T18:51:34.734Z [692ba05389ab55f2] [ACCEPTED LOGIN]   for client : jffe@000 / 127.0.0.1.
2020-05-22T18:51:34.735Z [3115cca47a18f5db] [ACCEPTED LOGIN]   for client : jffe@000 / 127.0.0.1.
2020-05-22T18:51:47.685Z [4bbca50bd6f7a440] [ACCEPTED LOGIN]   for client : admin / 172.18.0.1.
2020-05-22T18:52:04.747Z [65dd6fd7c192e19d] [ACCEPTED LOGIN]   for client : jffe@000 / 127.0.0.1.
2020-05-22T18:52:04.748Z [465befd879c575e6] [ACCEPTED LOGIN]   for client : jffe@000 / 127.0.0.1.
2020-05-22T18:52:04.750Z [67ab8c89d4fd346c] [ACCEPTED LOGIN]   for client : jffe@000 / 127.0.0.1.
2020-05-22T18:52:04.751Z [2da963832ce054bd] [ACCEPTED LOGIN]   for client : jffe@000 / 127.0.0.1.
2020-05-22T18:52:12.681Z [4d5e56076cfff2ed] [ACCEPTED LOGIN]   for client : admin / 172.18.0.1.
2020-05-22T18:52:34.740Z [134ead3a128b9aa6] [ACCEPTED LOGIN]   for client : jffe@000 / 127.0.0.1.
2020-05-22T18:52:34.752Z [34890f9835938c72] [ACCEPTED LOGIN]   for client : jffe@000 / 127.0.0.1.
2020-05-22T18:52:34.753Z [91798e5de6b2973 ] [ACCEPTED LOGIN]   for client : jffe@000 / 127.0.0.1.
2020-05-22T18:52:34.758Z [1ed06bc1f79da3e3] [ACCEPTED LOGIN]   for client : jffe@000 / 127.0.0.1.
2020-05-22T18:52:37.697Z [22b51efcb66ac521] [ACCEPTED LOGIN]   for client : admin / 172.18.0.1.
2020-05-22T18:53:02.686Z [2ded478cd54552d0] [ACCEPTED LOGIN]   for client : admin / 172.18.0.1.
2020-05-22T18:53:04.736Z [7200c6b6d18e4ec ] [ACCEPTED LOGIN]   for client : jffe@000 / 127.0.0.1.
2020-05-22T18:53:04.741Z [61ddb004991d6859] [ACCEPTED LOGIN]   for client : jffe@000 / 127.0.0.1.
2020-05-22T18:53:04.744Z [193499c27a069bcf] [ACCEPTED LOGIN]   for client : jffe@000 / 127.0.0.1.
2020-05-22T18:53:04.748Z [1a349ee3da707aff] [ACCEPTED LOGIN]   for client : jffe@000 / 127.0.0.1.
2020-05-22T18:53:27.733Z [149a594bc6316e78] [ACCEPTED LOGIN]   for client : admin / 172.18.0.1.
2020-05-22T18:53:34.774Z [6a8f72d5add0f478] [ACCEPTED LOGIN]   for client : jffe@000 / 127.0.0.1.
2020-05-22T18:53:34.775Z [231550f9aafe835d] [ACCEPTED LOGIN]   for client : jffe@000 / 127.0.0.1.
2020-05-22T18:53:34.774Z [55c8e3392837042a] [ACCEPTED LOGIN]   for client : jffe@000 / 127.0.0.1.
2020-05-22T18:53:34.781Z [3fb26e03ad491a9 ] [ACCEPTED LOGIN]   for client : jffe@000 / 127.0.0.1.
2020-05-22T18:53:52.695Z [14541b6d52cb2bb7] [ACCEPTED LOGIN]   for client : admin / 172.18.0.1.
2020-05-22T18:54:04.741Z [3ced32772e9b22b1] [ACCEPTED LOGIN]   for client : jffe@000 / 127.0.0.1.
2020-05-22T18:54:04.746Z [21779e8d41cdd627] [ACCEPTED LOGIN]   for client : jffe@000 / 127.0.0.1.
2020-05-22T18:54:04.750Z [61a18ee80b18dafc] [ACCEPTED LOGIN]   for client : jffe@000 / 127.0.0.1.
2020-05-22T18:54:04.760Z [1303a8eace9dd3fa] [ACCEPTED LOGIN]   for client : jffe@000 / 127.0.0.1.
2020-05-22T18:54:17.721Z [7a48991bfe098423] [ACCEPTED LOGIN]   for client : admin / 172.18.0.1.
2020-05-22T18:54:34.737Z [5f2582764a930b76] [ACCEPTED LOGIN]   for client : jffe@000 / 127.0.0.1.
2020-05-22T18:54:34.743Z [89f1a342748a380 ] [ACCEPTED LOGIN]   for client : jffe@000 / 127.0.0.1.
2020-05-22T18:54:34.754Z [1e2640517a89fc91] [ACCEPTED LOGIN]   for client : jffe@000 / 127.0.0.1.
2020-05-22T18:54:34.763Z [732c0cf61ebb022b] [ACCEPTED LOGIN]   for client : jffe@000 / 127.0.0.1.
2020-05-22T18:54:42.698Z [2fd1a0918ec0ec40] [ACCEPTED LOGIN]   for client : admin / 172.18.0.1.
2020-05-22T18:55:04.749Z [165babf937076438] [ACCEPTED LOGIN]   for client : jffe@000 / 127.0.0.1.
2020-05-22T18:55:04.752Z [6aa840f12b46e185] [ACCEPTED LOGIN]   for client : jffe@000 / 127.0.0.1.
2020-05-22T18:55:04.757Z [74f7b4a2cbf93087] [ACCEPTED LOGIN]   for client : jffe@000 / 127.0.0.1.
2020-05-22T18:55:04.760Z [4df5313a188d9b08] [ACCEPTED LOGIN]   for client : jffe@000 / 127.0.0.1.
2020-05-22T18:55:07.706Z [13ab1c3bc765709b] [ACCEPTED LOGIN]   for client : admin / 172.18.0.1.
2020-05-22T18:55:32.724Z [318fd33f49925d62] [ACCEPTED LOGIN]   for client : admin / 172.18.0.1.
2020-05-22T18:55:34.776Z [26754f1612ef4a39] [ACCEPTED LOGIN]   for client : jffe@000 / 127.0.0.1.
2020-05-22T18:55:34.784Z [d6cfb4315d27a7  ] [ACCEPTED LOGIN]   for client : jffe@000 / 127.0.0.1.
2020-05-22T18:55:34.786Z [17b90ee9219242fc] [ACCEPTED LOGIN]   for client : jffe@000 / 127.0.0.1.
2020-05-22T18:55:34.787Z [3ded069762a82c60] [ACCEPTED LOGIN]   for client : jffe@000 / 127.0.0.1.
2020-05-22T18:55:57.737Z [65019d01cccf3f4e] [ACCEPTED LOGIN]   for client : admin / 172.18.0.1.
2020-05-22T18:56:04.752Z [e164f9a4a02bec0 ] [ACCEPTED LOGIN]   for client : jffe@000 / 127.0.0.1.
2020-05-22T18:56:04.757Z [6093848cd524fe3e] [ACCEPTED LOGIN]   for client : jffe@000 / 127.0.0.1.
2020-05-22T18:56:04.761Z [7625ab443e635766] [ACCEPTED LOGIN]   for client : jffe@000 / 127.0.0.1.
2020-05-22T18:56:04.761Z [55f376b08142fe33] [ACCEPTED LOGIN]   for client : jffe@000 / 127.0.0.1.
2020-05-22T18:56:22.712Z [35ad3bb80a39bcef] [ACCEPTED LOGIN]   for client : admin / 172.18.0.1.
2020-05-22T18:56:34.754Z [7015057e99f0eb6f] [ACCEPTED LOGIN]   for client : jffe@000 / 127.0.0.1.
2020-05-22T18:56:34.758Z [10a29faf07671483] [ACCEPTED LOGIN]   for client : jffe@000 / 127.0.0.1.
2020-05-22T18:56:34.769Z [2ee36c875cfc285 ] [ACCEPTED LOGIN]   for client : jffe@000 / 127.0.0.1.
2020-05-22T18:56:34.771Z [295e1812f43f14ff] [ACCEPTED LOGIN]   for client : jffe@000 / 127.0.0.1.
2020-05-22T18:56:47.714Z [77c8e7fdc827d6e6] [ACCEPTED LOGIN]   for client : admin / 172.18.0.1.
2020-05-22T18:57:04.754Z [11b329b5039ffcf4] [ACCEPTED LOGIN]   for client : jffe@000 / 127.0.0.1.
2020-05-22T18:57:04.767Z [3997d4c3d009d4fb] [ACCEPTED LOGIN]   for client : jffe@000 / 127.0.0.1.
2020-05-22T18:57:04.769Z [3a2f0b14fb200b0e] [ACCEPTED LOGIN]   for client : jffe@000 / 127.0.0.1.
2020-05-22T18:57:04.770Z [5aafa7772770db35] [ACCEPTED LOGIN]   for client : jffe@000 / 127.0.0.1.
2020-05-22T18:57:12.731Z [23ab8c45f4695bb1] [ACCEPTED LOGIN]   for client : admin / 172.18.0.1.
2020-05-22T18:57:34.757Z [10aae0d0cbbdea6b] [ACCEPTED LOGIN]   for client : jffe@000 / 127.0.0.1.
2020-05-22T18:57:34.757Z [1071bf254819032a] [ACCEPTED LOGIN]   for client : jffe@000 / 127.0.0.1.
2020-05-22T18:57:34.757Z [5389244993644115] [ACCEPTED LOGIN]   for client : jffe@000 / 127.0.0.1.
2020-05-22T18:57:34.758Z [4e9a8a14b51981da] [ACCEPTED LOGIN]   for client : jffe@000 / 127.0.0.1.
2020-05-22T18:57:37.730Z [2d9b6b43f047495a] [ACCEPTED LOGIN]   for client : admin / 172.18.0.1.
2020-05-22T18:58:02.715Z [11ef184c528226e5] [ACCEPTED LOGIN]   for client : admin / 172.18.0.1.
2020-05-22T18:58:04.746Z [a263b203657825b ] [ACCEPTED LOGIN]   for client : jffe@000 / 127.0.0.1.
2020-05-22T18:58:04.746Z [2a32b47a466522d9] [ACCEPTED LOGIN]   for client : jffe@000 / 127.0.0.1.
2020-05-22T18:58:04.762Z [5b492d3bb74b4b35] [ACCEPTED LOGIN]   for client : jffe@000 / 127.0.0.1.
2020-05-22T18:58:04.763Z [2062212a6d8c2e74] [ACCEPTED LOGIN]   for client : jffe@000 / 127.0.0.1.
2020-05-22T18:58:27.718Z [694a8aa9b16103b9] [ACCEPTED LOGIN]   for client : admin / 172.18.0.1.
2020-05-22T18:58:34.751Z [673a09d93a3c943e] [ACCEPTED LOGIN]   for client : jffe@000 / 127.0.0.1.
2020-05-22T18:58:34.756Z [76ead1938f304fb1] [ACCEPTED LOGIN]   for client : jffe@000 / 127.0.0.1.
2020-05-22T18:58:34.760Z [a95d2ff7cea25d0 ] [ACCEPTED LOGIN]   for client : jffe@000 / 127.0.0.1.
2020-05-22T18:58:34.763Z [23bbbe761c8f3799] [ACCEPTED LOGIN]   for client : jffe@000 / 127.0.0.1.
2020-05-22T18:58:52.738Z [3cfe2e20dcf4cfe ] [ACCEPTED LOGIN]   for client : admin / 172.18.0.1.
2020-05-22T18:59:04.757Z [31069fbaa26dac41] [ACCEPTED LOGIN]   for client : jffe@000 / 127.0.0.1.
2020-05-22T18:59:04.763Z [7a5c83f7a695e4d0] [ACCEPTED LOGIN]   for client : jffe@000 / 127.0.0.1.
2020-05-22T18:59:04.767Z [52f8b7abb3f2bda ] [ACCEPTED LOGIN]   for client : jffe@000 / 127.0.0.1.
2020-05-22T18:59:04.767Z [79dc0163632305fb] [ACCEPTED LOGIN]   for client : jffe@000 / 127.0.0.1.
2020-05-22T18:59:17.746Z [afc31a3ae503286 ] [ACCEPTED LOGIN]   for client : admin / 172.18.0.1.
2020-05-22T18:59:34.765Z [3b0dd11633ea5793] [ACCEPTED LOGIN]   for client : jffe@000 / 127.0.0.1.
2020-05-22T18:59:34.773Z [639cc08fb412ac1a] [ACCEPTED LOGIN]   for client : jffe@000 / 127.0.0.1.
2020-05-22T18:59:34.774Z [c6071c203a92ffa ] [ACCEPTED LOGIN]   for client : jffe@000 / 127.0.0.1.
2020-05-22T18:59:34.779Z [59019b0496f25183] [ACCEPTED LOGIN]   for client : jffe@000 / 127.0.0.1.
2020-05-22T18:59:42.726Z [51a045353655629d] [ACCEPTED LOGIN]   for client : admin / 172.18.0.1.
2020-05-22T19:00:04.749Z [5f7616b3bca70919] [ACCEPTED LOGIN]   for client : jffe@000 / 127.0.0.1.
2020-05-22T19:00:04.753Z [7189c4a0499ef6f3] [ACCEPTED LOGIN]   for client : jffe@000 / 127.0.0.1.
2020-05-22T19:00:04.756Z [1f8637b602631ae ] [ACCEPTED LOGIN]   for client : jffe@000 / 127.0.0.1.
2020-05-22T19:00:04.760Z [23493f42e8abaf10] [ACCEPTED LOGIN]   for client : jffe@000 / 127.0.0.1.
2020-05-22T19:00:07.717Z [66063884dc493ae3] [ACCEPTED LOGIN]   for client : admin / 172.18.0.1.
2020-05-22T19:00:32.738Z [5e64d11334a44ae9] [ACCEPTED LOGIN]   for client : admin / 172.18.0.1.
2020-05-22T19:00:34.757Z [747b44982855379a] [ACCEPTED LOGIN]   for client : jffe@000 / 127.0.0.1.
2020-05-22T19:00:34.758Z [480db4a4f8afe089] [ACCEPTED LOGIN]   for client : jffe@000 / 127.0.0.1.
2020-05-22T19:00:34.763Z [33f5c7c1e3d1f267] [ACCEPTED LOGIN]   for client : jffe@000 / 127.0.0.1.
2020-05-22T19:00:34.766Z [48b80d7ed24d670b] [ACCEPTED LOGIN]   for client : jffe@000 / 127.0.0.1.
2020-05-22T19:00:57.721Z [4e516edad8270c8d] [ACCEPTED LOGIN]   for client : admin / 172.18.0.1.
2020-05-22T19:01:04.753Z [222c9a2c009dd6f6] [ACCEPTED LOGIN]   for client : jffe@000 / 127.0.0.1.
2020-05-22T19:01:04.757Z [b4f185d28fd01bd ] [ACCEPTED LOGIN]   for client : jffe@000 / 127.0.0.1.
2020-05-22T19:01:04.760Z [6eb677af52be53e8] [ACCEPTED LOGIN]   for client : jffe@000 / 127.0.0.1.
2020-05-22T19:01:04.763Z [4b4dc60eb864f864] [ACCEPTED LOGIN]   for client : jffe@000 / 127.0.0.1.
2020-05-22T19:01:22.744Z [764f6af693c3c9a4] [ACCEPTED LOGIN]   for client : admin / 172.18.0.1.
2020-05-22T19:01:34.760Z [7b44e8f1b76c4f25] [ACCEPTED LOGIN]   for client : jffe@000 / 127.0.0.1.
2020-05-22T19:01:34.760Z [37302fa5ed968763] [ACCEPTED LOGIN]   for client : jffe@000 / 127.0.0.1.
2020-05-22T19:01:34.766Z [4b424649381c5367] [ACCEPTED LOGIN]   for client : jffe@000 / 127.0.0.1.
2020-05-22T19:01:34.767Z [468cb9c417301174] [ACCEPTED LOGIN]   for client : jffe@000 / 127.0.0.1.
2020-05-22T19:01:47.743Z [2ab77d05fa570176] [ACCEPTED LOGIN]   for client : admin / 172.18.0.1.
2020-05-22T19:02:04.787Z [526187c5a27302dd] [ACCEPTED LOGIN]   for client : jffe@000 / 127.0.0.1.
2020-05-22T19:02:04.790Z [635d8372953b695c] [ACCEPTED LOGIN]   for client : jffe@000 / 127.0.0.1.
2020-05-22T19:02:04.792Z [3b0925bf24e20c58] [ACCEPTED LOGIN]   for client : jffe@000 / 127.0.0.1.
2020-05-22T19:02:04.797Z [2ac6bd1fb540deb2] [ACCEPTED LOGIN]   for client : jffe@000 / 127.0.0.1.
2020-05-22T19:02:12.726Z [66f8eab2eab3d090] [ACCEPTED LOGIN]   for client : admin / 172.18.0.1.
2020-05-22T19:02:34.757Z [611a5bf89bd27795] [ACCEPTED LOGIN]   for client : jffe@000 / 127.0.0.1.
2020-05-22T19:02:34.757Z [65daafcbb9a1cf8f] [ACCEPTED LOGIN]   for client : jffe@000 / 127.0.0.1.
2020-05-22T19:02:34.761Z [220a96f3648a8e90] [ACCEPTED LOGIN]   for client : jffe@000 / 127.0.0.1.
2020-05-22T19:02:34.761Z [27c76ae3e494cb3d] [ACCEPTED LOGIN]   for client : jffe@000 / 127.0.0.1.
2020-05-22T19:02:37.752Z [978f97f1e5b6d60 ] [ACCEPTED LOGIN]   for client : admin / 172.18.0.1.
2020-05-22T19:03:02.738Z [65a0c51e845e0d23] [ACCEPTED LOGIN]   for client : admin / 172.18.0.1.
2020-05-22T19:03:04.761Z [3e0fb46d3e961278] [ACCEPTED LOGIN]   for client : jffe@000 / 127.0.0.1.
2020-05-22T19:03:04.762Z [57ea34f8d7e8605 ] [ACCEPTED LOGIN]   for client : jffe@000 / 127.0.0.1.
2020-05-22T19:03:04.765Z [2bf478485dd2d6a3] [ACCEPTED LOGIN]   for client : jffe@000 / 127.0.0.1.
2020-05-22T19:03:04.769Z [51ea8efa5b02073 ] [ACCEPTED LOGIN]   for client : jffe@000 / 127.0.0.1.
2020-05-22T19:03:27.757Z [7b65c85806894025] [ACCEPTED LOGIN]   for client : admin / 172.18.0.1.
2020-05-22T19:03:34.774Z [5aadf0e84f292b54] [ACCEPTED LOGIN]   for client : jffe@000 / 127.0.0.1.
2020-05-22T19:03:34.776Z [2da0559d3ebd0eb2] [ACCEPTED LOGIN]   for client : jffe@000 / 127.0.0.1.
2020-05-22T19:03:34.783Z [180d3b613ac1b639] [ACCEPTED LOGIN]   for client : jffe@000 / 127.0.0.1.
2020-05-22T19:03:34.783Z [41db61f1b55a9c9c] [ACCEPTED LOGIN]   for client : jffe@000 / 127.0.0.1.
2020-05-22T19:03:52.775Z [8d8c617681eb3b5 ] [ACCEPTED LOGIN]   for client : admin / 172.18.0.1.
2020-05-22T19:04:04.791Z [27866375b4dbd49b] [ACCEPTED LOGIN]   for client : jffe@000 / 127.0.0.1.
2020-05-22T19:04:04.796Z [da06ec99d7ba073 ] [ACCEPTED LOGIN]   for client : jffe@000 / 127.0.0.1.
2020-05-22T19:04:04.798Z [59e137e769718b50] [ACCEPTED LOGIN]   for client : jffe@000 / 127.0.0.1.
2020-05-22T19:04:04.799Z [498fec0ca5cfa276] [ACCEPTED LOGIN]   for client : jffe@000 / 127.0.0.1.
2020-05-22T19:04:17.760Z [3fa0e18eabc81309] [ACCEPTED LOGIN]   for client : admin / 172.18.0.1.
2020-05-22T19:04:34.785Z [49dbfa00bc8fe31d] [ACCEPTED LOGIN]   for client : jffe@000 / 127.0.0.1.
2020-05-22T19:04:34.785Z [40ce1e72b586b180] [ACCEPTED LOGIN]   for client : jffe@000 / 127.0.0.1.
2020-05-22T19:04:34.788Z [756fc908f2cef77d] [ACCEPTED LOGIN]   for client : jffe@000 / 127.0.0.1.
2020-05-22T19:04:34.789Z [1a74500cf567ceb6] [ACCEPTED LOGIN]   for client : jffe@000 / 127.0.0.1.
2020-05-22T19:04:42.753Z [6f0af9111478cc1 ] [ACCEPTED LOGIN]   for client : admin / 172.18.0.1.
2020-05-22T19:05:04.774Z [5d03447f96ea3425] [ACCEPTED LOGIN]   for client : jffe@000 / 127.0.0.1.
2020-05-22T19:05:04.775Z [3197548ca2e44a58] [ACCEPTED LOGIN]   for client : jffe@000 / 127.0.0.1.
2020-05-22T19:05:04.779Z [2f053d9794a240ad] [ACCEPTED LOGIN]   for client : jffe@000 / 127.0.0.1.
2020-05-22T19:05:04.783Z [29ed8168d60ad301] [ACCEPTED LOGIN]   for client : jffe@000 / 127.0.0.1.
2020-05-22T19:05:07.755Z [6618da427a68939c] [ACCEPTED LOGIN]   for client : admin / 172.18.0.1.
2020-05-22T19:05:32.750Z [4da3f523351d2ecf] [ACCEPTED LOGIN]   for client : admin / 172.18.0.1.
2020-05-22T19:05:34.785Z [46f603f0b27a3553] [ACCEPTED LOGIN]   for client : jffe@000 / 127.0.0.1.
2020-05-22T19:05:34.812Z [5657235602949490] [ACCEPTED LOGIN]   for client : jffe@000 / 127.0.0.1.
2020-05-22T19:05:34.816Z [44d7d9959db46e0 ] [ACCEPTED LOGIN]   for client : jffe@000 / 127.0.0.1.
2020-05-22T19:05:34.820Z [35fa28732ca4519f] [ACCEPTED LOGIN]   for client : jffe@000 / 127.0.0.1.
2020-05-22T19:05:57.764Z [758a616df3597a1c] [ACCEPTED LOGIN]   for client : admin / 172.18.0.1.
2020-05-22T19:06:04.784Z [490f10df483ef6fc] [ACCEPTED LOGIN]   for client : jffe@000 / 127.0.0.1.
2020-05-22T19:06:04.784Z [48576bb01a80f6a1] [ACCEPTED LOGIN]   for client : jffe@000 / 127.0.0.1.
2020-05-22T19:06:04.784Z [28dd756349b9c093] [ACCEPTED LOGIN]   for client : jffe@000 / 127.0.0.1.
2020-05-22T19:06:04.789Z [753c09e21317503e] [ACCEPTED LOGIN]   for client : jffe@000 / 127.0.0.1.
2020-05-22T19:06:22.746Z [4cdf7f9ff1cfa299] [ACCEPTED LOGIN]   for client : admin / 172.18.0.1.
2020-05-22T19:06:34.798Z [60906ec37ab7e7eb] [ACCEPTED LOGIN]   for client : jffe@000 / 127.0.0.1.
2020-05-22T19:06:34.809Z [4ca2a2fd63fffae3] [ACCEPTED LOGIN]   for client : jffe@000 / 127.0.0.1.
2020-05-22T19:06:34.812Z [52de4b00d9290602] [ACCEPTED LOGIN]   for client : jffe@000 / 127.0.0.1.
2020-05-22T19:06:34.815Z [7643582fa9805ac6] [ACCEPTED LOGIN]   for client : jffe@000 / 127.0.0.1.
2020-05-22T19:06:47.751Z [987799857d5ccfe ] [ACCEPTED LOGIN]   for client : admin / 172.18.0.1.
2020-05-22T19:07:04.797Z [2d2aede61b9552df] [ACCEPTED LOGIN]   for client : jffe@000 / 127.0.0.1.
2020-05-22T19:07:04.797Z [3a83acb67d0a2034] [ACCEPTED LOGIN]   for client : jffe@000 / 127.0.0.1.
2020-05-22T19:07:04.799Z [7eb2187995125f84] [ACCEPTED LOGIN]   for client : jffe@000 / 127.0.0.1.
2020-05-22T19:07:04.800Z [7d47da98f7baa5f ] [ACCEPTED LOGIN]   for client : jffe@000 / 127.0.0.1.
2020-05-22T19:07:12.755Z [102bbfb5cf274287] [ACCEPTED LOGIN]   for client : admin / 172.18.0.1.
2020-05-22T19:07:34.780Z [40a518a099d563c4] [ACCEPTED LOGIN]   for client : jffe@000 / 127.0.0.1.
2020-05-22T19:07:34.781Z [1b9689c7b9877c6b] [ACCEPTED LOGIN]   for client : jffe@000 / 127.0.0.1.
2020-05-22T19:07:34.783Z [2d640ae5f677314f] [ACCEPTED LOGIN]   for client : jffe@000 / 127.0.0.1.
2020-05-22T19:07:34.785Z [401e159611150533] [ACCEPTED LOGIN]   for client : jffe@000 / 127.0.0.1.
2020-05-22T19:07:37.757Z [45195e55cb333c54] [ACCEPTED LOGIN]   for client : admin / 172.18.0.1.
2020-05-22T19:08:02.766Z [62b27ae12f9da002] [ACCEPTED LOGIN]   for client : admin / 172.18.0.1.
2020-05-22T19:08:04.782Z [51acf1b272273e13] [ACCEPTED LOGIN]   for client : jffe@000 / 127.0.0.1.
2020-05-22T19:08:04.793Z [7accfeb6728feb20] [ACCEPTED LOGIN]   for client : jffe@000 / 127.0.0.1.
2020-05-22T19:08:04.794Z [226edf1b8cd5450f] [ACCEPTED LOGIN]   for client : jffe@000 / 127.0.0.1.
2020-05-22T19:08:04.797Z [6243aa253018ef70] [ACCEPTED LOGIN]   for client : jffe@000 / 127.0.0.1.
2020-05-22T19:08:27.784Z [4cf64f1a55a64eb1] [ACCEPTED LOGIN]   for client : admin / 172.18.0.1.
2020-05-22T19:08:34.780Z [41717889468b52ae] [ACCEPTED LOGIN]   for client : jffe@000 / 127.0.0.1.
2020-05-22T19:08:34.785Z [652406c747f5f472] [ACCEPTED LOGIN]   for client : jffe@000 / 127.0.0.1.
2020-05-22T19:08:34.789Z [5a1175cfcc66cd54] [ACCEPTED LOGIN]   for client : jffe@000 / 127.0.0.1.
2020-05-22T19:08:34.789Z [260dc688db47ac61] [ACCEPTED LOGIN]   for client : jffe@000 / 127.0.0.1.
2020-05-22T19:08:52.764Z [2246530da2d96a80] [ACCEPTED LOGIN]   for client : admin / 172.18.0.1.
2020-05-22T19:09:04.788Z [6bf9c90673d0f8e1] [ACCEPTED LOGIN]   for client : jffe@000 / 127.0.0.1.
2020-05-22T19:09:04.792Z [3859b9b9fce4d0cb] [ACCEPTED LOGIN]   for client : jffe@000 / 127.0.0.1.
2020-05-22T19:09:04.797Z [1d1ea997259f7e41] [ACCEPTED LOGIN]   for client : jffe@000 / 127.0.0.1.
2020-05-22T19:09:04.799Z [4b5da79f61d0a69 ] [ACCEPTED LOGIN]   for client : jffe@000 / 127.0.0.1.
2020-05-22T19:09:17.788Z [7b8d51fd340abb3c] [ACCEPTED LOGIN]   for client : admin / 172.18.0.1.
2020-05-22T19:09:34.797Z [593357826501e4d5] [ACCEPTED LOGIN]   for client : jffe@000 / 127.0.0.1.
2020-05-22T19:09:34.801Z [5ae6a870b5bf5aac] [ACCEPTED LOGIN]   for client : jffe@000 / 127.0.0.1.
2020-05-22T19:09:34.805Z [156443c80a68bb39] [ACCEPTED LOGIN]   for client : jffe@000 / 127.0.0.1.
2020-05-22T19:09:34.812Z [3e9d5888b1a1459e] [ACCEPTED LOGIN]   for client : jffe@000 / 127.0.0.1.
2020-05-22T19:09:42.766Z [5dea2bc5a88503e9] [ACCEPTED LOGIN]   for client : admin / 172.18.0.1.
2020-05-22T19:10:04.794Z [70feecb24b255b59] [ACCEPTED LOGIN]   for client : jffe@000 / 127.0.0.1.
2020-05-22T19:10:04.796Z [7442d9a7b23bb947] [ACCEPTED LOGIN]   for client : jffe@000 / 127.0.0.1.
2020-05-22T19:10:04.796Z [125c130f00d952fb] [ACCEPTED LOGIN]   for client : jffe@000 / 127.0.0.1.
2020-05-22T19:10:04.798Z [277cfed0b7d78b77] [ACCEPTED LOGIN]   for client : jffe@000 / 127.0.0.1.
2020-05-22T19:10:07.775Z [7bdb12f2d2fff121] [ACCEPTED LOGIN]   for client : admin / 172.18.0.1.
2020-05-22T19:10:32.783Z [4c7f3e928ab379ee] [ACCEPTED LOGIN]   for client : admin / 172.18.0.1.
2020-05-22T19:10:34.797Z [610da0f0153a1caa] [ACCEPTED LOGIN]   for client : jffe@000 / 127.0.0.1.
2020-05-22T19:10:34.810Z [53433a1e9764a583] [ACCEPTED LOGIN]   for client : jffe@000 / 127.0.0.1.
2020-05-22T19:10:34.818Z [1383ee2bc7076ac9] [ACCEPTED LOGIN]   for client : jffe@000 / 127.0.0.1.
2020-05-22T19:10:34.818Z [505bbcdf119997c2] [ACCEPTED LOGIN]   for client : jffe@000 / 127.0.0.1.
2020-05-22T19:10:57.779Z [19e45f859a9e569e] [ACCEPTED LOGIN]   for client : admin / 172.18.0.1.
2020-05-22T19:11:04.806Z [4141b382f8e67dfd] [ACCEPTED LOGIN]   for client : jffe@000 / 127.0.0.1.
2020-05-22T19:11:04.808Z [198c9416a072fb69] [ACCEPTED LOGIN]   for client : jffe@000 / 127.0.0.1.
2020-05-22T19:11:04.812Z [3ed77da215b9d188] [ACCEPTED LOGIN]   for client : jffe@000 / 127.0.0.1.
2020-05-22T19:11:04.817Z [6d37a7d1c2c34688] [ACCEPTED LOGIN]   for client : jffe@000 / 127.0.0.1.
2020-05-22T19:11:22.773Z [3c470492df151a61] [ACCEPTED LOGIN]   for client : admin / 172.18.0.1.
2020-05-22T19:11:34.817Z [694fd654ab8e4fbf] [ACCEPTED LOGIN]   for client : jffe@000 / 127.0.0.1.
2020-05-22T19:11:34.821Z [646806ef938ea32b] [ACCEPTED LOGIN]   for client : jffe@000 / 127.0.0.1.
2020-05-22T19:11:34.828Z [4f65297cbc44e6fb] [ACCEPTED LOGIN]   for client : jffe@000 / 127.0.0.1.
2020-05-22T19:11:34.828Z [36ffbe47494ab208] [ACCEPTED LOGIN]   for client : jffe@000 / 127.0.0.1.
2020-05-22T19:11:47.791Z [7114394e56f43363] [ACCEPTED LOGIN]   for client : admin / 172.18.0.1.
2020-05-22T19:12:04.817Z [39127e8d0e28a797] [ACCEPTED LOGIN]   for client : jffe@000 / 127.0.0.1.
2020-05-22T19:12:04.823Z [7ba809a8d63add86] [ACCEPTED LOGIN]   for client : jffe@000 / 127.0.0.1.
2020-05-22T19:12:04.827Z [1fcba4a318c49bf4] [ACCEPTED LOGIN]   for client : jffe@000 / 127.0.0.1.
2020-05-22T19:12:04.827Z [4a1521d095970dcc] [ACCEPTED LOGIN]   for client : jffe@000 / 127.0.0.1.
2020-05-22T19:12:12.801Z [aba7b340fdbe4fd ] [ACCEPTED LOGIN]   for client : admin / 172.18.0.1.
2020-05-22T19:12:34.839Z [32c902a68709d672] [ACCEPTED LOGIN]   for client : jffe@000 / 127.0.0.1.
2020-05-22T19:12:34.855Z [1fb956b231f1caf5] [ACCEPTED LOGIN]   for client : jffe@000 / 127.0.0.1.
2020-05-22T19:12:34.861Z [7bdce8b9a9db5862] [ACCEPTED LOGIN]   for client : jffe@000 / 127.0.0.1.
2020-05-22T19:12:34.864Z [3f9e27b6463e0205] [ACCEPTED LOGIN]   for client : jffe@000 / 127.0.0.1.
2020-05-22T19:12:37.785Z [f67c8f9d743cac  ] [ACCEPTED LOGIN]   for client : admin / 172.18.0.1.
2020-05-22T19:13:02.778Z [3e818a01f54813b1] [ACCEPTED LOGIN]   for client : admin / 172.18.0.1.
2020-05-22T19:13:04.809Z [27277c96c64c637 ] [ACCEPTED LOGIN]   for client : jffe@000 / 127.0.0.1.
2020-05-22T19:13:04.814Z [51fafbe2b5964ab9] [ACCEPTED LOGIN]   for client : jffe@000 / 127.0.0.1.
2020-05-22T19:13:04.818Z [647166bc0c846cae] [ACCEPTED LOGIN]   for client : jffe@000 / 127.0.0.1.
2020-05-22T19:13:04.818Z [560412bf471aacef] [ACCEPTED LOGIN]   for client : jffe@000 / 127.0.0.1.
2020-05-22T19:13:27.790Z [1b66108966f22a2f] [ACCEPTED LOGIN]   for client : admin / 172.18.0.1.
2020-05-22T19:13:34.806Z [675b36f8f37045d1] [ACCEPTED LOGIN]   for client : jffe@000 / 127.0.0.1.
2020-05-22T19:13:34.812Z [725c188d7ec25992] [ACCEPTED LOGIN]   for client : jffe@000 / 127.0.0.1.
2020-05-22T19:13:34.823Z [6b21220b65a667cc] [ACCEPTED LOGIN]   for client : jffe@000 / 127.0.0.1.
2020-05-22T19:13:34.826Z [2265552f6ff165fa] [ACCEPTED LOGIN]   for client : jffe@000 / 127.0.0.1.
2020-05-22T19:13:52.780Z [3bfd8413894cadf0] [ACCEPTED LOGIN]   for client : admin / 172.18.0.1.
2020-05-22T19:14:04.814Z [32ae1aba45de6e00] [ACCEPTED LOGIN]   for client : jffe@000 / 127.0.0.1.
2020-05-22T19:14:04.819Z [22af5d2bf7756e39] [ACCEPTED LOGIN]   for client : jffe@000 / 127.0.0.1.
2020-05-22T19:14:04.849Z [3200f695d9acd1d ] [ACCEPTED LOGIN]   for client : jffe@000 / 127.0.0.1.
2020-05-22T19:14:04.851Z [57caaf92d9d5a751] [ACCEPTED LOGIN]   for client : jffe@000 / 127.0.0.1.
2020-05-22T19:14:17.794Z [198b350a0833de72] [ACCEPTED LOGIN]   for client : admin / 172.18.0.1.
2020-05-22T19:14:34.818Z [747159169fd53161] [ACCEPTED LOGIN]   for client : jffe@000 / 127.0.0.1.
2020-05-22T19:14:34.823Z [244e528a7100fab ] [ACCEPTED LOGIN]   for client : jffe@000 / 127.0.0.1.
2020-05-22T19:14:34.823Z [44c382fc848a84bc] [ACCEPTED LOGIN]   for client : jffe@000 / 127.0.0.1.
2020-05-22T19:14:34.827Z [fac5a6cf6a31f0f ] [ACCEPTED LOGIN]   for client : jffe@000 / 127.0.0.1.
2020-05-22T19:14:42.780Z [362e1ac50878d1c2] [ACCEPTED LOGIN]   for client : admin / 172.18.0.1.
2020-05-22T19:15:04.814Z [1d27b500ffcf3a92] [ACCEPTED LOGIN]   for client : jffe@000 / 127.0.0.1.
2020-05-22T19:15:04.822Z [3725594445aaa1fb] [ACCEPTED LOGIN]   for client : jffe@000 / 127.0.0.1.
2020-05-22T19:15:04.823Z [45a4b0874e3ca523] [ACCEPTED LOGIN]   for client : jffe@000 / 127.0.0.1.
2020-05-22T19:15:04.826Z [600d299bf24047a4] [ACCEPTED LOGIN]   for client : jffe@000 / 127.0.0.1.
2020-05-22T19:15:08.052Z [7c5f207c30ff3bf4] [ACCEPTED LOGIN]   for client : admin / 172.18.0.1.
2020-05-22T19:15:33.029Z [51084b6b178edcdd] [ACCEPTED LOGIN]   for client : admin / 172.18.0.1.
2020-05-22T19:15:34.856Z [74fbe4ccfe009b97] [ACCEPTED LOGIN]   for client : jffe@000 / 127.0.0.1.
2020-05-22T19:15:34.858Z [241b06ea2c8d2a3f] [ACCEPTED LOGIN]   for client : jffe@000 / 127.0.0.1.
2020-05-22T19:15:34.866Z [1c57dcbff425a6d7] [ACCEPTED LOGIN]   for client : jffe@000 / 127.0.0.1.
2020-05-22T19:15:34.866Z [a7dbb94bfe2c4ea ] [ACCEPTED LOGIN]   for client : jffe@000 / 127.0.0.1.
2020-05-22T19:15:58.026Z [63078d314c27c3e0] [ACCEPTED LOGIN]   for client : admin / 172.18.0.1.
2020-05-22T19:16:04.855Z [1a475f04e9e35ae3] [ACCEPTED LOGIN]   for client : jffe@000 / 127.0.0.1.
2020-05-22T19:16:04.858Z [2b9d3b383deea6d9] [ACCEPTED LOGIN]   for client : jffe@000 / 127.0.0.1.
2020-05-22T19:16:04.861Z [478ebc742916922f] [ACCEPTED LOGIN]   for client : jffe@000 / 127.0.0.1.
2020-05-22T19:16:04.861Z [6acd77d96a4cdb92] [ACCEPTED LOGIN]   for client : jffe@000 / 127.0.0.1.
2020-05-22T19:16:23.032Z [52c261466c96bae7] [ACCEPTED LOGIN]   for client : admin / 172.18.0.1.
2020-05-22T19:16:34.823Z [7203929d781a0ab6] [ACCEPTED LOGIN]   for client : jffe@000 / 127.0.0.1.
2020-05-22T19:16:34.823Z [4255b47518084826] [ACCEPTED LOGIN]   for client : jffe@000 / 127.0.0.1.
2020-05-22T19:16:34.826Z [7437910b66950c88] [ACCEPTED LOGIN]   for client : jffe@000 / 127.0.0.1.
2020-05-22T19:16:34.832Z [5b1fe1b81a3fa376] [ACCEPTED LOGIN]   for client : jffe@000 / 127.0.0.1.
2020-05-22T19:16:48.026Z [4ae48fd554da0354] [ACCEPTED LOGIN]   for client : admin / 172.18.0.1.
2020-05-22T19:17:04.834Z [358b7228c0f1039b] [ACCEPTED LOGIN]   for client : jffe@000 / 127.0.0.1.
2020-05-22T19:17:04.837Z [43e11c428941130e] [ACCEPTED LOGIN]   for client : jffe@000 / 127.0.0.1.
2020-05-22T19:17:04.861Z [c365708643342d2 ] [ACCEPTED LOGIN]   for client : jffe@000 / 127.0.0.1.
2020-05-22T19:17:04.861Z [3c677801fecb4622] [ACCEPTED LOGIN]   for client : jffe@000 / 127.0.0.1.
2020-05-22T19:17:13.041Z [7720cbd3f94d52a ] [ACCEPTED LOGIN]   for client : admin / 172.18.0.1.
2020-05-22T19:17:34.814Z [5993ffb20ddedbf5] [ACCEPTED LOGIN]   for client : jffe@000 / 127.0.0.1.
2020-05-22T19:17:34.820Z [cae4069e972d036 ] [ACCEPTED LOGIN]   for client : jffe@000 / 127.0.0.1.
2020-05-22T19:17:34.825Z [1cd505953a40aae2] [ACCEPTED LOGIN]   for client : jffe@000 / 127.0.0.1.
2020-05-22T19:17:34.833Z [1c13d60529dedb34] [ACCEPTED LOGIN]   for client : jffe@000 / 127.0.0.1.
2020-05-22T19:17:38.049Z [3fefbf0cdf3e051d] [ACCEPTED LOGIN]   for client : admin / 172.18.0.1.
2020-05-22T19:18:03.042Z [3ced13e7e5030550] [ACCEPTED LOGIN]   for client : admin / 172.18.0.1.
2020-05-22T19:18:04.829Z [18bc9d1deff67705] [ACCEPTED LOGIN]   for client : jffe@000 / 127.0.0.1.
2020-05-22T19:18:04.831Z [fea7245b5a5a20b ] [ACCEPTED LOGIN]   for client : jffe@000 / 127.0.0.1.
2020-05-22T19:18:04.842Z [5129e95651cad5ff] [ACCEPTED LOGIN]   for client : jffe@000 / 127.0.0.1.
2020-05-22T19:18:04.842Z [d6db95789e88bad ] [ACCEPTED LOGIN]   for client : jffe@000 / 127.0.0.1.
2020-05-22T19:18:28.048Z [34411998e5b55fb3] [ACCEPTED LOGIN]   for client : admin / 172.18.0.1.
2020-05-22T19:18:34.859Z [67150aaaf3bfee56] [ACCEPTED LOGIN]   for client : jffe@000 / 127.0.0.1.
2020-05-22T19:18:34.862Z [56eb25e94cbc07a8] [ACCEPTED LOGIN]   for client : jffe@000 / 127.0.0.1.
2020-05-22T19:18:34.862Z [22789a8dc6210061] [ACCEPTED LOGIN]   for client : jffe@000 / 127.0.0.1.
2020-05-22T19:18:34.865Z [4991113833215dbc] [ACCEPTED LOGIN]   for client : jffe@000 / 127.0.0.1.
2020-05-22T19:18:53.046Z [15bb8a2206c83f9a] [ACCEPTED LOGIN]   for client : admin / 172.18.0.1.
2020-05-22T19:19:04.842Z [1abae5965a1dcdb0] [ACCEPTED LOGIN]   for client : jffe@000 / 127.0.0.1.
2020-05-22T19:19:04.846Z [28bccf4168cd78d9] [ACCEPTED LOGIN]   for client : jffe@000 / 127.0.0.1.
2020-05-22T19:19:04.848Z [2a96b857b8059eaa] [ACCEPTED LOGIN]   for client : jffe@000 / 127.0.0.1.
2020-05-22T19:19:04.850Z [ee13c38cc21fb82 ] [ACCEPTED LOGIN]   for client : jffe@000 / 127.0.0.1.
2020-05-25T15:30:18.818Z [4d200b64fcd2bc74] [ACCEPTED LOGIN]   for client : anonymous / 172.18.0.1.
2020-05-25T15:30:35.538Z [7a3af06bcbf5b35 ] [ACCEPTED LOGIN]   for client : jffe@000 / 127.0.0.1.
2020-05-25T15:30:35.542Z [64c72d7a8cc2c82a] [ACCEPTED LOGIN]   for client : jffe@000 / 127.0.0.1.
2020-05-25T15:30:35.542Z [6fe025093b1e8aad] [ACCEPTED LOGIN]   for client : jffe@000 / 127.0.0.1.
2020-05-25T15:30:35.556Z [13807fb104421965] [ACCEPTED LOGIN]   for client : jffe@000 / 127.0.0.1.
2020-05-25T15:31:05.506Z [176c314bfdaa12e7] [ACCEPTED LOGIN]   for client : jffe@000 / 127.0.0.1.
2020-05-25T15:31:05.509Z [803d3218ae1d39b ] [ACCEPTED LOGIN]   for client : jffe@000 / 127.0.0.1.
2020-05-25T15:31:05.512Z [6eb3a6774deb3aac] [ACCEPTED LOGIN]   for client : jffe@000 / 127.0.0.1.
2020-05-25T15:31:05.514Z [571d2843f57b8034] [ACCEPTED LOGIN]   for client : jffe@000 / 127.0.0.1.
2020-05-25T15:31:35.530Z [160d15d69516cc19] [ACCEPTED LOGIN]   for client : jffe@000 / 127.0.0.1.
2020-05-25T15:31:35.530Z [62ce56295f80c187] [ACCEPTED LOGIN]   for client : jffe@000 / 127.0.0.1.
2020-05-25T15:31:35.532Z [5e961f56efe0fb54] [ACCEPTED LOGIN]   for client : jffe@000 / 127.0.0.1.
2020-05-25T15:31:35.549Z [38e7e79b89f47e57] [ACCEPTED LOGIN]   for client : jffe@000 / 127.0.0.1.
2020-05-25T15:32:05.525Z [52d850c00903a7e2] [ACCEPTED LOGIN]   for client : jffe@000 / 127.0.0.1.
2020-05-25T15:32:05.526Z [50fbedaa1003d63e] [ACCEPTED LOGIN]   for client : jffe@000 / 127.0.0.1.
2020-05-25T15:32:05.531Z [30e206640d37b0fe] [ACCEPTED LOGIN]   for client : jffe@000 / 127.0.0.1.
2020-05-25T15:32:05.533Z [1f0bf4a2a07c909a] [ACCEPTED LOGIN]   for client : jffe@000 / 127.0.0.1.
2020-05-25T15:32:35.497Z [52a598f0404cf8c0] [ACCEPTED LOGIN]   for client : jffe@000 / 127.0.0.1.
2020-05-25T15:32:35.498Z [2537fee92c7510ec] [ACCEPTED LOGIN]   for client : jffe@000 / 127.0.0.1.
2020-05-25T15:32:35.501Z [2206de92a25cf281] [ACCEPTED LOGIN]   for client : jffe@000 / 127.0.0.1.
2020-05-25T15:32:35.505Z [238b32479cae0d6a] [ACCEPTED LOGIN]   for client : jffe@000 / 127.0.0.1.
2020-05-25T15:33:05.501Z [3002b9a840eb36f8] [ACCEPTED LOGIN]   for client : jffe@000 / 127.0.0.1.
2020-05-25T15:33:05.510Z [d61cd7c14f7aa01 ] [ACCEPTED LOGIN]   for client : jffe@000 / 127.0.0.1.
2020-05-25T15:33:05.514Z [2873c9622a085580] [ACCEPTED LOGIN]   for client : jffe@000 / 127.0.0.1.
2020-05-25T15:33:05.516Z [eeadf399b318d2e ] [ACCEPTED LOGIN]   for client : jffe@000 / 127.0.0.1.
2020-05-25T15:33:35.520Z [77cb290b4a3a4dac] [ACCEPTED LOGIN]   for client : jffe@000 / 127.0.0.1.
2020-05-25T15:33:35.520Z [26248d2a78c3962c] [ACCEPTED LOGIN]   for client : jffe@000 / 127.0.0.1.
2020-05-25T15:33:35.523Z [3cf12ec8130d246a] [ACCEPTED LOGIN]   for client : jffe@000 / 127.0.0.1.
2020-05-25T15:33:35.523Z [3b6e9a3f3091f03b] [ACCEPTED LOGIN]   for client : jffe@000 / 127.0.0.1.
2020-05-25T15:34:05.499Z [6ea3a8840524799 ] [ACCEPTED LOGIN]   for client : jffe@000 / 127.0.0.1.
2020-05-25T15:34:05.499Z [28240f0fcbdbe378] [ACCEPTED LOGIN]   for client : jffe@000 / 127.0.0.1.
2020-05-25T15:34:05.526Z [1200d61b4cf43af2] [ACCEPTED LOGIN]   for client : jffe@000 / 127.0.0.1.
2020-05-25T15:34:05.527Z [590e3dd7a2c7042e] [ACCEPTED LOGIN]   for client : jffe@000 / 127.0.0.1.
2020-05-25T15:34:35.505Z [492c135928036d32] [ACCEPTED LOGIN]   for client : jffe@000 / 127.0.0.1.
2020-05-25T15:34:35.517Z [3790431d560aa107] [ACCEPTED LOGIN]   for client : jffe@000 / 127.0.0.1.
2020-05-25T15:34:35.519Z [3e233661836ec6  ] [ACCEPTED LOGIN]   for client : jffe@000 / 127.0.0.1.
2020-05-25T15:34:35.520Z [75bd14b507bbdb92] [ACCEPTED LOGIN]   for client : jffe@000 / 127.0.0.1.
2020-05-25T15:35:05.512Z [1fab35fb1aaa8dd3] [ACCEPTED LOGIN]   for client : jffe@000 / 127.0.0.1.
2020-05-25T15:35:05.527Z [721bcd440c261a8f] [ACCEPTED LOGIN]   for client : jffe@000 / 127.0.0.1.
2020-05-25T15:35:05.529Z [2997f45a84acb437] [ACCEPTED LOGIN]   for client : jffe@000 / 127.0.0.1.
2020-05-25T15:35:05.532Z [d46cb0dcb0db547 ] [ACCEPTED LOGIN]   for client : jffe@000 / 127.0.0.1.
2020-05-25T15:35:35.507Z [378c73055369ea85] [ACCEPTED LOGIN]   for client : jffe@000 / 127.0.0.1.
2020-05-25T15:35:35.514Z [10c97464382e453 ] [ACCEPTED LOGIN]   for client : jffe@000 / 127.0.0.1.
2020-05-25T15:35:35.677Z [29ab2f4fb265479d] [ACCEPTED LOGIN]   for client : jffe@000 / 127.0.0.1.
2020-05-25T15:35:35.677Z [5fb9f33232e4e4a6] [ACCEPTED LOGIN]   for client : jffe@000 / 127.0.0.1.
2020-05-25T15:36:05.528Z [7970ae99d3c74fbf] [ACCEPTED LOGIN]   for client : jffe@000 / 127.0.0.1.
2020-05-25T15:36:05.539Z [541ac838fde5d4ed] [ACCEPTED LOGIN]   for client : jffe@000 / 127.0.0.1.
2020-05-25T15:36:05.547Z [1f6eccc51786456d] [ACCEPTED LOGIN]   for client : jffe@000 / 127.0.0.1.
2020-05-25T15:36:05.548Z [2e992e9f954d1ea4] [ACCEPTED LOGIN]   for client : jffe@000 / 127.0.0.1.
2020-05-25T15:36:35.509Z [7efb36dc826365e5] [ACCEPTED LOGIN]   for client : jffe@000 / 127.0.0.1.
2020-05-25T15:36:35.512Z [668605a805701fb1] [ACCEPTED LOGIN]   for client : jffe@000 / 127.0.0.1.
2020-05-25T15:36:35.515Z [3b09e91e155eb1f1] [ACCEPTED LOGIN]   for client : jffe@000 / 127.0.0.1.
2020-05-25T15:36:35.517Z [4a4904a8cb109f58] [ACCEPTED LOGIN]   for client : jffe@000 / 127.0.0.1.
2020-05-25T15:37:05.537Z [514b5ae0e5b2d7ef] [ACCEPTED LOGIN]   for client : jffe@000 / 127.0.0.1.
2020-05-25T15:37:05.537Z [22b47f8ccd8a6750] [ACCEPTED LOGIN]   for client : jffe@000 / 127.0.0.1.
2020-05-25T15:37:05.543Z [1316291020001934] [ACCEPTED LOGIN]   for client : jffe@000 / 127.0.0.1.
2020-05-25T15:37:05.543Z [69c675223602b678] [ACCEPTED LOGIN]   for client : jffe@000 / 127.0.0.1.
2020-05-25T15:37:35.520Z [35c726c4e1f420e ] [ACCEPTED LOGIN]   for client : jffe@000 / 127.0.0.1.
2020-05-25T15:37:35.522Z [29a24af1df678ad3] [ACCEPTED LOGIN]   for client : jffe@000 / 127.0.0.1.
2020-05-25T15:37:35.529Z [7e2e3f0f3fa11032] [ACCEPTED LOGIN]   for client : jffe@000 / 127.0.0.1.
2020-05-25T15:37:35.533Z [565bf19e6ff0bce2] [ACCEPTED LOGIN]   for client : jffe@000 / 127.0.0.1.
2020-05-25T15:38:05.517Z [24de7e47229eedcd] [ACCEPTED LOGIN]   for client : jffe@000 / 127.0.0.1.
2020-05-25T15:38:05.522Z [461941325a9b86cb] [ACCEPTED LOGIN]   for client : jffe@000 / 127.0.0.1.
2020-05-25T15:38:05.522Z [16526d1f54f5e1f1] [ACCEPTED LOGIN]   for client : jffe@000 / 127.0.0.1.
2020-05-25T15:38:05.522Z [b9f899ea55ef8b1 ] [ACCEPTED LOGIN]   for client : jffe@000 / 127.0.0.1.
2020-05-25T15:38:35.517Z [72b685bccb72ba3b] [ACCEPTED LOGIN]   for client : jffe@000 / 127.0.0.1.
2020-05-25T15:38:35.517Z [3539872420391cc4] [ACCEPTED LOGIN]   for client : jffe@000 / 127.0.0.1.
2020-05-25T15:38:35.519Z [48ed1824ec04be20] [ACCEPTED LOGIN]   for client : jffe@000 / 127.0.0.1.
2020-05-25T15:38:35.525Z [50cc18ea79423d90] [ACCEPTED LOGIN]   for client : jffe@000 / 127.0.0.1.
2020-05-25T15:39:05.538Z [25c6cfda6b3ddb86] [ACCEPTED LOGIN]   for client : jffe@000 / 127.0.0.1.
2020-05-25T15:39:05.543Z [65e9fc6f2e4e946b] [ACCEPTED LOGIN]   for client : jffe@000 / 127.0.0.1.
2020-05-25T15:39:05.544Z [1bd5fa2835741604] [ACCEPTED LOGIN]   for client : jffe@000 / 127.0.0.1.
2020-05-25T15:39:05.547Z [6d6543caa8888c00] [ACCEPTED LOGIN]   for client : jffe@000 / 127.0.0.1.
2020-05-25T15:39:35.541Z [3724a05154fdea76] [ACCEPTED LOGIN]   for client : jffe@000 / 127.0.0.1.
2020-05-25T15:39:35.542Z [2d198666b4c63769] [ACCEPTED LOGIN]   for client : jffe@000 / 127.0.0.1.
2020-05-25T15:39:35.542Z [5c94c326df2a6d7d] [ACCEPTED LOGIN]   for client : jffe@000 / 127.0.0.1.
2020-05-25T15:39:35.550Z [73c8af531f93833 ] [ACCEPTED LOGIN]   for client : jffe@000 / 127.0.0.1.
2020-05-25T15:40:05.574Z [376ade57c14d0ccc] [ACCEPTED LOGIN]   for client : jffe@000 / 127.0.0.1.
2020-05-25T15:40:05.577Z [296d451dc779758f] [ACCEPTED LOGIN]   for client : jffe@000 / 127.0.0.1.
2020-05-25T15:40:05.584Z [3890c7d93a408633] [ACCEPTED LOGIN]   for client : jffe@000 / 127.0.0.1.
2020-05-25T15:40:05.592Z [3de366e3f516eaa8] [ACCEPTED LOGIN]   for client : jffe@000 / 127.0.0.1.
2020-05-25T15:40:35.576Z [3b7b69e65dc4426e] [ACCEPTED LOGIN]   for client : jffe@000 / 127.0.0.1.
2020-05-25T15:40:35.598Z [77ffc870721bbef8] [ACCEPTED LOGIN]   for client : jffe@000 / 127.0.0.1.
2020-05-25T15:40:35.605Z [3a55653bd0e847df] [ACCEPTED LOGIN]   for client : jffe@000 / 127.0.0.1.
2020-05-25T15:40:35.605Z [7d02f7074d21bd0e] [ACCEPTED LOGIN]   for client : jffe@000 / 127.0.0.1.
2020-05-25T15:41:05.552Z [6bf6d99bf1a132f ] [ACCEPTED LOGIN]   for client : jffe@000 / 127.0.0.1.
2020-05-25T15:41:05.558Z [536bf95f523fd038] [ACCEPTED LOGIN]   for client : jffe@000 / 127.0.0.1.
2020-05-25T15:41:05.560Z [11aecdabf1223f0 ] [ACCEPTED LOGIN]   for client : jffe@000 / 127.0.0.1.
2020-05-25T15:41:05.569Z [36ac2a1955bbe642] [ACCEPTED LOGIN]   for client : jffe@000 / 127.0.0.1.
2020-05-25T15:41:35.536Z [7a993403c5ccad8 ] [ACCEPTED LOGIN]   for client : jffe@000 / 127.0.0.1.
2020-05-25T15:41:35.542Z [7f68ea81aea5c43a] [ACCEPTED LOGIN]   for client : jffe@000 / 127.0.0.1.
2020-05-25T15:41:35.545Z [6b18bd24a19797bd] [ACCEPTED LOGIN]   for client : jffe@000 / 127.0.0.1.
2020-05-25T15:41:35.552Z [3010b443425bb0d0] [ACCEPTED LOGIN]   for client : jffe@000 / 127.0.0.1.
2020-05-25T15:42:05.576Z [6be99b093690d7c8] [ACCEPTED LOGIN]   for client : jffe@000 / 127.0.0.1.
2020-05-25T15:42:05.576Z [b197fde55254fef ] [ACCEPTED LOGIN]   for client : jffe@000 / 127.0.0.1.
2020-05-25T15:42:05.580Z [189c5f5f50dfc135] [ACCEPTED LOGIN]   for client : jffe@000 / 127.0.0.1.
2020-05-25T15:42:05.586Z [21d2edae78b62e0 ] [ACCEPTED LOGIN]   for client : jffe@000 / 127.0.0.1.
2020-05-25T15:42:35.556Z [115429d6c593f35e] [ACCEPTED LOGIN]   for client : jffe@000 / 127.0.0.1.
2020-05-25T15:42:35.562Z [775a75987fce99e5] [ACCEPTED LOGIN]   for client : jffe@000 / 127.0.0.1.
2020-05-25T15:42:35.563Z [66712ad782b4b0b0] [ACCEPTED LOGIN]   for client : jffe@000 / 127.0.0.1.
2020-05-25T15:42:35.565Z [73f8cfe5b96132c ] [ACCEPTED LOGIN]   for client : jffe@000 / 127.0.0.1.
2020-05-25T15:43:05.540Z [59f5e661107c5ecf] [ACCEPTED LOGIN]   for client : jffe@000 / 127.0.0.1.
2020-05-25T15:43:05.546Z [13aefafe4d8d8200] [ACCEPTED LOGIN]   for client : jffe@000 / 127.0.0.1.
2020-05-25T15:43:05.547Z [549555260c36bbd5] [ACCEPTED LOGIN]   for client : jffe@000 / 127.0.0.1.
2020-05-25T15:43:05.550Z [645172431684a48d] [ACCEPTED LOGIN]   for client : jffe@000 / 127.0.0.1.
2020-05-25T15:43:35.543Z [1bf3d60f0deffbe2] [ACCEPTED LOGIN]   for client : jffe@000 / 127.0.0.1.
2020-05-25T15:43:35.543Z [366346b34e17808c] [ACCEPTED LOGIN]   for client : jffe@000 / 127.0.0.1.
2020-05-25T15:43:35.544Z [427c3af9dfeb46c7] [ACCEPTED LOGIN]   for client : jffe@000 / 127.0.0.1.
2020-05-25T15:43:35.544Z [4c9a86838b88c0fa] [ACCEPTED LOGIN]   for client : jffe@000 / 127.0.0.1.
2020-05-25T15:44:05.552Z [5bd4c47469a260d1] [ACCEPTED LOGIN]   for client : jffe@000 / 127.0.0.1.
2020-05-25T15:44:05.555Z [47f76ac2f37108aa] [ACCEPTED LOGIN]   for client : jffe@000 / 127.0.0.1.
2020-05-25T15:44:05.555Z [5cffd3ff81e877a1] [ACCEPTED LOGIN]   for client : jffe@000 / 127.0.0.1.
2020-05-25T15:44:05.558Z [2feaaedc53cebb4a] [ACCEPTED LOGIN]   for client : jffe@000 / 127.0.0.1.
2020-05-25T15:44:35.548Z [7a695c6cdfa51675] [ACCEPTED LOGIN]   for client : jffe@000 / 127.0.0.1.
2020-05-25T15:44:35.548Z [719ed2e34db85a83] [ACCEPTED LOGIN]   for client : jffe@000 / 127.0.0.1.
2020-05-25T15:44:35.557Z [25284615998b173f] [ACCEPTED LOGIN]   for client : jffe@000 / 127.0.0.1.
2020-05-25T15:44:35.557Z [361ade1adb8db040] [ACCEPTED LOGIN]   for client : jffe@000 / 127.0.0.1.
2020-05-25T15:45:05.542Z [6269b8d04dc2d384] [ACCEPTED LOGIN]   for client : jffe@000 / 127.0.0.1.
2020-05-25T15:45:05.545Z [52f951586cbdede2] [ACCEPTED LOGIN]   for client : jffe@000 / 127.0.0.1.
2020-05-25T15:45:05.550Z [1fbf9353b580c7cd] [ACCEPTED LOGIN]   for client : jffe@000 / 127.0.0.1.
2020-05-25T15:45:05.550Z [15dfe1955d0d7f03] [ACCEPTED LOGIN]   for client : jffe@000 / 127.0.0.1.
2020-05-25T15:45:35.565Z [64943c37c5070bbc] [ACCEPTED LOGIN]   for client : jffe@000 / 127.0.0.1.
2020-05-25T15:45:35.568Z [63c9f74fde5a6cfe] [ACCEPTED LOGIN]   for client : jffe@000 / 127.0.0.1.
2020-05-25T15:45:35.573Z [5681c18c27fbf45b] [ACCEPTED LOGIN]   for client : jffe@000 / 127.0.0.1.
2020-05-25T15:45:35.583Z [29f3c02589d37480] [ACCEPTED LOGIN]   for client : jffe@000 / 127.0.0.1.
2020-05-25T15:46:05.565Z [c4850d2272078bb ] [ACCEPTED LOGIN]   for client : jffe@000 / 127.0.0.1.
2020-05-25T15:46:05.574Z [292bce0d0d89431b] [ACCEPTED LOGIN]   for client : jffe@000 / 127.0.0.1.
2020-05-25T15:46:05.574Z [25b97b853008aeb7] [ACCEPTED LOGIN]   for client : jffe@000 / 127.0.0.1.
2020-05-25T15:46:05.579Z [60adf4aee9c73a18] [ACCEPTED LOGIN]   for client : jffe@000 / 127.0.0.1.
2020-05-25T15:46:35.567Z [304712a0ee0b7501] [ACCEPTED LOGIN]   for client : jffe@000 / 127.0.0.1.
2020-05-25T15:46:35.568Z [48ef6d0730d36fc4] [ACCEPTED LOGIN]   for client : jffe@000 / 127.0.0.1.
2020-05-25T15:46:35.571Z [509c03b9db80fc14] [ACCEPTED LOGIN]   for client : jffe@000 / 127.0.0.1.
2020-05-25T15:46:35.572Z [2b8495328a2b2675] [ACCEPTED LOGIN]   for client : jffe@000 / 127.0.0.1.
2020-05-25T15:47:05.559Z [73b9b59bb64d9745] [ACCEPTED LOGIN]   for client : jffe@000 / 127.0.0.1.
2020-05-25T15:47:05.561Z [5507034e9ab800a2] [ACCEPTED LOGIN]   for client : jffe@000 / 127.0.0.1.
2020-05-25T15:47:05.561Z [7c6a673e1ce76b0f] [ACCEPTED LOGIN]   for client : jffe@000 / 127.0.0.1.
2020-05-25T15:47:05.593Z [7817543cc0a4a483] [ACCEPTED LOGIN]   for client : jffe@000 / 127.0.0.1.
2020-05-25T15:47:35.569Z [4a3d9f016b3e8223] [ACCEPTED LOGIN]   for client : jffe@000 / 127.0.0.1.
2020-05-25T15:47:35.570Z [6dc45389da92a302] [ACCEPTED LOGIN]   for client : jffe@000 / 127.0.0.1.
2020-05-25T15:47:35.574Z [47765a86fe7515de] [ACCEPTED LOGIN]   for client : jffe@000 / 127.0.0.1.
2020-05-25T15:47:35.574Z [53ec5896bab5de12] [ACCEPTED LOGIN]   for client : jffe@000 / 127.0.0.1.
2020-05-25T15:48:05.576Z [63bb1151b2870c5d] [ACCEPTED LOGIN]   for client : jffe@000 / 127.0.0.1.
2020-05-25T15:48:05.577Z [3e9146d84879037 ] [ACCEPTED LOGIN]   for client : jffe@000 / 127.0.0.1.
2020-05-25T15:48:05.582Z [2b8a909142677816] [ACCEPTED LOGIN]   for client : jffe@000 / 127.0.0.1.
2020-05-25T15:48:05.584Z [29b69f7f31369b6a] [ACCEPTED LOGIN]   for client : jffe@000 / 127.0.0.1.
2020-05-25T15:48:35.561Z [11bdc53271aa9b7c] [ACCEPTED LOGIN]   for client : jffe@000 / 127.0.0.1.
2020-05-25T15:48:35.572Z [510f01eee4989872] [ACCEPTED LOGIN]   for client : jffe@000 / 127.0.0.1.
2020-05-25T15:48:35.572Z [5e3ab3d2f1a5ab74] [ACCEPTED LOGIN]   for client : jffe@000 / 127.0.0.1.
2020-05-25T15:48:35.603Z [45aafeba33b8673b] [ACCEPTED LOGIN]   for client : jffe@000 / 127.0.0.1.
2020-05-25T15:49:05.568Z [17bd79b75ef0b04a] [ACCEPTED LOGIN]   for client : jffe@000 / 127.0.0.1.
2020-05-25T15:49:05.573Z [5735eb715cf63d43] [ACCEPTED LOGIN]   for client : jffe@000 / 127.0.0.1.
2020-05-25T15:49:05.577Z [60d7cfd1721dc83e] [ACCEPTED LOGIN]   for client : jffe@000 / 127.0.0.1.
2020-05-25T15:49:05.577Z [89d0242a2678481 ] [ACCEPTED LOGIN]   for client : jffe@000 / 127.0.0.1.
2020-05-25T15:49:35.570Z [42d158aeeabd8b89] [ACCEPTED LOGIN]   for client : jffe@000 / 127.0.0.1.
2020-05-25T15:49:35.573Z [30008eaa3e931e23] [ACCEPTED LOGIN]   for client : jffe@000 / 127.0.0.1.
2020-05-25T15:49:35.573Z [664d5589a734152b] [ACCEPTED LOGIN]   for client : jffe@000 / 127.0.0.1.
2020-05-25T15:49:35.567Z [3dc5f42bdc02082d] [ACCEPTED LOGIN]   for client : jffe@000 / 127.0.0.1.
2020-05-25T15:50:05.575Z [6bb76caa07420d24] [ACCEPTED LOGIN]   for client : jffe@000 / 127.0.0.1.
2020-05-25T15:50:05.576Z [7b1aa3306bfe80d2] [ACCEPTED LOGIN]   for client : jffe@000 / 127.0.0.1.
2020-05-25T15:50:05.579Z [734aef0bf1ebc036] [ACCEPTED LOGIN]   for client : jffe@000 / 127.0.0.1.
2020-05-25T15:50:05.581Z [5592b5bcb1db8714] [ACCEPTED LOGIN]   for client : jffe@000 / 127.0.0.1.
2020-05-25T15:50:35.611Z [1c368611a9bdbc3c] [ACCEPTED LOGIN]   for client : jffe@000 / 127.0.0.1.
2020-05-25T15:50:35.614Z [523540725eac74f7] [ACCEPTED LOGIN]   for client : jffe@000 / 127.0.0.1.
2020-05-25T15:50:35.618Z [7fac11c040cbf2bb] [ACCEPTED LOGIN]   for client : jffe@000 / 127.0.0.1.
2020-05-25T15:50:35.619Z [4ecf0bade0dd8680] [ACCEPTED LOGIN]   for client : jffe@000 / 127.0.0.1.
2020-05-25T15:51:05.576Z [7526089931cc2ce4] [ACCEPTED LOGIN]   for client : jffe@000 / 127.0.0.1.
2020-05-25T15:51:05.581Z [5de5aea5b65b8143] [ACCEPTED LOGIN]   for client : jffe@000 / 127.0.0.1.
2020-05-25T15:51:05.588Z [400afc685d8ec114] [ACCEPTED LOGIN]   for client : jffe@000 / 127.0.0.1.
2020-05-25T15:51:05.592Z [3ab1e07be8f784b0] [ACCEPTED LOGIN]   for client : jffe@000 / 127.0.0.1.
2020-05-25T15:51:35.565Z [2f464d949ce1023d] [ACCEPTED LOGIN]   for client : jffe@000 / 127.0.0.1.
2020-05-25T15:51:35.575Z [5d9f9fc18c1b3074] [ACCEPTED LOGIN]   for client : jffe@000 / 127.0.0.1.
2020-05-25T15:51:35.576Z [31ef2b2ba333148d] [ACCEPTED LOGIN]   for client : jffe@000 / 127.0.0.1.
2020-05-25T15:51:35.582Z [1d08c1928ec77de9] [ACCEPTED LOGIN]   for client : jffe@000 / 127.0.0.1.
2020-05-25T15:52:05.579Z [56790e0ade21c7f ] [ACCEPTED LOGIN]   for client : jffe@000 / 127.0.0.1.
2020-05-25T15:52:05.579Z [7bfaaf96d33c2710] [ACCEPTED LOGIN]   for client : jffe@000 / 127.0.0.1.
2020-05-25T15:52:05.586Z [6e12b13ad40ff5f3] [ACCEPTED LOGIN]   for client : jffe@000 / 127.0.0.1.
2020-05-25T15:52:05.604Z [37c4892ee3e57da0] [ACCEPTED LOGIN]   for client : jffe@000 / 127.0.0.1.
2020-05-25T15:52:35.583Z [a1e6985279a1b16 ] [ACCEPTED LOGIN]   for client : jffe@000 / 127.0.0.1.
2020-05-25T15:52:35.583Z [357842997f6831bb] [ACCEPTED LOGIN]   for client : jffe@000 / 127.0.0.1.
2020-05-25T15:52:35.586Z [30aa1ba4c799105b] [ACCEPTED LOGIN]   for client : jffe@000 / 127.0.0.1.
2020-05-25T15:52:35.586Z [6126d2be15b926f9] [ACCEPTED LOGIN]   for client : jffe@000 / 127.0.0.1.
2020-05-25T15:53:05.573Z [29732e1cd35b8d30] [ACCEPTED LOGIN]   for client : jffe@000 / 127.0.0.1.
2020-05-25T15:53:05.574Z [442d00186ae38907] [ACCEPTED LOGIN]   for client : jffe@000 / 127.0.0.1.
2020-05-25T15:53:05.578Z [1c8d3c38ca8b94a2] [ACCEPTED LOGIN]   for client : jffe@000 / 127.0.0.1.
2020-05-25T15:53:05.581Z [1433f6d7f5597cd3] [ACCEPTED LOGIN]   for client : jffe@000 / 127.0.0.1.
2020-05-25T15:53:35.611Z [6c0ef635096530a7] [ACCEPTED LOGIN]   for client : jffe@000 / 127.0.0.1.
2020-05-25T15:53:35.614Z [606d4613979141a8] [ACCEPTED LOGIN]   for client : jffe@000 / 127.0.0.1.
2020-05-25T15:53:35.611Z [70da11703951d063] [ACCEPTED LOGIN]   for client : jffe@000 / 127.0.0.1.
2020-05-25T15:53:35.644Z [19797d242455297e] [ACCEPTED LOGIN]   for client : jffe@000 / 127.0.0.1.
2020-05-25T15:54:05.578Z [6116840f6a8a5f0b] [ACCEPTED LOGIN]   for client : jffe@000 / 127.0.0.1.
2020-05-25T15:54:05.581Z [31415fb84f35b010] [ACCEPTED LOGIN]   for client : jffe@000 / 127.0.0.1.
2020-05-25T15:54:05.584Z [3a9d97e557c4043e] [ACCEPTED LOGIN]   for client : jffe@000 / 127.0.0.1.
2020-05-25T15:54:05.586Z [5f24ec9393ce741d] [ACCEPTED LOGIN]   for client : jffe@000 / 127.0.0.1.
2020-05-25T15:54:35.583Z [5d83ac1ad896df10] [ACCEPTED LOGIN]   for client : jffe@000 / 127.0.0.1.
2020-05-25T15:54:35.589Z [17f29958103bba57] [ACCEPTED LOGIN]   for client : jffe@000 / 127.0.0.1.
2020-05-25T15:54:35.591Z [709c75721f92d7e2] [ACCEPTED LOGIN]   for client : jffe@000 / 127.0.0.1.
2020-05-25T15:54:35.594Z [ff98705a4c11a2c ] [ACCEPTED LOGIN]   for client : jffe@000 / 127.0.0.1.
2020-05-25T15:55:05.596Z [43570fa03672531b] [ACCEPTED LOGIN]   for client : jffe@000 / 127.0.0.1.
2020-05-25T15:55:05.596Z [1f31680832f95ae1] [ACCEPTED LOGIN]   for client : jffe@000 / 127.0.0.1.
2020-05-25T15:55:05.608Z [6369899c5a506265] [ACCEPTED LOGIN]   for client : jffe@000 / 127.0.0.1.
2020-05-25T15:55:05.610Z [1540311f567878e ] [ACCEPTED LOGIN]   for client : jffe@000 / 127.0.0.1.
2020-05-25T15:55:35.598Z [62ae68647b065c1d] [ACCEPTED LOGIN]   for client : jffe@000 / 127.0.0.1.
2020-05-25T15:55:35.598Z [45272e0584f2c058] [ACCEPTED LOGIN]   for client : jffe@000 / 127.0.0.1.
2020-05-25T15:55:35.598Z [771f89cee8cf2d80] [ACCEPTED LOGIN]   for client : jffe@000 / 127.0.0.1.
2020-05-25T15:55:35.606Z [4b995f0db4ce4e2b] [ACCEPTED LOGIN]   for client : jffe@000 / 127.0.0.1.
2020-05-25T15:56:05.588Z [4821f82ef5ce702c] [ACCEPTED LOGIN]   for client : jffe@000 / 127.0.0.1.
2020-05-25T15:56:05.597Z [37e3331615e6973e] [ACCEPTED LOGIN]   for client : jffe@000 / 127.0.0.1.
2020-05-25T15:56:05.607Z [1586bd44ae3ed714] [ACCEPTED LOGIN]   for client : jffe@000 / 127.0.0.1.
2020-05-25T15:56:05.614Z [52804df35d4622d1] [ACCEPTED LOGIN]   for client : jffe@000 / 127.0.0.1.
2020-05-25T15:56:35.591Z [7457a1269ee4c485] [ACCEPTED LOGIN]   for client : jffe@000 / 127.0.0.1.
2020-05-25T15:56:35.593Z [2d20d6efafdcb4ac] [ACCEPTED LOGIN]   for client : jffe@000 / 127.0.0.1.
2020-05-25T15:56:35.597Z [7ecbd08ea2e93b07] [ACCEPTED LOGIN]   for client : jffe@000 / 127.0.0.1.
2020-05-25T15:56:35.604Z [7776fabf12f1d89f] [ACCEPTED LOGIN]   for client : jffe@000 / 127.0.0.1.
2020-05-25T15:57:05.606Z [35254c1380816359] [ACCEPTED LOGIN]   for client : jffe@000 / 127.0.0.1.
2020-05-25T15:57:05.609Z [4d0b8caa4a8271ff] [ACCEPTED LOGIN]   for client : jffe@000 / 127.0.0.1.
2020-05-25T15:57:05.616Z [494e91f0329a80db] [ACCEPTED LOGIN]   for client : jffe@000 / 127.0.0.1.
2020-05-25T15:57:05.616Z [5d2b901858ad6de0] [ACCEPTED LOGIN]   for client : jffe@000 / 127.0.0.1.
2020-05-25T15:57:35.600Z [14e89b4b5f331c5c] [ACCEPTED LOGIN]   for client : jffe@000 / 127.0.0.1.
2020-05-25T15:57:35.602Z [2b911d81d08bb80f] [ACCEPTED LOGIN]   for client : jffe@000 / 127.0.0.1.
2020-05-25T15:57:35.602Z [6e44bc045ef87f26] [ACCEPTED LOGIN]   for client : jffe@000 / 127.0.0.1.
2020-05-25T15:57:35.605Z [68d630cebb9727d7] [ACCEPTED LOGIN]   for client : jffe@000 / 127.0.0.1.
2020-05-25T15:58:05.614Z [708156afec7f3124] [ACCEPTED LOGIN]   for client : jffe@000 / 127.0.0.1.
2020-05-25T15:58:05.617Z [55290868487afe19] [ACCEPTED LOGIN]   for client : jffe@000 / 127.0.0.1.
2020-05-25T15:58:05.621Z [4549af27a4c73a26] [ACCEPTED LOGIN]   for client : jffe@000 / 127.0.0.1.
2020-05-25T15:58:05.626Z [775c2cb5a1b5e280] [ACCEPTED LOGIN]   for client : jffe@000 / 127.0.0.1.
2020-05-25T15:58:35.617Z [4feacce5cb54a25c] [ACCEPTED LOGIN]   for client : jffe@000 / 127.0.0.1.
2020-05-25T15:58:35.620Z [2c354a803aa0d44c] [ACCEPTED LOGIN]   for client : jffe@000 / 127.0.0.1.
2020-05-25T15:58:35.623Z [4fe487313d5e1568] [ACCEPTED LOGIN]   for client : jffe@000 / 127.0.0.1.
2020-05-25T15:58:35.628Z [6297a4e4767616c0] [ACCEPTED LOGIN]   for client : jffe@000 / 127.0.0.1.
2020-05-25T15:59:05.624Z [a82a518c376945c ] [ACCEPTED LOGIN]   for client : jffe@000 / 127.0.0.1.
2020-05-25T15:59:05.624Z [427b2b5a1cd74ad0] [ACCEPTED LOGIN]   for client : jffe@000 / 127.0.0.1.
2020-05-25T15:59:05.637Z [2e0142d1f6506110] [ACCEPTED LOGIN]   for client : jffe@000 / 127.0.0.1.
2020-05-25T15:59:05.679Z [8cc095647e7d4fc ] [ACCEPTED LOGIN]   for client : jffe@000 / 127.0.0.1.
2020-05-25T15:59:35.613Z [5c7838a0f29db61e] [ACCEPTED LOGIN]   for client : jffe@000 / 127.0.0.1.
2020-05-25T15:59:35.620Z [92f72bf9671f7d5 ] [ACCEPTED LOGIN]   for client : jffe@000 / 127.0.0.1.
2020-05-25T15:59:35.621Z [349fff26bb9aef5c] [ACCEPTED LOGIN]   for client : jffe@000 / 127.0.0.1.
2020-05-25T15:59:35.621Z [25eac9596ce1f4b0] [ACCEPTED LOGIN]   for client : jffe@000 / 127.0.0.1.
2020-05-25T16:00:05.624Z [62d1b43cdd44da73] [ACCEPTED LOGIN]   for client : jffe@000 / 127.0.0.1.
2020-05-25T16:00:05.624Z [6046230a7c4c8057] [ACCEPTED LOGIN]   for client : jffe@000 / 127.0.0.1.
2020-05-25T16:00:05.637Z [67bac6f05f0d151f] [ACCEPTED LOGIN]   for client : jffe@000 / 127.0.0.1.
2020-05-25T16:00:05.640Z [55b5a8bdb9d0dc74] [ACCEPTED LOGIN]   for client : jffe@000 / 127.0.0.1.
2020-05-25T16:00:35.667Z [7b78ab47f2cef692] [ACCEPTED LOGIN]   for client : jffe@000 / 127.0.0.1.
2020-05-25T16:00:35.669Z [19b72c69d0e611c3] [ACCEPTED LOGIN]   for client : jffe@000 / 127.0.0.1.
2020-05-25T16:00:35.670Z [7ac71c6a2770d77a] [ACCEPTED LOGIN]   for client : jffe@000 / 127.0.0.1.
2020-05-25T16:00:35.687Z [487addd96b3f08  ] [ACCEPTED LOGIN]   for client : jffe@000 / 127.0.0.1.
2020-05-25T16:01:05.633Z [47f75220a7fcdb6 ] [ACCEPTED LOGIN]   for client : jffe@000 / 127.0.0.1.
2020-05-25T16:01:05.636Z [123a048ccbc79ceb] [ACCEPTED LOGIN]   for client : jffe@000 / 127.0.0.1.
2020-05-25T16:01:05.637Z [c1a2088b265c63c ] [ACCEPTED LOGIN]   for client : jffe@000 / 127.0.0.1.
2020-05-25T16:01:05.640Z [6f0d7612b5cd2587] [ACCEPTED LOGIN]   for client : jffe@000 / 127.0.0.1.
2020-05-25T16:01:35.634Z [79c8a10996d26262] [ACCEPTED LOGIN]   for client : jffe@000 / 127.0.0.1.
2020-05-25T16:01:35.639Z [26d87dedc3b6d901] [ACCEPTED LOGIN]   for client : jffe@000 / 127.0.0.1.
2020-05-25T16:01:35.641Z [4321914dbc2f5b21] [ACCEPTED LOGIN]   for client : jffe@000 / 127.0.0.1.
2020-05-25T16:01:35.645Z [1b00dca7d9a2ff76] [ACCEPTED LOGIN]   for client : jffe@000 / 127.0.0.1.
2020-05-25T16:02:05.645Z [4dee10edadafb804] [ACCEPTED LOGIN]   for client : jffe@000 / 127.0.0.1.
2020-05-25T16:02:05.657Z [558b61270498b77e] [ACCEPTED LOGIN]   for client : jffe@000 / 127.0.0.1.
2020-05-25T16:02:05.664Z [30c64da3bbbfe378] [ACCEPTED LOGIN]   for client : jffe@000 / 127.0.0.1.
2020-05-25T16:02:05.678Z [d2b13859bdf9087 ] [ACCEPTED LOGIN]   for client : jffe@000 / 127.0.0.1.
2020-05-25T16:02:35.642Z [7b1c9ec64e8345e2] [ACCEPTED LOGIN]   for client : jffe@000 / 127.0.0.1.
2020-05-25T16:02:35.644Z [2e79a0b846960e9b] [ACCEPTED LOGIN]   for client : jffe@000 / 127.0.0.1.
2020-05-25T16:02:35.646Z [7cfdea68057ce7ec] [ACCEPTED LOGIN]   for client : jffe@000 / 127.0.0.1.
2020-05-25T16:02:35.642Z [3e899ad4132a495c] [ACCEPTED LOGIN]   for client : jffe@000 / 127.0.0.1.
2020-05-25T16:03:05.629Z [11c831197d175c6c] [ACCEPTED LOGIN]   for client : jffe@000 / 127.0.0.1.
2020-05-25T16:03:05.629Z [62b23b192da82f3f] [ACCEPTED LOGIN]   for client : jffe@000 / 127.0.0.1.
2020-05-25T16:03:05.629Z [3b13b1ee15fa683d] [ACCEPTED LOGIN]   for client : jffe@000 / 127.0.0.1.
2020-05-25T16:03:05.633Z [1a42cfaa2adfa3aa] [ACCEPTED LOGIN]   for client : jffe@000 / 127.0.0.1.
2020-05-25T16:03:35.644Z [3169f7626cdbdc3a] [ACCEPTED LOGIN]   for client : jffe@000 / 127.0.0.1.
2020-05-25T16:03:35.645Z [2d6c844b702feede] [ACCEPTED LOGIN]   for client : jffe@000 / 127.0.0.1.
2020-05-25T16:03:35.645Z [778da8e45e292658] [ACCEPTED LOGIN]   for client : jffe@000 / 127.0.0.1.
2020-05-25T16:03:35.645Z [5bf5f49e55e0222a] [ACCEPTED LOGIN]   for client : jffe@000 / 127.0.0.1.
2020-05-25T16:04:05.654Z [4a7ea8ae0a7070f3] [ACCEPTED LOGIN]   for client : jffe@000 / 127.0.0.1.
2020-05-25T16:04:05.655Z [2be964a6af763af5] [ACCEPTED LOGIN]   for client : jffe@000 / 127.0.0.1.
2020-05-25T16:04:05.664Z [f6d68afd161e6d7 ] [ACCEPTED LOGIN]   for client : jffe@000 / 127.0.0.1.
2020-05-25T16:04:05.678Z [1c93a26a686aa5c3] [ACCEPTED LOGIN]   for client : jffe@000 / 127.0.0.1.
2020-05-25T16:04:35.636Z [226d8f26edfbbd00] [ACCEPTED LOGIN]   for client : jffe@000 / 127.0.0.1.
2020-05-25T16:04:35.645Z [4388cb804cf12f8f] [ACCEPTED LOGIN]   for client : jffe@000 / 127.0.0.1.
2020-05-25T16:04:35.660Z [5f12d18cf02c12e6] [ACCEPTED LOGIN]   for client : jffe@000 / 127.0.0.1.
2020-05-25T16:04:35.668Z [101bfc4a5d3196ad] [ACCEPTED LOGIN]   for client : jffe@000 / 127.0.0.1.
2020-05-25T16:05:05.636Z [8a469cf431bbb12 ] [ACCEPTED LOGIN]   for client : jffe@000 / 127.0.0.1.
2020-05-25T16:05:05.637Z [2ba48e53e4836326] [ACCEPTED LOGIN]   for client : jffe@000 / 127.0.0.1.
2020-05-25T16:05:05.637Z [783ef38ca09654b9] [ACCEPTED LOGIN]   for client : jffe@000 / 127.0.0.1.
2020-05-25T16:05:05.640Z [6ed1867fe66a1adc] [ACCEPTED LOGIN]   for client : jffe@000 / 127.0.0.1.
2020-05-25T16:05:35.640Z [2a8c40cd4a7a6bc7] [ACCEPTED LOGIN]   for client : jffe@000 / 127.0.0.1.
2020-05-25T16:05:35.640Z [5656e2cce459e5c8] [ACCEPTED LOGIN]   for client : jffe@000 / 127.0.0.1.
2020-05-25T16:05:35.650Z [7622c05f8c8c92fa] [ACCEPTED LOGIN]   for client : jffe@000 / 127.0.0.1.
2020-05-25T16:05:35.652Z [35110c62d425c580] [ACCEPTED LOGIN]   for client : jffe@000 / 127.0.0.1.
2020-05-25T16:06:05.638Z [1f026ae796781ec7] [ACCEPTED LOGIN]   for client : jffe@000 / 127.0.0.1.
2020-05-25T16:06:05.645Z [1bde2dc2265f8477] [ACCEPTED LOGIN]   for client : jffe@000 / 127.0.0.1.
2020-05-25T16:06:05.664Z [2050a2f71f9cfbcd] [ACCEPTED LOGIN]   for client : jffe@000 / 127.0.0.1.
2020-05-25T16:06:05.667Z [b00ba54865198d9 ] [ACCEPTED LOGIN]   for client : jffe@000 / 127.0.0.1.
2020-05-25T16:06:35.680Z [71b46f89d4ec8460] [ACCEPTED LOGIN]   for client : jffe@000 / 127.0.0.1.
2020-05-25T16:06:35.684Z [4d8dddd8b7a496f9] [ACCEPTED LOGIN]   for client : jffe@000 / 127.0.0.1.
2020-05-25T16:06:35.684Z [51643edddacc9a2c] [ACCEPTED LOGIN]   for client : jffe@000 / 127.0.0.1.
2020-05-25T16:06:35.695Z [4a02c6a6b1c89e10] [ACCEPTED LOGIN]   for client : jffe@000 / 127.0.0.1.
2020-05-25T16:07:05.648Z [3bfbcb3ea72bbeba] [ACCEPTED LOGIN]   for client : jffe@000 / 127.0.0.1.
2020-05-25T16:07:05.648Z [5ae8d0790747c201] [ACCEPTED LOGIN]   for client : jffe@000 / 127.0.0.1.
2020-05-25T16:07:05.651Z [53fe94b3e6e8bdca] [ACCEPTED LOGIN]   for client : jffe@000 / 127.0.0.1.
2020-05-25T16:07:05.651Z [39050d5e80110f5a] [ACCEPTED LOGIN]   for client : jffe@000 / 127.0.0.1.
2020-05-25T16:07:35.672Z [50a4e5b6db08dc1e] [ACCEPTED LOGIN]   for client : jffe@000 / 127.0.0.1.
2020-05-25T16:07:35.675Z [1c8e5c232684b714] [ACCEPTED LOGIN]   for client : jffe@000 / 127.0.0.1.
2020-05-25T16:07:35.676Z [1b5aa00cbe6e3c86] [ACCEPTED LOGIN]   for client : jffe@000 / 127.0.0.1.
2020-05-25T16:07:35.677Z [6d53d0bf0cf18740] [ACCEPTED LOGIN]   for client : jffe@000 / 127.0.0.1.
2020-05-25T16:08:05.658Z [2c147ab7f65e17a3] [ACCEPTED LOGIN]   for client : jffe@000 / 127.0.0.1.
2020-05-25T16:08:05.666Z [6b816aea16ce284f] [ACCEPTED LOGIN]   for client : jffe@000 / 127.0.0.1.
2020-05-25T16:08:05.667Z [147f1d72d7176fb6] [ACCEPTED LOGIN]   for client : jffe@000 / 127.0.0.1.
2020-05-25T16:08:05.669Z [64fff51be88d10b ] [ACCEPTED LOGIN]   for client : jffe@000 / 127.0.0.1.
2020-05-25T16:08:35.675Z [67754c9072e1de88] [ACCEPTED LOGIN]   for client : jffe@000 / 127.0.0.1.
2020-05-25T16:08:35.678Z [13a486a8cbe7af67] [ACCEPTED LOGIN]   for client : jffe@000 / 127.0.0.1.
2020-05-25T16:08:35.683Z [30f81e166ec66c00] [ACCEPTED LOGIN]   for client : jffe@000 / 127.0.0.1.
2020-05-25T16:08:35.683Z [1e062d959405ba5f] [ACCEPTED LOGIN]   for client : jffe@000 / 127.0.0.1.
2020-05-25T16:09:05.670Z [4f55ebb8d0983d2 ] [ACCEPTED LOGIN]   for client : jffe@000 / 127.0.0.1.
2020-05-25T16:09:05.676Z [6eb1c510f678e98b] [ACCEPTED LOGIN]   for client : jffe@000 / 127.0.0.1.
2020-05-25T16:09:05.680Z [6dde13b7725653fb] [ACCEPTED LOGIN]   for client : jffe@000 / 127.0.0.1.
2020-05-25T16:09:05.681Z [4111cc148d27f63 ] [ACCEPTED LOGIN]   for client : jffe@000 / 127.0.0.1.
2020-05-25T16:09:35.671Z [3ae4987b0ee00a44] [ACCEPTED LOGIN]   for client : jffe@000 / 127.0.0.1.
2020-05-25T16:09:35.676Z [5a36746813158e1c] [ACCEPTED LOGIN]   for client : jffe@000 / 127.0.0.1.
2020-05-25T16:09:35.677Z [2e2e7759e173f01b] [ACCEPTED LOGIN]   for client : jffe@000 / 127.0.0.1.
2020-05-25T16:09:35.679Z [59caca6b9eb80a05] [ACCEPTED LOGIN]   for client : jffe@000 / 127.0.0.1.
2020-05-25T16:10:05.670Z [7464cbd83d63968f] [ACCEPTED LOGIN]   for client : jffe@000 / 127.0.0.1.
2020-05-25T16:10:05.671Z [4bad08c681e616a6] [ACCEPTED LOGIN]   for client : jffe@000 / 127.0.0.1.
2020-05-25T16:10:05.674Z [25c1d6afc09278bf] [ACCEPTED LOGIN]   for client : jffe@000 / 127.0.0.1.
2020-05-25T16:10:05.671Z [6a8e836c4de0e28d] [ACCEPTED LOGIN]   for client : jffe@000 / 127.0.0.1.
2020-05-25T16:10:35.693Z [27d9c3866f0824b4] [ACCEPTED LOGIN]   for client : jffe@000 / 127.0.0.1.
2020-05-25T16:10:35.705Z [1216a6e1bbb9fb24] [ACCEPTED LOGIN]   for client : jffe@000 / 127.0.0.1.
2020-05-25T16:10:35.718Z [685d4aa1a5602727] [ACCEPTED LOGIN]   for client : jffe@000 / 127.0.0.1.
2020-05-25T16:10:35.718Z [76a59b6e0f35c196] [ACCEPTED LOGIN]   for client : jffe@000 / 127.0.0.1.
2020-05-25T16:11:05.673Z [1b56578bb50e26a5] [ACCEPTED LOGIN]   for client : jffe@000 / 127.0.0.1.
2020-05-25T16:11:05.674Z [44c07e8718820d07] [ACCEPTED LOGIN]   for client : jffe@000 / 127.0.0.1.
2020-05-25T16:11:05.687Z [7951a3bee62a2e06] [ACCEPTED LOGIN]   for client : jffe@000 / 127.0.0.1.
2020-05-25T16:11:05.687Z [3c6f5efeaabeddc8] [ACCEPTED LOGIN]   for client : jffe@000 / 127.0.0.1.
2020-05-25T16:11:35.661Z [2d51411dd0806493] [ACCEPTED LOGIN]   for client : jffe@000 / 127.0.0.1.
2020-05-25T16:11:35.691Z [668a2cc46c1a151b] [ACCEPTED LOGIN]   for client : jffe@000 / 127.0.0.1.
2020-05-25T16:11:35.693Z [4783b5cdc1fe21be] [ACCEPTED LOGIN]   for client : jffe@000 / 127.0.0.1.
2020-05-25T16:11:35.696Z [1b23b7abb7f1efad] [ACCEPTED LOGIN]   for client : jffe@000 / 127.0.0.1.
2020-05-25T16:12:05.663Z [7230146978987dfa] [ACCEPTED LOGIN]   for client : jffe@000 / 127.0.0.1.
2020-05-25T16:12:05.664Z [bfba47159508141 ] [ACCEPTED LOGIN]   for client : jffe@000 / 127.0.0.1.
2020-05-25T16:12:05.666Z [4e13abb03be8e46c] [ACCEPTED LOGIN]   for client : jffe@000 / 127.0.0.1.
2020-05-25T16:12:05.690Z [44c8f6478efc0859] [ACCEPTED LOGIN]   for client : jffe@000 / 127.0.0.1.
2020-05-25T16:12:35.705Z [6c8a045dc21e871e] [ACCEPTED LOGIN]   for client : jffe@000 / 127.0.0.1.
2020-05-25T16:12:35.705Z [3e6addb40a5fc748] [ACCEPTED LOGIN]   for client : jffe@000 / 127.0.0.1.
2020-05-25T16:12:35.709Z [66a6e0b5947725e4] [ACCEPTED LOGIN]   for client : jffe@000 / 127.0.0.1.
2020-05-25T16:12:35.714Z [4aa02e707998cc6e] [ACCEPTED LOGIN]   for client : jffe@000 / 127.0.0.1.
2020-05-25T16:13:05.693Z [54634bbb030b6dea] [ACCEPTED LOGIN]   for client : jffe@000 / 127.0.0.1.
2020-05-25T16:13:05.696Z [d9c88637cfa7d6b ] [ACCEPTED LOGIN]   for client : jffe@000 / 127.0.0.1.
2020-05-25T16:13:05.697Z [26d31e9077d0895f] [ACCEPTED LOGIN]   for client : jffe@000 / 127.0.0.1.
2020-05-25T16:13:05.700Z [168185e7793746f4] [ACCEPTED LOGIN]   for client : jffe@000 / 127.0.0.1.
2020-05-25T16:13:35.687Z [2da0958b062e1a60] [ACCEPTED LOGIN]   for client : jffe@000 / 127.0.0.1.
2020-05-25T16:13:35.687Z [493a89fd9a802a09] [ACCEPTED LOGIN]   for client : jffe@000 / 127.0.0.1.
2020-05-25T16:13:35.689Z [68bb9aa7f0e2c27 ] [ACCEPTED LOGIN]   for client : jffe@000 / 127.0.0.1.
2020-05-25T16:13:35.690Z [28f3d1f13c2e10aa] [ACCEPTED LOGIN]   for client : jffe@000 / 127.0.0.1.
2020-05-25T16:14:05.674Z [19affa57474f2906] [ACCEPTED LOGIN]   for client : jffe@000 / 127.0.0.1.
2020-05-25T16:14:05.681Z [31c4d1154e1febdb] [ACCEPTED LOGIN]   for client : jffe@000 / 127.0.0.1.
2020-05-25T16:14:05.682Z [42c3e8380f8fe971] [ACCEPTED LOGIN]   for client : jffe@000 / 127.0.0.1.
2020-05-25T16:14:05.685Z [58052411592e87a6] [ACCEPTED LOGIN]   for client : jffe@000 / 127.0.0.1.
2020-05-25T16:14:35.694Z [72431a347579e4dc] [ACCEPTED LOGIN]   for client : jffe@000 / 127.0.0.1.
2020-05-25T16:14:35.697Z [55d223b50f87cf91] [ACCEPTED LOGIN]   for client : jffe@000 / 127.0.0.1.
2020-05-25T16:14:35.702Z [3d5860735f713f41] [ACCEPTED LOGIN]   for client : jffe@000 / 127.0.0.1.
2020-05-25T16:14:35.710Z [327f744926756108] [ACCEPTED LOGIN]   for client : jffe@000 / 127.0.0.1.
2020-05-25T16:15:05.689Z [2853448fe869968 ] [ACCEPTED LOGIN]   for client : jffe@000 / 127.0.0.1.
2020-05-25T16:15:05.691Z [6129a7be105d3cc8] [ACCEPTED LOGIN]   for client : jffe@000 / 127.0.0.1.
2020-05-25T16:15:05.693Z [23aace11aa1b586c] [ACCEPTED LOGIN]   for client : jffe@000 / 127.0.0.1.
2020-05-25T16:15:05.695Z [5bb8609d5e693b3d] [ACCEPTED LOGIN]   for client : jffe@000 / 127.0.0.1.
2020-05-25T16:15:35.697Z [524fe91267aad4ab] [ACCEPTED LOGIN]   for client : jffe@000 / 127.0.0.1.
2020-05-25T16:15:35.699Z [2c49de2c3a3a27ae] [ACCEPTED LOGIN]   for client : jffe@000 / 127.0.0.1.
2020-05-25T16:15:35.701Z [7e137d5284f304bd] [ACCEPTED LOGIN]   for client : jffe@000 / 127.0.0.1.
2020-05-25T16:15:35.705Z [9de5b19b5c30dd6 ] [ACCEPTED LOGIN]   for client : jffe@000 / 127.0.0.1.
2020-05-25T16:16:05.694Z [461bed0ae5e2b83e] [ACCEPTED LOGIN]   for client : jffe@000 / 127.0.0.1.
2020-05-25T16:16:05.706Z [45613b5942976996] [ACCEPTED LOGIN]   for client : jffe@000 / 127.0.0.1.
2020-05-25T16:16:05.712Z [5ffd1b58ddfa4d30] [ACCEPTED LOGIN]   for client : jffe@000 / 127.0.0.1.
2020-05-25T16:16:05.717Z [a216b8270dc2b49 ] [ACCEPTED LOGIN]   for client : jffe@000 / 127.0.0.1.
2020-05-25T16:16:35.695Z [4f3cc4eaded2f105] [ACCEPTED LOGIN]   for client : jffe@000 / 127.0.0.1.
2020-05-25T16:16:35.695Z [21f47c029b820609] [ACCEPTED LOGIN]   for client : jffe@000 / 127.0.0.1.
2020-05-25T16:16:35.701Z [6b0b553e3f744086] [ACCEPTED LOGIN]   for client : jffe@000 / 127.0.0.1.
2020-05-25T16:16:35.716Z [20e6b14c66ff079a] [ACCEPTED LOGIN]   for client : jffe@000 / 127.0.0.1.
2020-05-25T16:17:05.688Z [2bf59cf59efac62c] [ACCEPTED LOGIN]   for client : jffe@000 / 127.0.0.1.
2020-05-25T16:17:05.688Z [72a9a7f0e027291f] [ACCEPTED LOGIN]   for client : jffe@000 / 127.0.0.1.
2020-05-25T16:17:05.695Z [79bfb55ebd820c90] [ACCEPTED LOGIN]   for client : jffe@000 / 127.0.0.1.
2020-05-25T16:17:05.697Z [3b3d63ccb1fbfe47] [ACCEPTED LOGIN]   for client : jffe@000 / 127.0.0.1.
2020-05-25T16:17:35.688Z [4f015b2a8176d0bf] [ACCEPTED LOGIN]   for client : jffe@000 / 127.0.0.1.
2020-05-25T16:17:35.694Z [1eacc7bc7ec726de] [ACCEPTED LOGIN]   for client : jffe@000 / 127.0.0.1.
2020-05-25T16:17:35.700Z [72c84b1d629192ec] [ACCEPTED LOGIN]   for client : jffe@000 / 127.0.0.1.
2020-05-25T16:17:35.713Z [31ffa81e9b1d9ab9] [ACCEPTED LOGIN]   for client : jffe@000 / 127.0.0.1.
2020-05-25T16:18:05.697Z [481d765588d8528f] [ACCEPTED LOGIN]   for client : jffe@000 / 127.0.0.1.
2020-05-25T16:18:05.702Z [6e9573e0a3d91ebc] [ACCEPTED LOGIN]   for client : jffe@000 / 127.0.0.1.
2020-05-25T16:18:05.702Z [2457e74ae9f38996] [ACCEPTED LOGIN]   for client : jffe@000 / 127.0.0.1.
2020-05-25T16:18:05.705Z [59bc157f2d940223] [ACCEPTED LOGIN]   for client : jffe@000 / 127.0.0.1.
2020-05-25T16:18:35.695Z [68fbb3fe7b69f850] [ACCEPTED LOGIN]   for client : jffe@000 / 127.0.0.1.
2020-05-25T16:18:35.697Z [747732bbac4d753a] [ACCEPTED LOGIN]   for client : jffe@000 / 127.0.0.1.
2020-05-25T16:18:35.698Z [7d80d2546fe254dd] [ACCEPTED LOGIN]   for client : jffe@000 / 127.0.0.1.
2020-05-25T16:18:35.698Z [7e1660047dab58fb] [ACCEPTED LOGIN]   for client : jffe@000 / 127.0.0.1.
2020-05-25T16:19:05.701Z [6ff8e1cebdd9764e] [ACCEPTED LOGIN]   for client : jffe@000 / 127.0.0.1.
2020-05-25T16:19:05.701Z [27b6d550e3b526f5] [ACCEPTED LOGIN]   for client : jffe@000 / 127.0.0.1.
2020-05-25T16:19:05.701Z [62d44b66415155e0] [ACCEPTED LOGIN]   for client : jffe@000 / 127.0.0.1.
2020-05-25T16:19:05.708Z [ef7ee2aa4b73dd0 ] [ACCEPTED LOGIN]   for client : jffe@000 / 127.0.0.1.
2020-05-25T16:19:35.700Z [8341915249000e4 ] [ACCEPTED LOGIN]   for client : jffe@000 / 127.0.0.1.
2020-05-25T16:19:35.704Z [6a2e752bf6532d6c] [ACCEPTED LOGIN]   for client : jffe@000 / 127.0.0.1.
2020-05-25T16:19:35.719Z [67c59a7c0e67bb0 ] [ACCEPTED LOGIN]   for client : jffe@000 / 127.0.0.1.
2020-05-25T16:20:05.692Z [5321634ead0b495c] [ACCEPTED LOGIN]   for client : jffe@000 / 127.0.0.1.
2020-05-25T16:20:05.692Z [67acc82eba240dcb] [ACCEPTED LOGIN]   for client : jffe@000 / 127.0.0.1.
2020-05-25T16:20:05.700Z [7d9c8f0876e7e9d3] [ACCEPTED LOGIN]   for client : jffe@000 / 127.0.0.1.
2020-05-25T16:20:05.703Z [7e665fc4275b68bf] [ACCEPTED LOGIN]   for client : jffe@000 / 127.0.0.1.
2020-05-25T16:20:35.730Z [11dcb5b22a85c251] [ACCEPTED LOGIN]   for client : jffe@000 / 127.0.0.1.
2020-05-25T16:20:35.732Z [728ebc4015df64e2] [ACCEPTED LOGIN]   for client : jffe@000 / 127.0.0.1.
2020-05-25T16:20:35.776Z [5539dd36b0e87c07] [ACCEPTED LOGIN]   for client : jffe@000 / 127.0.0.1.
2020-05-25T16:20:35.778Z [7ecf1b3d31872249] [ACCEPTED LOGIN]   for client : jffe@000 / 127.0.0.1.
2020-05-25T16:21:05.701Z [2d3f7638a6eee050] [ACCEPTED LOGIN]   for client : jffe@000 / 127.0.0.1.
2020-05-25T16:21:05.701Z [7122d12bfb1915  ] [ACCEPTED LOGIN]   for client : jffe@000 / 127.0.0.1.
2020-05-25T16:21:05.709Z [3f104cb550bc694 ] [ACCEPTED LOGIN]   for client : jffe@000 / 127.0.0.1.
2020-05-25T16:21:05.717Z [2164a2bee8182dad] [ACCEPTED LOGIN]   for client : jffe@000 / 127.0.0.1.
2020-05-25T16:21:35.695Z [7b7f2df9c8ed0dff] [ACCEPTED LOGIN]   for client : jffe@000 / 127.0.0.1.
2020-05-25T16:21:35.698Z [6487052adf35d6af] [ACCEPTED LOGIN]   for client : jffe@000 / 127.0.0.1.
2020-05-25T16:21:35.711Z [29acc7573c2e8880] [ACCEPTED LOGIN]   for client : jffe@000 / 127.0.0.1.
2020-05-25T16:21:35.712Z [7b91e84d4eaa7dc ] [ACCEPTED LOGIN]   for client : jffe@000 / 127.0.0.1.
2020-05-25T16:22:05.712Z [f2ff6711999c0b5 ] [ACCEPTED LOGIN]   for client : jffe@000 / 127.0.0.1.
2020-05-25T16:22:05.716Z [9bc5cd1131b2e5f ] [ACCEPTED LOGIN]   for client : jffe@000 / 127.0.0.1.
2020-05-25T16:22:05.723Z [61948a2edb955917] [ACCEPTED LOGIN]   for client : jffe@000 / 127.0.0.1.
2020-05-25T16:22:05.729Z [2c50f3d55e0eb4e8] [ACCEPTED LOGIN]   for client : jffe@000 / 127.0.0.1.
2020-05-25T16:22:35.702Z [4b1fbd3c3a062300] [ACCEPTED LOGIN]   for client : jffe@000 / 127.0.0.1.
2020-05-25T16:22:35.707Z [19ad684873b9e194] [ACCEPTED LOGIN]   for client : jffe@000 / 127.0.0.1.
2020-05-25T16:22:35.716Z [5d517082e70f2471] [ACCEPTED LOGIN]   for client : jffe@000 / 127.0.0.1.
2020-05-25T16:22:35.718Z [73b709da6e111d5e] [ACCEPTED LOGIN]   for client : jffe@000 / 127.0.0.1.
2020-05-25T16:23:05.701Z [535343144cc1cd61] [ACCEPTED LOGIN]   for client : jffe@000 / 127.0.0.1.
2020-05-25T16:23:05.704Z [2a3d58a12d8cc6e8] [ACCEPTED LOGIN]   for client : jffe@000 / 127.0.0.1.
2020-05-25T16:23:05.707Z [10425da9b7eff3d9] [ACCEPTED LOGIN]   for client : jffe@000 / 127.0.0.1.
2020-05-25T16:23:05.711Z [31f728fbdd0a5aa2] [ACCEPTED LOGIN]   for client : jffe@000 / 127.0.0.1.
2020-05-25T16:23:35.708Z [129bb973f48d4a6f] [ACCEPTED LOGIN]   for client : jffe@000 / 127.0.0.1.
2020-05-25T16:23:35.710Z [35fd678bb30a4b3d] [ACCEPTED LOGIN]   for client : jffe@000 / 127.0.0.1.
2020-05-25T16:23:35.716Z [44140c7b76cb5180] [ACCEPTED LOGIN]   for client : jffe@000 / 127.0.0.1.
2020-05-25T16:23:35.729Z [5d90181d5630332a] [ACCEPTED LOGIN]   for client : jffe@000 / 127.0.0.1.
2020-05-25T16:24:05.725Z [6334f6dda2e23f51] [ACCEPTED LOGIN]   for client : jffe@000 / 127.0.0.1.
2020-05-25T16:24:05.728Z [315accfb58efd675] [ACCEPTED LOGIN]   for client : jffe@000 / 127.0.0.1.
2020-05-25T16:24:05.730Z [7cec367e2d1081c4] [ACCEPTED LOGIN]   for client : jffe@000 / 127.0.0.1.
2020-05-25T16:24:05.736Z [5ca38e19627869ad] [ACCEPTED LOGIN]   for client : jffe@000 / 127.0.0.1.
2020-05-25T16:24:35.710Z [31fef8a2fea8f3fa] [ACCEPTED LOGIN]   for client : jffe@000 / 127.0.0.1.
2020-05-25T16:24:35.710Z [4680f5b987b71a5f] [ACCEPTED LOGIN]   for client : jffe@000 / 127.0.0.1.
2020-05-25T16:24:35.710Z [28ceae2d2767a1f1] [ACCEPTED LOGIN]   for client : jffe@000 / 127.0.0.1.
2020-05-25T16:24:35.712Z [1533821f111f00ca] [ACCEPTED LOGIN]   for client : jffe@000 / 127.0.0.1.
2020-05-25T16:25:05.728Z [16fd7b2628d19b6 ] [ACCEPTED LOGIN]   for client : jffe@000 / 127.0.0.1.
2020-05-25T16:25:05.729Z [328f89f054f67982] [ACCEPTED LOGIN]   for client : jffe@000 / 127.0.0.1.
2020-05-25T16:25:05.732Z [20cc04e6f4d90ccc] [ACCEPTED LOGIN]   for client : jffe@000 / 127.0.0.1.
2020-05-25T16:25:05.733Z [1dfd3d9b0eef9e07] [ACCEPTED LOGIN]   for client : jffe@000 / 127.0.0.1.
2020-05-25T16:25:35.721Z [1759a2518ea22b6c] [ACCEPTED LOGIN]   for client : jffe@000 / 127.0.0.1.
2020-05-25T16:25:35.725Z [f4b0f90e1d0a80d ] [ACCEPTED LOGIN]   for client : jffe@000 / 127.0.0.1.
2020-05-25T16:25:35.727Z [548bd0880c732e9c] [ACCEPTED LOGIN]   for client : jffe@000 / 127.0.0.1.
2020-05-25T16:25:35.729Z [697181f86b98981d] [ACCEPTED LOGIN]   for client : jffe@000 / 127.0.0.1.
2020-05-25T16:26:05.715Z [24efbd066c916cea] [ACCEPTED LOGIN]   for client : jffe@000 / 127.0.0.1.
2020-05-25T16:26:05.715Z [763583b72304172d] [ACCEPTED LOGIN]   for client : jffe@000 / 127.0.0.1.
2020-05-25T16:26:05.715Z [28f4adfef8989806] [ACCEPTED LOGIN]   for client : jffe@000 / 127.0.0.1.
2020-05-25T16:26:05.722Z [14a6e1f6ae8a0e4d] [ACCEPTED LOGIN]   for client : jffe@000 / 127.0.0.1.
2020-05-25T16:26:35.730Z [5b4ccf1db917fa2e] [ACCEPTED LOGIN]   for client : jffe@000 / 127.0.0.1.
2020-05-25T16:26:35.731Z [c259dfda96a5f62 ] [ACCEPTED LOGIN]   for client : jffe@000 / 127.0.0.1.
2020-05-25T16:26:35.735Z [2f12317026418a32] [ACCEPTED LOGIN]   for client : jffe@000 / 127.0.0.1.
2020-05-25T16:26:35.742Z [7c2188778d29f71c] [ACCEPTED LOGIN]   for client : jffe@000 / 127.0.0.1.
2020-05-25T16:27:05.738Z [199a1c69ad2b3fc4] [ACCEPTED LOGIN]   for client : jffe@000 / 127.0.0.1.
2020-05-25T16:27:05.738Z [9a86c671e9e250c ] [ACCEPTED LOGIN]   for client : jffe@000 / 127.0.0.1.
2020-05-25T16:27:05.739Z [18dd270aaaded65d] [ACCEPTED LOGIN]   for client : jffe@000 / 127.0.0.1.
2020-05-25T16:27:05.740Z [23660762dac4485c] [ACCEPTED LOGIN]   for client : jffe@000 / 127.0.0.1.
2020-05-25T16:27:35.752Z [2392bc4eef89897e] [ACCEPTED LOGIN]   for client : jffe@000 / 127.0.0.1.
2020-05-25T16:27:35.754Z [72cb6ffab2a8c2e7] [ACCEPTED LOGIN]   for client : jffe@000 / 127.0.0.1.
2020-05-25T16:27:35.758Z [25607904cba99ead] [ACCEPTED LOGIN]   for client : jffe@000 / 127.0.0.1.
2020-05-25T16:27:35.758Z [4d8285ac2bfd1f81] [ACCEPTED LOGIN]   for client : jffe@000 / 127.0.0.1.
2020-05-25T16:28:05.741Z [4441cd42e2ed726a] [ACCEPTED LOGIN]   for client : jffe@000 / 127.0.0.1.
2020-05-25T16:28:05.742Z [7c3040d7d7c061bb] [ACCEPTED LOGIN]   for client : jffe@000 / 127.0.0.1.
2020-05-25T16:28:05.742Z [401b8caf129f2b69] [ACCEPTED LOGIN]   for client : jffe@000 / 127.0.0.1.
2020-05-25T16:28:05.750Z [3a63c6cc1daf295f] [ACCEPTED LOGIN]   for client : jffe@000 / 127.0.0.1.
2020-05-25T16:28:35.731Z [57127736f0e587d0] [ACCEPTED LOGIN]   for client : jffe@000 / 127.0.0.1.
2020-05-25T16:28:35.734Z [664d373d1050da81] [ACCEPTED LOGIN]   for client : jffe@000 / 127.0.0.1.
2020-05-25T16:28:35.735Z [38b1fbc3a70c0c39] [ACCEPTED LOGIN]   for client : jffe@000 / 127.0.0.1.
2020-05-25T16:28:35.740Z [30355deb79898725] [ACCEPTED LOGIN]   for client : jffe@000 / 127.0.0.1.
2020-05-25T16:29:05.753Z [64fae4f547c29b  ] [ACCEPTED LOGIN]   for client : jffe@000 / 127.0.0.1.
2020-05-25T16:29:05.755Z [5275155cd0f451f6] [ACCEPTED LOGIN]   for client : jffe@000 / 127.0.0.1.
2020-05-25T16:29:05.756Z [2cde8c5a618ca14e] [ACCEPTED LOGIN]   for client : jffe@000 / 127.0.0.1.
2020-05-25T16:29:05.761Z [66e1e003e7c80406] [ACCEPTED LOGIN]   for client : jffe@000 / 127.0.0.1.
2020-05-25T16:29:35.737Z [11c6d75ed1480b30] [ACCEPTED LOGIN]   for client : jffe@000 / 127.0.0.1.
2020-05-25T16:29:35.738Z [6e58647b30bac9a7] [ACCEPTED LOGIN]   for client : jffe@000 / 127.0.0.1.
2020-05-25T16:29:35.739Z [2b3186ac497992ad] [ACCEPTED LOGIN]   for client : jffe@000 / 127.0.0.1.
2020-05-25T16:29:35.739Z [21bfb63847910cf0] [ACCEPTED LOGIN]   for client : jffe@000 / 127.0.0.1.
2020-05-25T16:30:05.747Z [53aa7c20c61f6798] [ACCEPTED LOGIN]   for client : jffe@000 / 127.0.0.1.
2020-05-25T16:30:05.748Z [1ccdfc96d5e91f3b] [ACCEPTED LOGIN]   for client : jffe@000 / 127.0.0.1.
2020-05-25T16:30:05.749Z [77b11c36783bba75] [ACCEPTED LOGIN]   for client : jffe@000 / 127.0.0.1.
2020-05-25T16:30:05.750Z [6f91b43b90eee72d] [ACCEPTED LOGIN]   for client : jffe@000 / 127.0.0.1.
2020-05-25T16:30:35.765Z [e61f024c750d4a  ] [ACCEPTED LOGIN]   for client : jffe@000 / 127.0.0.1.
2020-05-25T16:30:35.771Z [15f693171bc588e8] [ACCEPTED LOGIN]   for client : jffe@000 / 127.0.0.1.
2020-05-25T16:30:35.771Z [76fb24567d885ed5] [ACCEPTED LOGIN]   for client : jffe@000 / 127.0.0.1.
2020-05-25T16:30:35.776Z [5406159069744869] [ACCEPTED LOGIN]   for client : jffe@000 / 127.0.0.1.
2020-05-25T16:31:05.736Z [6b4150a62437afe4] [ACCEPTED LOGIN]   for client : jffe@000 / 127.0.0.1.
2020-05-25T16:31:05.740Z [737c704df3a7bf3b] [ACCEPTED LOGIN]   for client : jffe@000 / 127.0.0.1.
2020-05-25T16:31:05.744Z [58ede0ee0b79fe35] [ACCEPTED LOGIN]   for client : jffe@000 / 127.0.0.1.
2020-05-25T16:31:05.755Z [60ed1748bb1c2f4a] [ACCEPTED LOGIN]   for client : jffe@000 / 127.0.0.1.
2020-05-25T16:31:35.756Z [48e68c28afbe52ac] [ACCEPTED LOGIN]   for client : jffe@000 / 127.0.0.1.
2020-05-25T16:31:35.756Z [7ff105c151c302a6] [ACCEPTED LOGIN]   for client : jffe@000 / 127.0.0.1.
2020-05-25T16:31:35.756Z [7eeab096ba6a48bb] [ACCEPTED LOGIN]   for client : jffe@000 / 127.0.0.1.
2020-05-25T16:31:35.761Z [7750bfd31a976ce7] [ACCEPTED LOGIN]   for client : jffe@000 / 127.0.0.1.
2020-05-25T16:32:05.741Z [376cbae57188fa0b] [ACCEPTED LOGIN]   for client : jffe@000 / 127.0.0.1.
2020-05-25T16:32:05.746Z [7ef5278eb0dbe163] [ACCEPTED LOGIN]   for client : jffe@000 / 127.0.0.1.
2020-05-25T16:32:05.748Z [7d620f2fafcbaa05] [ACCEPTED LOGIN]   for client : jffe@000 / 127.0.0.1.
2020-05-25T16:32:05.748Z [45f84ffa12772004] [ACCEPTED LOGIN]   for client : jffe@000 / 127.0.0.1.
2020-05-25T16:32:35.737Z [21b46f571fb4b916] [ACCEPTED LOGIN]   for client : jffe@000 / 127.0.0.1.
2020-05-25T16:32:35.737Z [1cbb96af20d7041a] [ACCEPTED LOGIN]   for client : jffe@000 / 127.0.0.1.
2020-05-25T16:32:35.737Z [4b75401a9431f05a] [ACCEPTED LOGIN]   for client : jffe@000 / 127.0.0.1.
2020-05-25T16:32:35.739Z [12b889514300ea88] [ACCEPTED LOGIN]   for client : jffe@000 / 127.0.0.1.
2020-05-25T16:33:05.738Z [5b9a608fd3556a70] [ACCEPTED LOGIN]   for client : jffe@000 / 127.0.0.1.
2020-05-25T16:33:05.738Z [7f42d4bd2d0762fb] [ACCEPTED LOGIN]   for client : jffe@000 / 127.0.0.1.
2020-05-25T16:33:05.738Z [54e67239c3b1154d] [ACCEPTED LOGIN]   for client : jffe@000 / 127.0.0.1.
2020-05-25T16:33:05.761Z [3f1b32aeb935b98 ] [ACCEPTED LOGIN]   for client : jffe@000 / 127.0.0.1.
2020-05-25T16:33:35.747Z [704975c2ac7dcb6e] [ACCEPTED LOGIN]   for client : jffe@000 / 127.0.0.1.
2020-05-25T16:33:35.747Z [5be932b83bf60c28] [ACCEPTED LOGIN]   for client : jffe@000 / 127.0.0.1.
2020-05-25T16:33:35.751Z [110bf1da660cfe0 ] [ACCEPTED LOGIN]   for client : jffe@000 / 127.0.0.1.
2020-05-25T16:33:35.751Z [386f1801c1c6727b] [ACCEPTED LOGIN]   for client : jffe@000 / 127.0.0.1.
2020-05-25T16:34:05.751Z [71eec5d1cba1d6c6] [ACCEPTED LOGIN]   for client : jffe@000 / 127.0.0.1.
2020-05-25T16:34:05.753Z [66e72cbca248f431] [ACCEPTED LOGIN]   for client : jffe@000 / 127.0.0.1.
2020-05-25T16:34:05.759Z [5aeecd7a67f740c9] [ACCEPTED LOGIN]   for client : jffe@000 / 127.0.0.1.
2020-05-25T16:34:05.760Z [1804b565a1b3bc7f] [ACCEPTED LOGIN]   for client : jffe@000 / 127.0.0.1.
2020-05-25T16:34:35.751Z [464eb825f0a592bc] [ACCEPTED LOGIN]   for client : jffe@000 / 127.0.0.1.
2020-05-25T16:34:35.757Z [76f46b6f7237bb53] [ACCEPTED LOGIN]   for client : jffe@000 / 127.0.0.1.
2020-05-25T16:34:35.759Z [5c33b41e321a8184] [ACCEPTED LOGIN]   for client : jffe@000 / 127.0.0.1.
2020-05-25T16:34:35.757Z [23800ece355bdb57] [ACCEPTED LOGIN]   for client : jffe@000 / 127.0.0.1.
2020-05-25T16:35:05.750Z [b39ee22d9a45ba4 ] [ACCEPTED LOGIN]   for client : jffe@000 / 127.0.0.1.
2020-05-25T16:35:05.756Z [20f8aa9c087f8884] [ACCEPTED LOGIN]   for client : jffe@000 / 127.0.0.1.
2020-05-25T16:35:05.761Z [5e31a4d6654037e8] [ACCEPTED LOGIN]   for client : jffe@000 / 127.0.0.1.
2020-05-25T16:35:05.765Z [7acc92d5850b5e89] [ACCEPTED LOGIN]   for client : jffe@000 / 127.0.0.1.
2020-05-25T16:35:35.753Z [acae28c576064c5 ] [ACCEPTED LOGIN]   for client : jffe@000 / 127.0.0.1.
2020-05-25T16:35:35.753Z [36df8a002a383a8 ] [ACCEPTED LOGIN]   for client : jffe@000 / 127.0.0.1.
2020-05-25T16:35:35.757Z [1da855531bcbc690] [ACCEPTED LOGIN]   for client : jffe@000 / 127.0.0.1.
2020-05-25T16:35:35.760Z [a6a6a0f1599658  ] [ACCEPTED LOGIN]   for client : jffe@000 / 127.0.0.1.
2020-05-25T16:36:05.756Z [4fb903bbfcae48d4] [ACCEPTED LOGIN]   for client : jffe@000 / 127.0.0.1.
2020-05-25T16:36:05.756Z [71e83e538f0a9cc0] [ACCEPTED LOGIN]   for client : jffe@000 / 127.0.0.1.
2020-05-25T16:36:05.757Z [2f6141b8650f4643] [ACCEPTED LOGIN]   for client : jffe@000 / 127.0.0.1.
2020-05-25T16:36:05.768Z [573dbd7d634a9b58] [ACCEPTED LOGIN]   for client : jffe@000 / 127.0.0.1.
2020-05-25T16:36:35.752Z [7a3c14e3d1886006] [ACCEPTED LOGIN]   for client : jffe@000 / 127.0.0.1.
2020-05-25T16:36:35.760Z [697400d68373ce11] [ACCEPTED LOGIN]   for client : jffe@000 / 127.0.0.1.
2020-05-25T16:36:35.766Z [67c1314007656d6d] [ACCEPTED LOGIN]   for client : jffe@000 / 127.0.0.1.
2020-05-25T16:36:35.766Z [78eedf8b86780c0a] [ACCEPTED LOGIN]   for client : jffe@000 / 127.0.0.1.
2020-05-25T16:37:05.757Z [1664da905536db7f] [ACCEPTED LOGIN]   for client : jffe@000 / 127.0.0.1.
2020-05-25T16:37:05.757Z [eb182cfb7b23445 ] [ACCEPTED LOGIN]   for client : jffe@000 / 127.0.0.1.
2020-05-25T16:37:05.763Z [9eef893ef060121 ] [ACCEPTED LOGIN]   for client : jffe@000 / 127.0.0.1.
2020-05-25T16:37:05.766Z [3ee825ae611a87f3] [ACCEPTED LOGIN]   for client : jffe@000 / 127.0.0.1.
2020-05-25T16:37:35.771Z [42fce4fd99ae0744] [ACCEPTED LOGIN]   for client : jffe@000 / 127.0.0.1.
2020-05-25T16:37:35.797Z [384462b475083ef1] [ACCEPTED LOGIN]   for client : jffe@000 / 127.0.0.1.
2020-05-25T16:37:35.799Z [21d5ab1432abe474] [ACCEPTED LOGIN]   for client : jffe@000 / 127.0.0.1.
2020-05-25T16:37:35.801Z [625d66c33a012200] [ACCEPTED LOGIN]   for client : jffe@000 / 127.0.0.1.
