2020-05-22T18:44:22.458Z [36m[jfrou][0m [34m[INFO ][0m [74ceb0fe0f28f348] [bootstrap.go:70               ] [main                ] - Router (jfrou) service initialization started. Version: 1.3.0 Revision: 52dff67afbeb25ab9d5ce3577c420a6562acb89f PID: 2806 Home: /opt/jfrog/artifactory
2020-05-22T18:44:22.459Z [36m[jfrou][0m [34m[INFO ][0m [74ceb0fe0f28f348] [bootstrap.go:73               ] [main                ] - JFrog Router IP: 172.18.0.6
[DEBUG] Resolved system configuration file path: /opt/jfrog/artifactory/var/etc/system.yaml
NOTE: Picked up JDK_JAVA_OPTIONS:  --add-opens=java.base/java.lang=ALL-UNNAMED --add-opens=java.base/java.io=ALL-UNNAMED --add-opens=java.rmi/sun.rmi.transport=ALL-UNNAMED
2020-05-22T18:44:24.197Z [33m[jffe ][39m [34m[INFO ][39m [                ] [                              ] [main                ] - frontend (jffe) service initialization started. Version: 1.4.3 Revision: 0.0.0 PID: 2928 Home: /opt/jfrog/artifactory
2020-05-22T18:44:24.789L [35m[tomct][0m [INFO ] [                ] [org.apache.coyote.http11.Http11NioProtocol] [org.apache.coyote.AbstractProtocol init] - Initializing ProtocolHandler ["http-nio-8081"]
2020-05-22T18:44:24.871L [35m[tomct][0m [INFO ] [                ] [org.apache.tomcat.util.net.NioSelectorPool] [org.apache.tomcat.util.net.NioSelectorPool getSharedSelector] - Using a shared selector for servlet write/read
2020-05-22T18:44:24.899L [35m[tomct][0m [INFO ] [                ] [org.apache.coyote.http11.Http11NioProtocol] [org.apache.coyote.AbstractProtocol init] - Initializing ProtocolHandler ["http-nio-127.0.0.1-8091"]
2020-05-22T18:44:24.902L [35m[tomct][0m [INFO ] [                ] [org.apache.tomcat.util.net.NioSelectorPool] [org.apache.tomcat.util.net.NioSelectorPool getSharedSelector] - Using a shared selector for servlet write/read
2020-05-22T18:44:24.905L [35m[tomct][0m [INFO ] [                ] [org.apache.coyote.http11.Http11NioProtocol] [org.apache.coyote.AbstractProtocol init] - Initializing ProtocolHandler ["http-nio-127.0.0.1-8040"]
2020-05-22T18:44:24.907L [35m[tomct][0m [INFO ] [                ] [org.apache.tomcat.util.net.NioSelectorPool] [org.apache.tomcat.util.net.NioSelectorPool getSharedSelector] - Using a shared selector for servlet write/read
2020-05-22T18:44:24.926L [35m[tomct][0m [INFO ] [                ] [org.apache.catalina.core.StandardService] [org.apache.catalina.core.StandardService startInternal] - Starting service [Catalina]
2020-05-22T18:44:24.928L [35m[tomct][0m [INFO ] [                ] [org.apache.catalina.core.StandardEngine] [org.apache.catalina.core.StandardEngine startInternal] - Starting Servlet Engine: Apache Tomcat/8.5.41
2020-05-22T18:44:24.987L [35m[tomct][0m [INFO ] [                ] [org.apache.catalina.startup.HostConfig] [org.apache.catalina.startup.HostConfig deployDescriptor] - Deploying configuration descriptor [/opt/jfrog/artifactory/app/artifactory/tomcat/conf/Catalina/localhost/artifactory.xml]
2020-05-22T18:44:24.987L [35m[tomct][0m [INFO ] [                ] [org.apache.catalina.startup.HostConfig] [org.apache.catalina.startup.HostConfig deployDescriptor] - Deploying configuration descriptor [/opt/jfrog/artifactory/app/artifactory/tomcat/conf/Catalina/localhost/access.xml]
2020-05-22T18:44:25.099L [35m[tomct][0m [WARNING] [                ] [org.apache.catalina.startup.HostConfig] [org.apache.catalina.startup.HostConfig deployDescriptor] - A docBase [/opt/jfrog/artifactory/app/artifactory/tomcat/webapps/artifactory.war] inside the host appBase has been specified, and will be ignored
2020-05-22T18:44:25.099L [35m[tomct][0m [WARNING] [                ] [org.apache.catalina.startup.HostConfig] [org.apache.catalina.startup.HostConfig deployDescriptor] - A docBase [/opt/jfrog/artifactory/app/artifactory/tomcat/webapps/access.war] inside the host appBase has been specified, and will be ignored
2020-05-22T18:44:27.465Z [36m[jfrou][0m [34m[INFO ][0m [74ceb0fe0f28f348] [security_keys.go:114          ] [main                ] - Master key is missing. Pending for 5 seconds with 2m0s timeout
2020-05-22T18:44:27.786Z [34;1m[jfmd ][0m [34m[INFO ][0m [4844566ac1782144] [security_keys.go:114          ] [main                ] - Master key is missing. Pending for 5 seconds with 2m0s timeout [init]
2020-05-22T18:44:28.944Z [1;32m[jfrt ][0;39m [34m[INFO ][0;39m [c86f70bd80627866] [o.a.c.h.HaNodeProperties:67   ] [ocalhost-startStop-2] - Artifactory is running in non-clustered mode.
2020-05-22T18:44:29.003Z [1;32m[jfrt ][0;39m [34m[INFO ][0;39m [c86f70bd80627866] [tifactoryHomeConfigListener:70] [ocalhost-startStop-2] - Resolved Home: '/opt/jfrog/artifactory
2020-05-22T18:44:29.064Z [1;32m[jfrt ][0;39m [34m[INFO ][0;39m [                ] [o.j.c.w.FileWatchingManager:75] [Thread-5            ] - Starting watch of folder configurations
2020-05-22T18:44:29.816Z [1;32m[jfrt ][0;39m [34m[INFO ][0;39m [c86f70bd80627866] [.a.w.s.BasicConfigManagers:140] [ocalhost-startStop-2] - Artifactory (jfrt) service initialization started. Version: 7.4.3 Revision: 70403900 PID: 3220 Home: /opt/jfrog/artifactory
2020-05-22T18:44:29.859Z [1;32m[jfrt ][0;39m [34m[INFO ][0;39m [c86f70bd80627866] [.a.c.ConvertersManagerImpl:142] [ocalhost-startStop-2] - Triggering PRE_INIT conversion, from 7.4.3 to 7.4.3
2020-05-22T18:44:29.873Z [1;32m[jfrt ][0;39m [34m[INFO ][0;39m [c86f70bd80627866] [.a.c.ConvertersManagerImpl:144] [ocalhost-startStop-2] - Finished PRE_INIT conversion, current version is: 7.4.3
2020-05-22T18:44:31.701Z [1;33m[jfac ][0;39m [34m[INFO ][0;39m [352886a47184c9ba] [licationContextInitializer:162] [ocalhost-startStop-1] - Access (jfac) service initialization started. Version: 5.4.6 Revision: 50406900 PID: 3220 Home: /opt/jfrog/artifactory
2020-05-22T18:44:31.816Z [1;33m[jfac ][0;39m [34m[INFO ][0;39m [352886a47184c9ba] [o.j.a.AccessApplication:50    ] [ocalhost-startStop-1] - Starting AccessApplication v5.4.6 on ecba941ecde0 with PID 3220 (/opt/jfrog/artifactory/app/artifactory/tomcat/webapps/access/WEB-INF/lib/access-application-5.4.6.jar started by artifactory in /var/opt/jfrog/artifactory)
2020-05-22T18:44:31.818Z [1;33m[jfac ][0;39m [34m[INFO ][0;39m [352886a47184c9ba] [o.j.a.AccessApplication:651   ] [ocalhost-startStop-1] - The following profiles are active: production
2020-05-22T18:44:32.476Z [36m[jfrou][0m [34m[INFO ][0m [74ceb0fe0f28f348] [security_keys.go:114          ] [main                ] - Master key is missing. Pending for 10 seconds with 2m0s timeout
2020-05-22T18:44:32.792Z [34;1m[jfmd ][0m [34m[INFO ][0m [4844566ac1782144] [security_keys.go:114          ] [main                ] - Master key is missing. Pending for 10 seconds with 2m0s timeout [init]
2020-05-22T18:44:35.001Z [1;32m[jfrt ][0;39m [34m[INFO ][0;39m [c86f70bd80627866] [o.j.s.c.KeyUtils:108          ] [ocalhost-startStop-2] - Master key is missing. Pending for 5 seconds with 60 seconds timeout
2020-05-22T18:44:37.485Z [36m[jfrou][0m [34m[INFO ][0m [74ceb0fe0f28f348] [security_keys.go:114          ] [main                ] - Master key is missing. Pending for 15 seconds with 2m0s timeout
2020-05-22T18:44:37.799Z [34;1m[jfmd ][0m [34m[INFO ][0m [4844566ac1782144] [security_keys.go:114          ] [main                ] - Master key is missing. Pending for 15 seconds with 2m0s timeout [init]
2020-05-22T18:44:40.008Z [1;32m[jfrt ][0;39m [34m[INFO ][0;39m [c86f70bd80627866] [o.j.s.c.KeyUtils:108          ] [ocalhost-startStop-2] - Master key is missing. Pending for 5 seconds with 60 seconds timeout
2020-05-22T18:44:40.630Z [1;33m[jfac ][0;39m [34m[INFO ][0;39m [352886a47184c9ba] [s.d.u.AccessJdbcHelperImpl:138] [ocalhost-startStop-1] - Database: Apache Derby 10.14.2.0 - (1828579). Driver: Apache Derby Embedded JDBC Driver 10.14.2.0 - (1828579)
2020-05-22T18:44:40.632Z [1;33m[jfac ][0;39m [34m[INFO ][0;39m [352886a47184c9ba] [s.d.u.AccessJdbcHelperImpl:141] [ocalhost-startStop-1] - Connection URL: jdbc:derby:/opt/jfrog/artifactory/var/data/access/derby
2020-05-22T18:44:41.109Z [1;33m[jfac ][0;39m [34m[INFO ][0;39m [352886a47184c9ba] [s.d.u.AccessJdbcHelperImpl:150] [ocalhost-startStop-1] - ***Creating database schema***
2020-05-22T18:44:42.300Z [1;33m[jfac ][0;39m [34m[INFO ][0;39m [352886a47184c9ba] [s.d.u.AccessJdbcHelperImpl:166] [ocalhost-startStop-1] - Setting new schema baseline to latest version: 4.8
2020-05-22T18:44:42.488Z [36m[jfrou][0m [34m[INFO ][0m [74ceb0fe0f28f348] [security_keys.go:114          ] [main                ] - Master key is missing. Pending for 20 seconds with 2m0s timeout
2020-05-22T18:44:42.805Z [34;1m[jfmd ][0m [34m[INFO ][0m [4844566ac1782144] [security_keys.go:114          ] [main                ] - Master key is missing. Pending for 20 seconds with 2m0s timeout [init]
2020-05-22T18:44:43.099Z [1;33m[jfac ][0;39m [34m[INFO ][0;39m [352886a47184c9ba] [alConfigurationServiceBase:179] [ocalhost-startStop-1] - Configuration data wasn't found in db. Loading defaults
2020-05-22T18:44:44.048Z [1;33m[jfac ][0;39m [34m[INFO ][0;39m [352886a47184c9ba] [.h.AccessNodeIdProviderImpl:69] [ocalhost-startStop-1] - Service id initialized: jfac@01e8yv7aamj41c01yxe0ar1jef
2020-05-22T18:44:44.330Z [1;33m[jfac ][0;39m [34m[INFO ][0;39m [352886a47184c9ba] [a.k.m.MasterKeyBootstrapper:70] [ocalhost-startStop-1] - No master.key supplied. Generating master.key
2020-05-22T18:44:44.496Z [1;33m[jfac ][0;39m [34m[INFO ][0;39m [352886a47184c9ba] [.k.m.MasterKeyBootstrapper:145] [ocalhost-startStop-1] - Saving master.key to /opt/jfrog/artifactory/var/etc/security/master.key
2020-05-22T18:44:45.353Z [1;33m[jfac ][0;39m [34m[INFO ][0;39m [352886a47184c9ba] [j.a.s.s.t.TokenServiceImpl:106] [ocalhost-startStop-1] - Scheduling task for revoking expired tokens using cron expression: 0 0 0/1 * * ?
2020-05-22T18:44:46.147Z [1;32m[jfrt ][0;39m [34m[INFO ][0;39m [c86f70bd80627866] [.s.d.v.c.DbSqlConverterUtil:93] [ocalhost-startStop-2] - Starting schema conversion: /conversion/derby/derby_v570a.sql
2020-05-22T18:44:46.219Z [1;32m[jfrt ][0;39m [34m[INFO ][0;39m [c86f70bd80627866] [.s.d.v.c.DbSqlConverterUtil:95] [ocalhost-startStop-2] - Finished schema conversion: /conversion/derby/derby_v570a.sql
2020-05-22T18:44:46.954Z [1;33m[jfac ][0;39m [34m[INFO ][0;39m [352886a47184c9ba] [b.AccessServerBootstrapImpl:36] [ocalhost-startStop-1] - [ACCESS BOOTSTRAP] Starting JFrog Access bootstrap...
2020-05-22T18:44:46.956Z [1;33m[jfac ][0;39m [34m[INFO ][0;39m [352886a47184c9ba] [CertificateFileHandlerBase:108] [ocalhost-startStop-1] - [ACCESS BOOTSTRAP] Initializing root certificate.
2020-05-22T18:44:46.962Z [1;33m[jfac ][0;39m [34m[INFO ][0;39m [352886a47184c9ba] [CertificateFileHandlerBase:275] [ocalhost-startStop-1] - [ACCESS BOOTSTRAP] Generating root private key and certificate.
2020-05-22T18:44:47.281Z [1;32m[jfrt ][0;39m [34m[INFO ][0;39m [f9710d051d865d4b] [ctoryContextConfigListener:308] [art-init            ] -
_   _  __           _                      ____   _____ _____
/\        | | (_)/ _|         | |                    / __ \ / ____/ ____|
/  \   _ __| |_ _| |_ __ _  ___| |_ ___  _ __ _   _  | |  | | (___| (___
/ /\ \ | '__| __| |  _/ _` |/ __| __/ _ \| '__| | | | | |  | |\___ \\___ \
/ ____ \| |  | |_| | || (_| | (__| || (_) | |  | |_| | | |__| |____) |___) |
/_/    \_\_|   \__|_|_| \__,_|\___|\__\___/|_|   \__, |  \____/|_____/_____/
Version:  7.4.3                                   __/ |
Revision: 70403900                               |___/
Artifactory Home: '/opt/jfrog/artifactory'
Node ID: 'ecba941ecde0'

2020-05-22T18:44:47.381L [35m[tomct][0m [INFO ] [                ] [org.apache.catalina.startup.HostConfig] [org.apache.catalina.startup.HostConfig deployDescriptor] - Deployment of configuration descriptor [/opt/jfrog/artifactory/app/artifactory/tomcat/conf/Catalina/localhost/artifactory.xml] has finished in [22,384] ms
2020-05-22T18:44:47.497Z [36m[jfrou][0m [34m[INFO ][0m [74ceb0fe0f28f348] [security_keys.go:128          ] [main                ] - Cluster join: Join key is missing. Pending for 25 seconds with 2m0s timeout
2020-05-22T18:44:47.641Z [1;32m[jfrt ][0;39m [34m[INFO ][0;39m [f9710d051d865d4b] [ifactoryApplicationContext:523] [art-init            ] - Artifactory application context set to NOT READY by refresh
2020-05-22T18:44:47.808Z [34;1m[jfmd ][0m [34m[INFO ][0m [4844566ac1782144] [security_keys.go:128          ] [main                ] - Cluster join: Join key is missing. Pending for 25 seconds with 2m0s timeout [init]
2020-05-22T18:44:49.614Z [1;33m[jfac ][0;39m [34m[INFO ][0;39m [352886a47184c9ba] [CertificateFileHandlerBase:331] [ocalhost-startStop-1] - [ACCESS BOOTSTRAP] Saved new root certificate at: /opt/jfrog/artifactory/var/etc/access/keys/root.crt
2020-05-22T18:44:49.617Z [1;33m[jfac ][0;39m [34m[INFO ][0;39m [352886a47184c9ba] [CertificateFileHandlerBase:125] [ocalhost-startStop-1] - [ACCESS BOOTSTRAP] Finished initializing root certificate. Certificate source: GENERATED
2020-05-22T18:44:49.628Z [1;33m[jfac ][0;39m [34m[INFO ][0;39m [352886a47184c9ba] [CertificateFileHandlerBase:108] [ocalhost-startStop-1] - [ACCESS BOOTSTRAP] Initializing ca certificate.
2020-05-22T18:44:49.631Z [1;33m[jfac ][0;39m [34m[INFO ][0;39m [352886a47184c9ba] [CertificateFileHandlerBase:275] [ocalhost-startStop-1] - [ACCESS BOOTSTRAP] Generating ca private key and certificate.
2020-05-22T18:44:50.080Z [1;33m[jfac ][0;39m [34m[INFO ][0;39m [352886a47184c9ba] [CertificateFileHandlerBase:331] [ocalhost-startStop-1] - [ACCESS BOOTSTRAP] Saved new ca certificate at: /opt/jfrog/artifactory/var/etc/access/keys/ca.crt
2020-05-22T18:44:50.083Z [1;33m[jfac ][0;39m [34m[INFO ][0;39m [352886a47184c9ba] [CertificateFileHandlerBase:125] [ocalhost-startStop-1] - [ACCESS BOOTSTRAP] Finished initializing ca certificate. Certificate source: GENERATED
2020-05-22T18:44:50.764Z [1;33m[jfac ][0;39m [34m[INFO ][0;39m [352886a47184c9ba] [b.AccessServerBootstrapImpl:42] [ocalhost-startStop-1] - [ACCESS BOOTSTRAP] JFrog Access bootstrap finished.
2020-05-22T18:44:52.503Z [36m[jfrou][0m [34m[INFO ][0m [74ceb0fe0f28f348] [security_keys.go:128          ] [main                ] - Cluster join: Join key is missing. Pending for 30 seconds with 2m0s timeout
2020-05-22T18:44:52.815Z [34;1m[jfmd ][0m [34m[INFO ][0m [4844566ac1782144] [security_keys.go:128          ] [main                ] - Cluster join: Join key is missing. Pending for 30 seconds with 2m0s timeout [init]
2020-05-22T18:44:53.050Z [1;33m[jfac ][0;39m [34m[INFO ][0;39m [352886a47184c9ba] [o.j.a.s.s.JoinKeyAccess:166   ] [ocalhost-startStop-1] - Cluster join: Join key loaded successfully (from: generated)
2020-05-22T18:44:53.145Z [1;33m[jfac ][0;39m [34m[INFO ][0;39m [352886a47184c9ba] [a.s.b.AccessServerRegistrar:62] [ocalhost-startStop-1] - [ACCESS BOOTSTRAP] Starting JFrog Access registrar...
2020-05-22T18:44:53.254Z [1;33m[jfac ][0;39m [34m[INFO ][0;39m [903cc4f6405b75b1] [a.c.RefreshableScheduledJob:53] [ocalhost-startStop-1] - Scheduling heartbeat task to run every 5 seconds
2020-05-22T18:44:53.266Z [1;33m[jfac ][0;39m [34m[INFO ][0;39m [903cc4f6405b75b1] [a.c.RefreshableScheduledJob:53] [ocalhost-startStop-1] - Scheduling federationCleanupService task to run every 1209600 seconds
2020-05-22T18:44:53.304Z [1;33m[jfac ][0;39m [34m[INFO ][0;39m [903cc4f6405b75b1] [a.c.RefreshableScheduledJob:53] [ocalhost-startStop-1] - Scheduling staleTokenCleanup task to run every 3600 seconds
2020-05-22T18:44:53.333Z [1;33m[jfac ][0;39m [34m[INFO ][0;39m [c97f002c281a1ee6] [a.c.RefreshableScheduledJob:53] [ocalhost-startStop-1] - Scheduling loadCertificates task to run every 30 seconds
2020-05-22T18:44:53.506Z [36m[jfrou][0m [34m[INFO ][0m [74ceb0fe0f28f348] [bootstrap.go:165              ] [main                ] - System configuration encryption report:
shared.newrelic.licenseKey: does not exist in the config file
shared.security.joinKeyFile: file '/opt/jfrog/artifactory/var/etc/security/join.key' - already encrypted
2020-05-22T18:44:53.510Z [36m[jfrou][0m [34m[INFO ][0m [74ceb0fe0f28f348] [bootstrap.go:78               ] [main                ] - JFrog Router Service ID: jfrou@01e8yv7km6r0cgmtkp8g2q90x1
2020-05-22T18:44:53.510Z [36m[jfrou][0m [34m[INFO ][0m [74ceb0fe0f28f348] [bootstrap.go:79               ] [main                ] - JFrog Router Node ID: ecba941ecde0
2020-05-22T18:44:53.624Z [1;33m[jfac ][0;39m [34m[INFO ][0;39m [c97f002c281a1ee6] [o.j.a.s.r.s.GrpcServerImpl:65 ] [ocalhost-startStop-1] - Starting gRPC Server on port 8045
2020-05-22T18:44:53.818Z [34;1m[jfmd ][0m [34m[INFO ][0m [4844566ac1782144] [database_bearer.go:71         ] [main                ] - Connecting to (db config: {sqlite /opt/jfrog/artifactory/var/data/metadata/sqlite.db?_fk=yes&_busy_timeout=5000&_txlock=immediate&cache=shared}) [database]
2020-05-22T18:44:53.866Z [34;1m[jfmd ][0m [34m[INFO ][0m [4844566ac1782144] [migrator.go:62                ] [main                ] - Applying 36 migrations files [database]
2020-05-22T18:44:54.419Z [1;33m[jfac ][0;39m [34m[INFO ][0;39m [c97f002c281a1ee6] [o.j.a.s.r.s.GrpcServerImpl:84 ] [ocalhost-startStop-1] - gRPC Server started, listening on 8045
2020-05-22T18:44:54.476Z [36m[jfrou][0m [34m[INFO ][0m [74ceb0fe0f28f348] [config_holder.go:107          ] [main                ] - configuration update detected
2020-05-22T18:44:54.568Z [34;1m[jfmd ][0m [34m[INFO ][0m [4844566ac1782144] [migrator.go:80                ] [main                ] - Applied 128 database migrations statements [database]
2020-05-22T18:44:54.572Z [34;1m[jfmd ][0m [34m[INFO ][0m [4844566ac1782144] [application.go:73             ] [main                ] - Metadata (jfmd) service initialization started. Version: 2.4.5 Revision: 20405900 PID: 3124 Home: /opt/jfrog/artifactory/var [app_initializer]
2020-05-22T18:44:54.580Z [34;1m[jfmd ][0m [34m[INFO ][0m [4844566ac1782144] [server_bearer.go:155          ] [main                ] - Created service_id and pushed to store: jfmd@01e8yv7mndxrnmd1h5qa49rj3r [ServerInit]
2020-05-22T18:44:58.402Z [1;33m[jfac ][0;39m [31m[WARN ][0;39m [352886a47184c9ba] [o.j.c.ExecutionUtils:141      ] [pool-6-thread-2     ] - Retry 10 Elapsed 5.24 secs failed: Registration with router on URL http://localhost:8046 failed with error: UNAVAILABLE: io exception. Trying again
2020-05-22T18:44:58.478Z [1;33m[jfac ][0;39m [34m[INFO ][0;39m [c97f002c281a1ee6] [o.j.a.AccessApplication:59    ] [ocalhost-startStop-1] - Started AccessApplication in 30.457 seconds (JVM running for 35.769)
2020-05-22T18:44:58.612Z [34;1m[jfmd ][0m [34m[INFO ][0m [4844566ac1782144] [accessclient.go:51            ] [main                ] - Cluster join: Retry 5: Service registry ping failed, will retry. Error: Error while trying to connect to local router at address 'http://localhost:8046/access': Get http://localhost:8046/access/api/v1/system/ping: dial tcp 127.0.0.1:8046: connect: connection refused [access_client]
2020-05-22T18:44:58.628L [35m[tomct][0m [INFO ] [                ] [org.apache.catalina.startup.HostConfig] [org.apache.catalina.startup.HostConfig deployDescriptor] - Deployment of configuration descriptor [/opt/jfrog/artifactory/app/artifactory/tomcat/conf/Catalina/localhost/access.xml] has finished in [33,639] ms
2020-05-22T18:44:58.635L [35m[tomct][0m [INFO ] [                ] [org.apache.catalina.startup.HostConfig] [org.apache.catalina.startup.HostConfig deployDirectory] - Deploying web application directory [/opt/jfrog/artifactory/app/artifactory/tomcat/webapps/ROOT]
2020-05-22T18:44:58.716L [35m[tomct][0m [INFO ] [                ] [org.apache.catalina.startup.HostConfig] [org.apache.catalina.startup.HostConfig deployDirectory] - Deployment of web application directory [/opt/jfrog/artifactory/app/artifactory/tomcat/webapps/ROOT] has finished in [81] ms
2020-05-22T18:44:58.743L [35m[tomct][0m [INFO ] [                ] [org.apache.coyote.http11.Http11NioProtocol] [org.apache.coyote.AbstractProtocol start] - Starting ProtocolHandler ["http-nio-8081"]
2020-05-22T18:44:58.783L [35m[tomct][0m [INFO ] [                ] [org.apache.coyote.http11.Http11NioProtocol] [org.apache.coyote.AbstractProtocol start] - Starting ProtocolHandler ["http-nio-127.0.0.1-8091"]
2020-05-22T18:44:58.805L [35m[tomct][0m [INFO ] [                ] [org.apache.coyote.http11.Http11NioProtocol] [org.apache.coyote.AbstractProtocol start] - Starting ProtocolHandler ["http-nio-127.0.0.1-8040"]
2020-05-22T18:45:01.271Z [1;32m[jfrt ][0;39m [34m[INFO ][0;39m [f9710d051d865d4b] [o.a.s.d.DbServiceImpl:282     ] [art-init            ] - Database: Apache Derby 10.14.2.0 - (1828579). Driver: Apache Derby Embedded JDBC Driver 10.14.2.0 - (1828579) Pool: derby
2020-05-22T18:45:01.273Z [1;32m[jfrt ][0;39m [34m[INFO ][0;39m [f9710d051d865d4b] [o.a.s.d.DbServiceImpl:285     ] [art-init            ] - Connection URL: jdbc:derby:/opt/jfrog/artifactory/var/data/artifactory/derby
2020-05-22T18:45:03.443Z [1;33m[jfac ][0;39m [31m[WARN ][0;39m [352886a47184c9ba] [o.j.c.ExecutionUtils:141      ] [pool-6-thread-2     ] - Retry 20 Elapsed 10.28 secs failed: Registration with router on URL http://localhost:8046 failed with error: UNAVAILABLE: io exception. Trying again
2020-05-22T18:45:03.620Z [34;1m[jfmd ][0m [34m[INFO ][0m [4844566ac1782144] [accessclient.go:51            ] [main                ] - Cluster join: Retry 10: Service registry ping failed, will retry. Error: Error while trying to connect to local router at address 'http://localhost:8046/access': Get http://localhost:8046/access/api/v1/system/ping: dial tcp 127.0.0.1:8046: connect: connection refused [access_client]
2020-05-22T18:45:04.673Z [1;32m[jfrt ][0;39m [34m[INFO ][0;39m [f9710d051d865d4b] [o.a.s.d.DbServiceImpl:126     ] [art-init            ] - ***Database schema created***
2020-05-22T18:45:04.685Z [1;32m[jfrt ][0;39m [34m[INFO ][0;39m [f9710d051d865d4b] [o.a.s.d.v.DerbyValidator:26   ] [art-init            ] - Validating connection collation for derby database
2020-05-22T18:45:05.550Z [1;33m[jfac ][0;39m [34m[INFO ][0;39m [46804e06c2a89df ] [a.c.RefreshableScheduledJob:53] [27.0.0.1-8040-exec-1] - Scheduling federationCleanupService task to run every 1209600 seconds
2020-05-22T18:45:05.560Z [1;33m[jfac ][0;39m [34m[INFO ][0;39m [17c246c15cc46e11] [.f.FederationCleanupService:59] [jf-access-task1     ] - Running clean up of outdated Federation events
2020-05-22T18:45:06.154Z [1;33m[jfac ][0;39m [34m[INFO ][0;39m [46804e06c2a89df ] [s.r.NodeRegistryServiceImpl:68] [27.0.0.1-8040-exec-1] - Cluster join: Successfully joined jfrou@01e8yv7km6r0cgmtkp8g2q90x1 with node id ecba941ecde0
2020-05-22T18:45:06.426Z [36m[jfrou][0m [34m[INFO ][0m [74ceb0fe0f28f348] [join_executor.go:181          ] [main                ] - Cluster join: Successfully joined the cluster
2020-05-22T18:45:06.460Z [36m[jfrou][0m [34m[INFO ][0m [                ] [server.go:568                 ] [main                ] - Preparing server internal &{Address:localhost:8046 TLS:<nil> Redirect:<nil> Auth:<nil> WhitelistSourceRange:[] WhiteList:<nil> Compress:false ProxyProtocol:<nil> ForwardedHeaders:0xc0006669a0} with readTimeout=0s writeTimeout=0s idleTimeout=3m0s
2020-05-22T18:45:06.463Z [36m[jfrou][0m [34m[INFO ][0m [                ] [server.go:568                 ] [main                ] - Preparing server api &{Address:localhost:8049 TLS:<nil> Redirect:<nil> Auth:<nil> WhitelistSourceRange:[] WhiteList:<nil> Compress:false ProxyProtocol:<nil> ForwardedHeaders:0xc000666960} with readTimeout=0s writeTimeout=0s idleTimeout=3m0s
2020-05-22T18:45:06.466Z [36m[jfrou][0m [34m[INFO ][0m [                ] [server.go:568                 ] [main                ] - Preparing server external &{Address::8082 TLS:<nil> Redirect:<nil> Auth:<nil> WhitelistSourceRange:[] WhiteList:<nil> Compress:false ProxyProtocol:<nil> ForwardedHeaders:0xc000666980} with readTimeout=0s writeTimeout=0s idleTimeout=3m0s
2020-05-22T18:45:06.467Z [36m[jfrou][0m [34m[INFO ][0m [                ] [server.go:524                 ] [main                ] - Starting server on localhost:8046
2020-05-22T18:45:06.468Z [36m[jfrou][0m [34m[INFO ][0m [                ] [server.go:524                 ] [main                ] - Starting server on :8082
2020-05-22T18:45:06.468Z [36m[jfrou][0m [34m[INFO ][0m [                ] [server.go:420                 ] [main                ] - Starting provider configuration.ProviderAggregator {}
2020-05-22T18:45:06.469Z [36m[jfrou][0m [34m[INFO ][0m [                ] [server.go:524                 ] [main                ] - Starting server on localhost:8049
2020-05-22T18:45:06.470Z [36m[jfrou][0m [34m[INFO ][0m [                ] [provider_aggregator.go:103    ] [main                ] - Starting provider *file.Provider {"Watch":true,"Filename":"","Constraints":null,"Trace":false,"TemplateVersion":0,"DebugLogGeneratedTemplate":false,"Directory":"/opt/jfrog/artifactory/var/data/router/traefik/routes","TraefikFile":""}
2020-05-22T18:45:06.493Z [36m[jfrou][0m [34m[INFO ][0m [                ] [server_configuration.go:61    ] [main                ] - Server configuration reloaded on localhost:8049
2020-05-22T18:45:06.493Z [36m[jfrou][0m [34m[INFO ][0m [                ] [server_configuration.go:61    ] [main                ] - Server configuration reloaded on :8082
2020-05-22T18:45:06.493Z [36m[jfrou][0m [34m[INFO ][0m [                ] [server_configuration.go:61    ] [main                ] - Server configuration reloaded on localhost:8046
2020-05-22T18:45:06.495Z [36m[jfrou][0m [34m[INFO ][0m [74ceb0fe0f28f348] [main.go:47                    ] [main                ] - Router (jfrou) service initialization completed in 44.046 seconds. Listening on port: 8082
2020-05-22T18:45:08.485Z [36m[jfrou][0m [34m[INFO ][0m [                ] [server_configuration.go:61    ] [main                ] - Server configuration reloaded on localhost:8049
2020-05-22T18:45:08.485Z [36m[jfrou][0m [34m[INFO ][0m [                ] [server_configuration.go:61    ] [main                ] - Server configuration reloaded on :8082
2020-05-22T18:45:08.485Z [36m[jfrou][0m [34m[INFO ][0m [                ] [server_configuration.go:61    ] [main                ] - Server configuration reloaded on localhost:8046
2020-05-22T18:45:08.517Z [1;33m[jfac ][0;39m [31m[WARN ][0;39m [352886a47184c9ba] [o.j.c.ExecutionUtils:141      ] [pool-6-thread-2     ] - Retry 30 Elapsed 15.35 secs failed: Registration with router on URL http://localhost:8046 failed with error: UNAVAILABLE: io exception. Trying again
2020-05-22T18:45:08.630Z [34;1m[jfmd ][0m [34m[INFO ][0m [4844566ac1782144] [accessclient.go:51            ] [main                ] - Cluster join: Retry 15: Service registry ping failed, will retry. Error: Error while trying to connect to local router at address 'http://localhost:8046/access': Failed to access :http://localhost:8046/access/api/v1/system/ping return status code : 404 [access_client]
2020-05-22T18:45:09.466Z [1;32m[jfrt ][0;39m [34m[INFO ][0;39m [f9710d051d865d4b] [ritiesStorageServiceFactory:25] [art-init            ] - Initializing DB-based Priorities Storage Service
2020-05-22T18:45:09.931Z [1;33m[jfac ][0;39m [34m[INFO ][0;39m [352886a47184c9ba] [.AccessWithRouterRegistrar:106] [pool-6-thread-2     ] - Access Server successfully registered on Router on URL: http://localhost:8046
2020-05-22T18:45:10.485Z [36m[jfrou][0m [34m[INFO ][0m [                ] [server_configuration.go:61    ] [main                ] - Server configuration reloaded on localhost:8049
2020-05-22T18:45:10.486Z [36m[jfrou][0m [34m[INFO ][0m [                ] [server_configuration.go:61    ] [main                ] - Server configuration reloaded on :8082
2020-05-22T18:45:10.486Z [36m[jfrou][0m [34m[INFO ][0m [                ] [server_configuration.go:61    ] [main                ] - Server configuration reloaded on localhost:8046
2020-05-22T18:45:10.778Z [1;33m[jfac ][0;39m [34m[INFO ][0;39m [3e593c1697327853] [a.c.RefreshableScheduledJob:53] [27.0.0.1-8040-exec-4] - Scheduling federationCleanupService task to run every 1209600 seconds
2020-05-22T18:45:10.785Z [1;33m[jfac ][0;39m [34m[INFO ][0;39m [4bf5512ba2969184] [.f.FederationCleanupService:59] [jf-access-task1     ] - Running clean up of outdated Federation events
2020-05-22T18:45:10.941Z [1;33m[jfac ][0;39m [34m[INFO ][0;39m [3e593c1697327853] [s.r.NodeRegistryServiceImpl:68] [27.0.0.1-8040-exec-4] - Cluster join: Successfully joined jfmd@01e8yv7mndxrnmd1h5qa49rj3r with node id ecba941ecde0
2020-05-22T18:45:10.954Z [34;1m[jfmd ][0m [34m[INFO ][0m [4844566ac1782144] [accessclient.go:51            ] [main                ] - Cluster join: Successfully joined the cluster [access_client]
2020-05-22T18:45:10.955Z [34;1m[jfmd ][0m [34m[INFO ][0m [4844566ac1782144] [accessclient.go:51            ] [main                ] - Executing Router register at: localhost:8046 [access_client]
2020-05-22T18:45:10.983Z [34;1m[jfmd ][0m [34m[INFO ][0m [4844566ac1782144] [router_middlewares.go:59      ] [main                ] - Metadata (jfmd) service initialization completed in 16.409 seconds. Listening on port: 8086 [router]
2020-05-22T18:45:11.306Z [1;33m[jfac ][0;39m [34m[INFO ][0;39m [352886a47184c9ba] [.s.b.AccessServerRegistrar:116] [pool-6-thread-2     ] - [ACCESS BOOTSTRAP] Updating server 'ecba941ecde0' private key finger print to: 83e50eabef67697fa26a86573f4e94e22b4738284b8219e5f94a7e92977b9c55 ca private key finger print to: 5455c5b32c4dedf061341df16decac7b359ccc6286d5cc0d7047fb19bc66049c
2020-05-22T18:45:11.365Z [1;33m[jfac ][0;39m [34m[INFO ][0;39m [352886a47184c9ba] [a.s.b.AccessServerRegistrar:72] [pool-6-thread-2     ] - [ACCESS BOOTSTRAP] JFrog Access registrar finished.
2020-05-22T18:45:12.486Z [36m[jfrou][0m [34m[INFO ][0m [                ] [server_configuration.go:61    ] [main                ] - Server configuration reloaded on :8082
2020-05-22T18:45:12.486Z [36m[jfrou][0m [34m[INFO ][0m [                ] [server_configuration.go:61    ] [main                ] - Server configuration reloaded on localhost:8046
2020-05-22T18:45:12.486Z [36m[jfrou][0m [34m[INFO ][0m [                ] [server_configuration.go:61    ] [main                ] - Server configuration reloaded on localhost:8049
2020-05-22T18:45:14.501Z [1;32m[jfrt ][0;39m [34m[INFO ][0;39m [f9710d051d865d4b] [actorySchedulerFactoryBean:727] [art-init            ] - Starting Quartz Scheduler now
2020-05-22T18:45:14.662Z [1;32m[jfrt ][0;39m [34m[INFO ][0;39m [f9710d051d865d4b] [ifactoryApplicationContext:271] [art-init            ] - Artifactory context starting up 42 Spring Beans...
2020-05-22T18:45:14.764Z [1;32m[jfrt ][0;39m [34m[INFO ][0;39m [f9710d051d865d4b] [c.CentralConfigServiceImpl:304] [art-init            ] - Loading bootstrap configuration (artifactory home dir is /opt/jfrog/artifactory).
2020-05-22T18:45:15.777Z [1;32m[jfrt ][0;39m [34m[INFO ][0;39m [f9710d051d865d4b] [c.CentralConfigServiceImpl:774] [art-init            ] - No Central configuration found in the database, using default configuration.
2020-05-22T18:45:16.167Z [1;32m[jfrt ][0;39m [34m[INFO ][0;39m [f9710d051d865d4b] [o.a.s.a.AccessServiceImpl:408 ] [art-init            ] - Initialized new service id: jfrt@01e8yv89r4pzvf1bczbr7t0mkz
2020-05-22T18:45:16.271Z [1;32m[jfrt ][0;39m [34m[INFO ][0;39m [f9710d051d865d4b] [oryAccessClientConfigStore:592] [art-init            ] - Using Access Server URL: http://localhost:8046/access source: System Config
2020-05-22T18:45:17.376Z [1;33m[jfac ][0;39m [34m[INFO ][0;39m [31d99f136e2e22d5] [a.c.RefreshableScheduledJob:53] [27.0.0.1-8040-exec-2] - Scheduling federationCleanupService task to run every 1209600 seconds
2020-05-22T18:45:17.378Z [1;33m[jfac ][0;39m [34m[INFO ][0;39m [73ba75c9ec2ad3ae] [.f.FederationCleanupService:59] [jf-access-task1     ] - Running clean up of outdated Federation events
2020-05-22T18:45:17.430Z [1;33m[jfac ][0;39m [34m[INFO ][0;39m [31d99f136e2e22d5] [s.r.NodeRegistryServiceImpl:68] [27.0.0.1-8040-exec-2] - Cluster join: Successfully joined jfrt@01e8yv89r4pzvf1bczbr7t0mkz with node id ecba941ecde0
2020-05-22T18:45:17.511Z [1;32m[jfrt ][0;39m [34m[INFO ][0;39m [f9710d051d865d4b] [.a.c.AccessClientBootstrap:169] [art-init            ] - Cluster join: Successfully joined the cluster
2020-05-22T18:45:17.519Z [1;32m[jfrt ][0;39m [34m[INFO ][0;39m [f9710d051d865d4b] [o.j.a.c.g.AccessGrpcClient:74 ] [art-init            ] - Connecting to grpc server on localhost:8046
2020-05-22T18:45:19.034Z [36m[jfrou][0m [34m[INFO ][0m [                ] [server_configuration.go:61    ] [main                ] - Server configuration reloaded on localhost:8046
2020-05-22T18:45:19.034Z [36m[jfrou][0m [34m[INFO ][0m [                ] [server_configuration.go:61    ] [main                ] - Server configuration reloaded on localhost:8049
2020-05-22T18:45:19.034Z [36m[jfrou][0m [34m[INFO ][0m [                ] [server_configuration.go:61    ] [main                ] - Server configuration reloaded on :8082
2020-05-22T18:45:19.108Z [1;32m[jfrt ][0;39m [34m[INFO ][0;39m [f9710d051d865d4b] [o.a.s.a.AccessServiceImpl:352 ] [art-init            ] - Initialized access service successfully with client id 1552012412, closing old client id [null]
2020-05-22T18:45:19.109Z [1;32m[jfrt ][0;39m [34m[INFO ][0;39m [f9710d051d865d4b] [o.a.s.a.AccessServiceImpl:1247] [art-init            ] - Updating access configuration with password expiration data
2020-05-22T18:45:20.053Z [1;32m[jfrt ][0;39m [31m[WARN ][0;39m [f9710d051d865d4b] [o.a.s.a.AccessServiceImpl:1474] [art-init            ] - Your Artifactory server is configured with the default Admin Credentials. It is highly recommended to change the default admin password. You can change the password from the User Management Page.
2020-05-22T18:45:20.265Z [1;33m[jfac ][0;39m [34m[INFO ][0;39m [43bbd2817e2e733d] [.AccessImporterExporterImpl:71] [27.0.0.1-8040-exec-8] - Exporting NodeIdServiceId...
2020-05-22T18:45:20.284Z [1;33m[jfac ][0;39m [34m[INFO ][0;39m [43bbd2817e2e733d] [.AccessImporterExporterImpl:71] [27.0.0.1-8040-exec-8] - Exporting users...
2020-05-22T18:45:20.356Z [1;33m[jfac ][0;39m [34m[INFO ][0;39m [43bbd2817e2e733d] [.AccessImporterExporterImpl:71] [27.0.0.1-8040-exec-8] - Exporting tokens...
2020-05-22T18:45:20.363Z [1;33m[jfac ][0;39m [34m[INFO ][0;39m [43bbd2817e2e733d] [.d.TokenStorageServiceImpl:194] [27.0.0.1-8040-exec-8] - Filtered out 7 system tokens from export
2020-05-22T18:45:20.364Z [1;33m[jfac ][0;39m [34m[INFO ][0;39m [43bbd2817e2e733d] [.AccessImporterExporterImpl:71] [27.0.0.1-8040-exec-8] - Exporting federation_events...
2020-05-22T18:45:20.369Z [1;33m[jfac ][0;39m [34m[INFO ][0;39m [43bbd2817e2e733d] [.AccessImporterExporterImpl:71] [27.0.0.1-8040-exec-8] - Exporting federation_servers...
2020-05-22T18:45:20.420Z [1;33m[jfac ][0;39m [34m[INFO ][0;39m [43bbd2817e2e733d] [.AccessImporterExporterImpl:71] [27.0.0.1-8040-exec-8] - Exporting permissions...
2020-05-22T18:45:20.436Z [1;33m[jfac ][0;39m [34m[INFO ][0;39m [43bbd2817e2e733d] [.AccessImporterExporterImpl:71] [27.0.0.1-8040-exec-8] - Exporting groups...
2020-05-22T18:45:20.443Z [1;33m[jfac ][0;39m [34m[INFO ][0;39m [43bbd2817e2e733d] [.AccessImporterExporterImpl:71] [27.0.0.1-8040-exec-8] - Exporting encryption...
2020-05-22T18:45:20.452Z [1;33m[jfac ][0;39m [34m[INFO ][0;39m [43bbd2817e2e733d] [.AccessImporterExporterImpl:71] [27.0.0.1-8040-exec-8] - Exporting config...
2020-05-22T18:45:20.681Z [1;32m[jfrt ][0;39m [34m[INFO ][0;39m [f9710d051d865d4b] [o.a.s.SecurityServiceImpl:2938] [art-init            ] - Creating the default anonymous user, since it does not exist!
2020-05-22T18:45:21.443Z [1;32m[jfrt ][0;39m [34m[INFO ][0;39m [f9710d051d865d4b] [tegrationCleanupServiceImpl:75] [art-init            ] - Using generated cron 0 16 3 ? * * for jobs table cleanup
2020-05-22T18:45:22.128Z [1;32m[jfrt ][0;39m [34m[INFO ][0;39m [f9710d051d865d4b] [.w.ConfigurationManagerImpl:94] [art-init            ] - Starting file sync
2020-05-22T18:45:22.162Z [1;32m[jfrt ][0;39m [34m[INFO ][0;39m [f9710d051d865d4b] [o.j.c.w.ConfigWrapperImpl:504 ] [art-init            ] - [Node ID: ecba941ecde0]  detected local  modify for config 'artifactory.system.properties'
2020-05-22T18:45:22.169Z [1;32m[jfrt ][0;39m [34m[INFO ][0;39m [f9710d051d865d4b] [o.j.c.w.ConfigWrapperImpl:504 ] [art-init            ] - [Node ID: ecba941ecde0]  detected local  modify for config 'artifactory.mimeType'
2020-05-22T18:45:22.177Z [1;32m[jfrt ][0;39m [34m[INFO ][0;39m [f9710d051d865d4b] [o.j.c.w.ConfigWrapperImpl:504 ] [art-init            ] - [Node ID: ecba941ecde0]  detected local  modify for config 'artifactory.binarystore.xml'
2020-05-22T18:45:22.214Z [1;32m[jfrt ][0;39m [34m[INFO ][0;39m [f9710d051d865d4b] [o.j.c.w.ConfigWrapperImpl:504 ] [art-init            ] - [Node ID: ecba941ecde0]  detected local  modify for config 'artifactory.security.access/access.admin.token'
2020-05-22T18:45:22.292Z [1;32m[jfrt ][0;39m [34m[INFO ][0;39m [f9710d051d865d4b] [ifactoryApplicationContext:523] [art-init            ] - Artifactory application context set to READY by refresh
2020-05-22T18:45:22.306Z [1;32m[jfrt ][0;39m [34m[INFO ][0;39m [f9710d051d865d4b] [ctoryEncryptionServiceImpl:111] [art-init            ] - Starting encryption for first Artifactory startup
2020-05-22T18:45:22.307Z [1;32m[jfrt ][0;39m [34m[INFO ][0;39m [f9710d051d865d4b] [j.s.f.SecurityFolderHelper:152] [art-init            ] - Creating artifactory encryption key at /opt/jfrog/artifactory/var/etc/artifactory/security/artifactory.tmp.key
2020-05-22T18:45:22.327Z [1;32m[jfrt ][0;39m [34m[INFO ][0;39m [f9710d051d865d4b] [o.j.c.w.ConfigWrapperImpl:504 ] [art-init            ] - [Node ID: ecba941ecde0]  detected local  create for config 'artifactory.security.artifactory.key'
2020-05-22T18:45:22.329Z [1;32m[jfrt ][0;39m [34m[INFO ][0;39m [                ] [o.j.c.w.ConfigWrapperImpl:504 ] [Thread-5            ] - [Node ID: ecba941ecde0]  detected local  create for config 'artifactory.security.artifactory.key'
2020-05-22T18:45:22.458Z [1;32m[jfrt ][0;39m [34m[INFO ][0;39m [f9710d051d865d4b] [o.a.s.a.AccessServiceImpl:1550] [art-init            ] - Successful register of Artifactory serviceId jfrt@01e8yv89r4pzvf1bczbr7t0mkz in Access Federation
2020-05-22T18:45:22.480Z [1;32m[jfrt ][0;39m [34m[INFO ][0;39m [f9710d051d865d4b] [.s.MetadataMigrationHelper:191] [art-init            ] - No repositories found that correspond to the supported Metadata Migration types. Supported types are [Npm, Chef, Bower, Debian, Maven, Conda, Gradle, Helm, Composer, YUM, CRAN, Go, Opkg, Puppet, Vagrant, Docker, Pypi, Ivy, SBT, CocoaPods, NuGet, Gems, Conan]
2020-05-22T18:45:22.499Z [1;32m[jfrt ][0;39m [34m[INFO ][0;39m [f9710d051d865d4b] [.s.MetadataMigrationHelper:200] [art-init            ] - Inserting completed migration status for 'metadata-service-migration'
2020-05-22T18:45:22.500Z [1;32m[jfrt ][0;39m [34m[INFO ][0;39m [bbd90a94b7b2ce0a] [adsFolderCleanupServiceImpl:51] [art-exec-3          ] - Starting docker temp folder cleanup
2020-05-22T18:45:22.503Z [1;32m[jfrt ][0;39m [34m[INFO ][0;39m [bbd90a94b7b2ce0a] [adsFolderCleanupServiceImpl:53] [art-exec-3          ] - Docker temp folder cleanup finished, time took: 2 millis
2020-05-22T18:45:22.502Z [1;32m[jfrt ][0;39m [34m[INFO ][0;39m [f9710d051d865d4b] [ionStatusStorageServiceImpl:70] [art-init            ] - About to insert new migration status record 'MigrationStatus(identifier=metadata-service-migration, started=1590173122500, finished=1590173122500, migrationInfoBlob=MetadataMigrationInfoBlob(migrationTargetNodeId=0, currentEventLogTimestamp=0, reposToMigrate=null))'
2020-05-22T18:45:22.588Z [1;32m[jfrt ][0;39m [34m[INFO ][0;39m [f9710d051d865d4b] [.w.NodeEventTaskManagerImpl:43] [art-init            ] - Event management started on behalf of Event Operator with ID 'metadata-operator-events'
2020-05-22T18:45:22.608Z [1;32m[jfrt ][0;39m [34m[INFO ][0;39m [f9710d051d865d4b] [o.a.s.s.StorageServiceImpl:425] [art-init            ] - Scheduling CalculateReposStorageSummaryJob to run at '0 33 * ? * *'
2020-05-22T18:45:22.637Z [1;32m[jfrt ][0;39m [34m[INFO ][0;39m [f9710d051d865d4b] [ctoryContextConfigListener:250] [art-init            ] - Artifactory (jfrt) service initialization completed in 35.391 seconds. Listening on port: 8081
2020-05-22T18:45:31.521Z [33m[jffe ][39m [34m[INFO ][39m [                ] [                              ] [main                ] - setting service id - jffe@000
2020-05-22T18:45:31.631Z [1;33m[jfac ][0;39m [34m[INFO ][0;39m [5360e12790ccd408] [a.c.RefreshableScheduledJob:53] [27.0.0.1-8040-exec-5] - Scheduling federationCleanupService task to run every 1209600 seconds
2020-05-22T18:45:31.633Z [1;33m[jfac ][0;39m [34m[INFO ][0;39m [e01128fe9fe535  ] [.f.FederationCleanupService:59] [jf-access-task1     ] - Running clean up of outdated Federation events
2020-05-22T18:45:31.664Z [1;33m[jfac ][0;39m [34m[INFO ][0;39m [5360e12790ccd408] [s.r.NodeRegistryServiceImpl:68] [27.0.0.1-8040-exec-5] - Cluster join: Successfully joined jffe@000 with node id ecba941ecde0
2020-05-22T18:45:31.678Z [33m[jffe ][39m [34m[INFO ][39m [                ] [                              ] [main                ] - Cluster join: Successfully joined the cluster
2020-05-22T18:45:31.750Z [33m[jffe ][39m [34m[INFO ][39m [                ] [                              ] [main                ] - UI service successfully registered on router, serviceId: jffe@000
2020-05-22T18:45:31.753Z [36m[jfrou][0m [34m[INFO ][0m [                ] [server_configuration.go:61    ] [main                ] - Server configuration reloaded on localhost:8049
2020-05-22T18:45:31.753Z [36m[jfrou][0m [34m[INFO ][0m [                ] [server_configuration.go:61    ] [main                ] - Server configuration reloaded on :8082
2020-05-22T18:45:31.778Z [36m[jfrou][0m [34m[INFO ][0m [                ] [server_configuration.go:61    ] [main                ] - Server configuration reloaded on localhost:8046
2020-05-22T18:45:32.655Z [33m[jffe ][39m [34m[INFO ][39m [                ] [                              ] [main                ] - Recurring tasks started
2020-05-22T18:45:34.226Z [33m[jffe ][39m [34m[INFO ][39m [                ] [                              ] [main                ] - frontend (jffe) service initialization completed in 70.04 seconds. Listening on port: port 8070
2020-05-22T18:45:36.633Z [36m[jfrou][0m [34m[INFO ][0m [bc6eda5f542041e ] [local_topology.go:213         ] [main                ] -
###############################################################
###   All services started successfully in 74.184 seconds   ###
###############################################################
2020-05-22T18:45:36.642Z [36m[jfrou][0m [34m[INFO ][0m [                ] [server_configuration.go:61    ] [main                ] - Server configuration reloaded on :8082
2020-05-22T18:45:36.642Z [36m[jfrou][0m [34m[INFO ][0m [                ] [server_configuration.go:61    ] [main                ] - Server configuration reloaded on localhost:8046
2020-05-22T18:45:36.642Z [36m[jfrou][0m [34m[INFO ][0m [                ] [server_configuration.go:61    ] [main                ] - Server configuration reloaded on localhost:8049
2020-05-22T18:45:36.690Z [1;33m[jfac ][0;39m [34m[INFO ][0;39m [                ] [alConfigurationServiceBase:182] [c-default-executor-1] - Loading configuration from db finished successfully
2020-05-22T18:45:36.716Z [1;33m[jfac ][0;39m [34m[INFO ][0;39m [                ] [CertificateFileHandlerBase:174] [c-default-executor-1] - Loading root certificate from database.
2020-05-22T18:45:36.896Z [1;33m[jfac ][0;39m [34m[INFO ][0;39m [                ] [CertificateFileHandlerBase:331] [c-default-executor-1] - [ACCESS BOOTSTRAP] Saved new root certificate at: /opt/jfrog/artifactory/var/etc/access/keys/root.crt
2020-05-22T18:45:36.897Z [1;33m[jfac ][0;39m [34m[INFO ][0;39m [                ] [CertificateFileHandlerBase:183] [c-default-executor-1] - Finished loading root certificate from database.
2020-05-22T18:45:36.898Z [1;33m[jfac ][0;39m [34m[INFO ][0;39m [                ] [CertificateFileHandlerBase:174] [c-default-executor-1] - Loading ca certificate from database.
2020-05-22T18:45:36.982Z [1;33m[jfac ][0;39m [34m[INFO ][0;39m [                ] [CertificateFileHandlerBase:331] [c-default-executor-1] - [ACCESS BOOTSTRAP] Saved new ca certificate at: /opt/jfrog/artifactory/var/etc/access/keys/ca.crt
2020-05-22T18:45:36.983Z [1;33m[jfac ][0;39m [34m[INFO ][0;39m [                ] [CertificateFileHandlerBase:183] [c-default-executor-1] - Finished loading ca certificate from database.
2020-05-22T18:45:39.740Z [36m[jfrou][0m [34m[INFO ][0m [                ] [server_configuration.go:61    ] [main                ] - Server configuration reloaded on localhost:8046
2020-05-22T18:45:39.740Z [36m[jfrou][0m [34m[INFO ][0m [                ] [server_configuration.go:61    ] [main                ] - Server configuration reloaded on localhost:8049
2020-05-22T18:45:39.740Z [36m[jfrou][0m [34m[INFO ][0m [                ] [server_configuration.go:61    ] [main                ] - Server configuration reloaded on :8082
2020-05-22T18:45:52.307Z [1;32m[jfrt ][0;39m [34m[INFO ][0;39m [ba22c431af864e05] [a.e.EventsLogCleanUpService:53] [art-exec-5          ] - Starting cleanup of old events from event log
2020-05-22T18:45:52.328Z [1;32m[jfrt ][0;39m [34m[INFO ][0;39m [ba22c431af864e05] [a.e.EventsLogCleanUpService:74] [art-exec-5          ] - Cleanup of old events from event log finished
2020-05-22T18:49:44.493Z [1;32m[jfrt ][0;39m [34m[INFO ][0;39m [1b23372fbba5b0ce] [o.a.s.SecurityServiceImpl:1322] [http-nio-8081-exec-4] - Password for user 'admin' has been successfully changed
2020-05-22T18:49:55.623Z [1;32m[jfrt ][0;39m [34m[INFO ][0;39m [642ace765364a1c3] [eateRepositoryConfigService:98] [http-nio-8081-exec-8] - Creating repository libs-snapshot-local
2020-05-22T18:49:55.633Z [1;32m[jfrt ][0;39m [34m[INFO ][0;39m [642ace765364a1c3] [eateRepositoryConfigService:98] [http-nio-8081-exec-8] - Creating repository libs-release-local
2020-05-22T18:49:55.637Z [1;32m[jfrt ][0;39m [34m[INFO ][0;39m [642ace765364a1c3] [eateRepositoryConfigService:98] [http-nio-8081-exec-8] - Creating repository jcenter
2020-05-22T18:49:55.644Z [1;32m[jfrt ][0;39m [34m[INFO ][0;39m [642ace765364a1c3] [eateRepositoryConfigService:98] [http-nio-8081-exec-8] - Creating repository libs-snapshot
2020-05-22T18:49:55.650Z [1;32m[jfrt ][0;39m [34m[INFO ][0;39m [642ace765364a1c3] [eateRepositoryConfigService:98] [http-nio-8081-exec-8] - Creating repository libs-release
2020-05-22T18:49:55.665Z [1;32m[jfrt ][0;39m [34m[INFO ][0;39m [642ace765364a1c3] [c.CentralConfigServiceImpl:639] [http-nio-8081-exec-8] - Reloading configuration... old revision 0, new revision 1
2020-05-22T18:49:55.774Z [1;32m[jfrt ][0;39m [34m[INFO ][0;39m [642ace765364a1c3] [c.CentralConfigServiceImpl:382] [http-nio-8081-exec-8] - Force updating new descriptor (old descriptor doesn't support diff). Old descriptor revision 0
2020-05-22T18:49:55.801Z [1;32m[jfrt ][0;39m [34m[INFO ][0;39m [642ace765364a1c3] [c.CentralConfigServiceImpl:404] [http-nio-8081-exec-8] - New configuration with revision 1 saved.
2020-05-22T18:49:55.802Z [1;32m[jfrt ][0;39m [34m[INFO ][0;39m [642ace765364a1c3] [ifactoryApplicationContext:523] [http-nio-8081-exec-8] - Artifactory application context set to NOT READY by reload
2020-05-22T18:49:55.966Z [1;32m[jfrt ][0;39m [34m[INFO ][0;39m [642ace765364a1c3] [s.MetadataEventServiceImpl:206] [http-nio-8081-exec-8] - Received delete instruction on root for repository 'example-repo-local'. Deleting paths from Metadata Server
2020-05-22T18:49:56.088Z [1;32m[jfrt ][0;39m [34m[INFO ][0;39m [642ace765364a1c3] [ifactoryApplicationContext:523] [http-nio-8081-exec-8] - Artifactory application context set to READY by reload
2020-05-22T18:49:56.089Z [1;32m[jfrt ][0;39m [34m[INFO ][0;39m [642ace765364a1c3] [c.CentralConfigServiceImpl:657] [http-nio-8081-exec-8] - Configuration reloaded.
2020-05-22T18:49:56.105Z [1;32m[jfrt ][0;39m [34m[INFO ][0;39m [642ace765364a1c3] [o.a.r.o.YamlConfigCreator:73  ] [http-nio-8081-exec-8] - Saving bootstrap settings to artifactory.config.20200522.184956.yml
2020-05-22T19:00:00.018Z [1;33m[jfac ][0;39m [34m[INFO ][0;39m [52749b955a4cad58] [j.a.s.s.t.TokenServiceImpl:143] [jf-access-task1     ] - Revoked 9 expired tokens.
2020-05-25T15:30:15.377Z [36m[jfrou][0m [34m[INFO ][0m [                ] [server_configuration.go:61    ] [main                ] - Server configuration reloaded on localhost:8046
2020-05-25T15:30:15.377Z [36m[jfrou][0m [34m[INFO ][0m [                ] [server_configuration.go:61    ] [main                ] - Server configuration reloaded on localhost:8049
2020-05-25T15:30:15.377Z [36m[jfrou][0m [34m[INFO ][0m [                ] [server_configuration.go:61    ] [main                ] - Server configuration reloaded on :8082
2020-05-25T15:30:15.544Z [1;33m[jfac ][0;39m [34m[INFO ][0;39m [fd288f672b92b6d8] [o.j.a.s.s.c.s.HeartbeatJob:80 ] [jf-access-task1     ] - Refreshing server state after it was considered as stale by peers [last previous successful update 1590175149885]
2020-05-25T15:30:15.548Z [1;33m[jfac ][0;39m [34m[INFO ][0;39m [fd288f672b92b6d8] [alConfigurationServiceBase:182] [jf-access-task1     ] - Loading configuration from db finished successfully
2020-05-25T15:30:15.553Z [1;33m[jfac ][0;39m [34m[INFO ][0;39m [fd288f672b92b6d8] [CertificateFileHandlerBase:174] [jf-access-task1     ] - Loading root certificate from database.
2020-05-25T15:30:15.622Z [1;33m[jfac ][0;39m [34m[INFO ][0;39m [fd288f672b92b6d8] [CertificateFileHandlerBase:331] [jf-access-task1     ] - [ACCESS BOOTSTRAP] Saved new root certificate at: /opt/jfrog/artifactory/var/etc/access/keys/root.crt
2020-05-25T15:30:15.623Z [1;33m[jfac ][0;39m [34m[INFO ][0;39m [fd288f672b92b6d8] [CertificateFileHandlerBase:183] [jf-access-task1     ] - Finished loading root certificate from database.
2020-05-25T15:30:15.623Z [1;33m[jfac ][0;39m [34m[INFO ][0;39m [fd288f672b92b6d8] [CertificateFileHandlerBase:174] [jf-access-task1     ] - Loading ca certificate from database.
2020-05-25T15:30:15.677Z [1;33m[jfac ][0;39m [34m[INFO ][0;39m [fd288f672b92b6d8] [CertificateFileHandlerBase:331] [jf-access-task1     ] - [ACCESS BOOTSTRAP] Saved new ca certificate at: /opt/jfrog/artifactory/var/etc/access/keys/ca.crt
2020-05-25T15:30:15.677Z [1;33m[jfac ][0;39m [34m[INFO ][0;39m [fd288f672b92b6d8] [CertificateFileHandlerBase:183] [jf-access-task1     ] - Finished loading ca certificate from database.
2020-05-25T15:30:17.989Z [1;32m[jfrt ][0;39m [34m[INFO ][0;39m [a6dfa8ab677b404d] [tegrationCleanupServiceImpl:44] [art-exec-14         ] - cleaning jobs table
2020-05-25T15:30:17.990Z [1;32m[jfrt ][0;39m [34m[INFO ][0;39m [89f56f5c7af10a36] [ualCacheCleanupServiceImpl:116] [art-exec-13         ] - Starting cleanup of virtual repositories cache
2020-05-25T15:30:18.031Z [1;32m[jfrt ][0;39m [34m[INFO ][0;39m [a6dfa8ab677b404d] [tegrationCleanupServiceImpl:48] [art-exec-14         ] - cleaned up 0 old job records
2020-05-25T15:30:18.046Z [1;32m[jfrt ][0;39m [34m[INFO ][0;39m [f345d1fe9f9fb2f2] [ifactoryApplicationContext:666] [art-exec-17         ] - Beginning full system export...
2020-05-25T15:30:18.046Z [1;32m[jfrt ][0;39m [34m[INFO ][0;39m [f345d1fe9f9fb2f2] [ifactoryApplicationContext:693] [art-exec-17         ] - Creating temp export directory: /opt/jfrog/artifactory/var/backup/artifactory/backup-daily/current
2020-05-25T15:30:18.048Z [1;32m[jfrt ][0;39m [34m[INFO ][0;39m [f345d1fe9f9fb2f2] [ifactoryApplicationContext:700] [art-exec-17         ] - Using backup directory: '/opt/jfrog/artifactory/var/backup/artifactory/backup-daily/current'.
2020-05-25T15:30:18.048Z [1;32m[jfrt ][0;39m [34m[INFO ][0;39m [f345d1fe9f9fb2f2] [c.CentralConfigServiceImpl:598] [art-exec-17         ] - Exporting config...
2020-05-25T15:30:18.108Z [1;32m[jfrt ][0;39m [34m[INFO ][0;39m [89f56f5c7af10a36] [ualCacheCleanupServiceImpl:124] [art-exec-13         ] - Completed virtual repositories cleanup: removed 0 cached files.
2020-05-25T15:30:18.145Z [1;32m[jfrt ][0;39m [34m[INFO ][0;39m [f345d1fe9f9fb2f2] [o.a.s.a.AccessServiceImpl:1315] [art-exec-17         ] - Exporting serviceId to file
2020-05-25T15:30:18.146Z [1;32m[jfrt ][0;39m [34m[INFO ][0;39m [f345d1fe9f9fb2f2] [o.a.s.a.AccessServiceImpl:1297] [art-exec-17         ] - Triggering export in access server...
2020-05-25T15:30:18.153Z [1;33m[jfac ][0;39m [34m[INFO ][0;39m [f345d1fe9f9fb2f2] [j.a.s.s.t.TokenServiceImpl:143] [27.0.0.1-8040-exec-2] - Revoked 15 expired tokens.
2020-05-25T15:30:18.154Z [1;33m[jfac ][0;39m [34m[INFO ][0;39m [f345d1fe9f9fb2f2] [.AccessImporterExporterImpl:71] [27.0.0.1-8040-exec-2] - Exporting NodeIdServiceId...
2020-05-25T15:30:18.155Z [1;33m[jfac ][0;39m [34m[INFO ][0;39m [f345d1fe9f9fb2f2] [.AccessImporterExporterImpl:71] [27.0.0.1-8040-exec-2] - Exporting users...
2020-05-25T15:30:18.283Z [1;33m[jfac ][0;39m [34m[INFO ][0;39m [f345d1fe9f9fb2f2] [.AccessImporterExporterImpl:71] [27.0.0.1-8040-exec-2] - Exporting tokens...
2020-05-25T15:30:18.285Z [1;33m[jfac ][0;39m [34m[INFO ][0;39m [f345d1fe9f9fb2f2] [.d.TokenStorageServiceImpl:194] [27.0.0.1-8040-exec-2] - Filtered out 5 system tokens from export
2020-05-25T15:30:18.287Z [1;33m[jfac ][0;39m [34m[INFO ][0;39m [f345d1fe9f9fb2f2] [.AccessImporterExporterImpl:71] [27.0.0.1-8040-exec-2] - Exporting federation_events...
2020-05-25T15:30:18.288Z [1;33m[jfac ][0;39m [34m[INFO ][0;39m [f345d1fe9f9fb2f2] [.AccessImporterExporterImpl:71] [27.0.0.1-8040-exec-2] - Exporting federation_servers...
2020-05-25T15:30:18.291Z [1;33m[jfac ][0;39m [34m[INFO ][0;39m [f345d1fe9f9fb2f2] [.AccessImporterExporterImpl:71] [27.0.0.1-8040-exec-2] - Exporting permissions...
2020-05-25T15:30:18.307Z [1;32m[jfrt ][0;39m [34m[INFO ][0;39m [1649e7de2024eb3b] [o.a.r.s.t.p.TrashcanPruner:113] [art-exec-11         ] - Trashcan pruning total execution time: '329 millis'
2020-05-25T15:30:18.315Z [1;33m[jfac ][0;39m [34m[INFO ][0;39m [f345d1fe9f9fb2f2] [.AccessImporterExporterImpl:71] [27.0.0.1-8040-exec-2] - Exporting groups...
2020-05-25T15:30:18.327Z [1;32m[jfrt ][0;39m [34m[INFO ][0;39m [1649e7de2024eb3b] [.s.b.s.GarbageCollectorInfo:82] [art-exec-11         ] - Storage garbage collector report:
Number of binaries:      0
Total execution time:    9 millis
Candidates for deletion: 0
Checksums deleted:       0
Binaries deleted:        0
Total size freed:        0 bytes
Current total size:      0 bytes
2020-05-25T15:30:18.328Z [1;33m[jfac ][0;39m [34m[INFO ][0;39m [f345d1fe9f9fb2f2] [.AccessImporterExporterImpl:71] [27.0.0.1-8040-exec-2] - Exporting encryption...
2020-05-25T15:30:18.337Z [1;33m[jfac ][0;39m [34m[INFO ][0;39m [f345d1fe9f9fb2f2] [.AccessImporterExporterImpl:71] [27.0.0.1-8040-exec-2] - Exporting config...
2020-05-25T15:30:18.376Z [1;32m[jfrt ][0;39m [34m[INFO ][0;39m [f345d1fe9f9fb2f2] [ifactoryApplicationContext:894] [art-exec-17         ] - Note: the etc exported folder has excessive permissions. Be careful with the files.
2020-05-25T15:30:18.383Z [1;32m[jfrt ][0;39m [34m[INFO ][0;39m [f345d1fe9f9fb2f2] [a.s.u.SignedUrlServiceImpl:285] [art-exec-17         ] - Exporting URL signing key...
2020-05-25T15:30:18.386Z [1;32m[jfrt ][0;39m [34m[INFO ][0;39m [f345d1fe9f9fb2f2] [.r.s.RepositoryServiceImpl:887] [art-exec-17         ] - Exporting repositories...
2020-05-25T15:30:18.394Z [36m[jfrou][0m [34m[INFO ][0m [                ] [server_configuration.go:61    ] [main                ] - Server configuration reloaded on :8082
2020-05-25T15:30:18.394Z [36m[jfrou][0m [34m[INFO ][0m [                ] [server_configuration.go:61    ] [main                ] - Server configuration reloaded on localhost:8046
2020-05-25T15:30:18.394Z [36m[jfrou][0m [34m[INFO ][0m [                ] [server_configuration.go:61    ] [main                ] - Server configuration reloaded on localhost:8049
2020-05-25T15:30:18.404Z [1;32m[jfrt ][0;39m [34m[INFO ][0;39m [f345d1fe9f9fb2f2] [a.r.d.i.DbRepoExportHandler:75] [art-exec-17         ] - artifactory-build-info export started with 1 nodes to: '/opt/jfrog/artifactory/var/backup/artifactory/backup-daily/current/repositories/artifactory-build-info'
2020-05-25T15:30:18.534Z [1;32m[jfrt ][0;39m [34m[INFO ][0;39m [f345d1fe9f9fb2f2] [a.r.d.i.DbRepoExportHandler:85] [art-exec-17         ] - artifactory-build-info export finished with: 1 Items exported (0 files and 1 folders), 0 Item skipped: (0 files and 0 folders).Duration: 133.68 millis IPS: 7.48 Target: '/opt/jfrog/artifactory/var/backup/artifactory/backup-daily/current/repositories/artifactory-build-info'
2020-05-25T15:30:18.534Z [1;32m[jfrt ][0;39m [34m[INFO ][0;39m [f345d1fe9f9fb2f2] [a.r.d.i.DbRepoExportHandler:75] [art-exec-17         ] - libs-release-local export started with 1 nodes to: '/opt/jfrog/artifactory/var/backup/artifactory/backup-daily/current/repositories/libs-release-local'
2020-05-25T15:30:18.537Z [1;32m[jfrt ][0;39m [34m[INFO ][0;39m [f345d1fe9f9fb2f2] [a.r.d.i.DbRepoExportHandler:85] [art-exec-17         ] - libs-release-local export finished with: 1 Items exported (0 files and 1 folders), 0 Item skipped: (0 files and 0 folders).Duration: 3.01 millis IPS: 332.22 Target: '/opt/jfrog/artifactory/var/backup/artifactory/backup-daily/current/repositories/libs-release-local'
2020-05-25T15:30:18.538Z [1;32m[jfrt ][0;39m [34m[INFO ][0;39m [f345d1fe9f9fb2f2] [a.r.d.i.DbRepoExportHandler:75] [art-exec-17         ] - libs-snapshot-local export started with 1 nodes to: '/opt/jfrog/artifactory/var/backup/artifactory/backup-daily/current/repositories/libs-snapshot-local'
2020-05-25T15:30:18.542Z [1;32m[jfrt ][0;39m [34m[INFO ][0;39m [f345d1fe9f9fb2f2] [a.r.d.i.DbRepoExportHandler:85] [art-exec-17         ] - libs-snapshot-local export finished with: 1 Items exported (0 files and 1 folders), 0 Item skipped: (0 files and 0 folders).Duration: 4.29 millis IPS: 233.07 Target: '/opt/jfrog/artifactory/var/backup/artifactory/backup-daily/current/repositories/libs-snapshot-local'
2020-05-25T15:30:18.543Z [1;32m[jfrt ][0;39m [34m[INFO ][0;39m [f345d1fe9f9fb2f2] [a.r.d.i.DbRepoExportHandler:75] [art-exec-17         ] - jcenter-cache export started with 1 nodes to: '/opt/jfrog/artifactory/var/backup/artifactory/backup-daily/current/repositories/jcenter-cache'
2020-05-25T15:30:18.545Z [1;32m[jfrt ][0;39m [34m[INFO ][0;39m [f345d1fe9f9fb2f2] [a.r.d.i.DbRepoExportHandler:85] [art-exec-17         ] - jcenter-cache export finished with: 1 Items exported (0 files and 1 folders), 0 Item skipped: (0 files and 0 folders).Duration: 2.82 millis IPS: 354.91 Target: '/opt/jfrog/artifactory/var/backup/artifactory/backup-daily/current/repositories/jcenter-cache'
2020-05-25T15:30:18.553Z [1;32m[jfrt ][0;39m [34m[INFO ][0;39m [f345d1fe9f9fb2f2] [ifactoryApplicationContext:796] [art-exec-17         ] - Full system export completed successfully.
2020-05-25T15:30:38.168Z [1;32m[jfrt ][0;39m [1;31m[ERROR][0;39m [767ccdbab7b97d88] [o.a.m.s.CallHomeService:118   ] [art-exec-16         ] - Failed calling home: api.bintray.com: Temporary failure in name resolution
java.net.UnknownHostException: api.bintray.com: Temporary failure in name resolution
at java.base/java.net.Inet4AddressImpl.lookupAllHostAddr(Native Method)
at java.base/java.net.InetAddress$PlatformNameService.lookupAllHostAddr(InetAddress.java:929)
at java.base/java.net.InetAddress.getAddressesFromNameService(InetAddress.java:1515)
at java.base/java.net.InetAddress$NameServiceAddresses.get(InetAddress.java:848)
at java.base/java.net.InetAddress.getAllByName0(InetAddress.java:1505)
at java.base/java.net.InetAddress.getAllByName(InetAddress.java:1364)
at java.base/java.net.InetAddress.getAllByName(InetAddress.java:1298)
at org.apache.http.impl.conn.SystemDefaultDnsResolver.resolve(SystemDefaultDnsResolver.java:45)
at org.apache.http.impl.conn.DefaultHttpClientConnectionOperator.connect(DefaultHttpClientConnectionOperator.java:112)
at org.apache.http.impl.conn.PoolingHttpClientConnectionManager.connect(PoolingHttpClientConnectionManager.java:374)
at org.apache.http.impl.execchain.MainClientExec.establishRoute(MainClientExec.java:393)
at org.apache.http.impl.execchain.MainClientExec.execute(MainClientExec.java:236)
at org.apache.http.impl.execchain.ProtocolExec.execute(ProtocolExec.java:186)
at org.apache.http.impl.execchain.RedirectExec.execute(RedirectExec.java:110)
at org.apache.http.impl.client.InternalHttpClient.doExecute(InternalHttpClient.java:185)
at org.apache.http.impl.client.CloseableHttpClient.execute(CloseableHttpClient.java:72)
at org.jfrog.client.http.CloseableHttpClientDecorator.doExecute(CloseableHttpClientDecorator.java:107)
at org.apache.http.impl.client.CloseableHttpClient.execute(CloseableHttpClient.java:83)
at org.apache.http.impl.client.CloseableHttpClient.execute(CloseableHttpClient.java:108)
at org.artifactory.metrics.services.CallHomeService.callHome(CallHomeService.java:113)
at org.artifactory.metrics.services.CallHomeService$$FastClassBySpringCGLIB$$1d14b447.invoke(<generated>)
at org.springframework.cglib.proxy.MethodProxy.invoke(MethodProxy.java:218)
at org.springframework.aop.framework.CglibAopProxy$CglibMethodInvocation.invokeJoinpoint(CglibAopProxy.java:750)
at org.springframework.aop.framework.ReflectiveMethodInvocation.proceed(ReflectiveMethodInvocation.java:163)
at org.artifactory.schedule.aop.TraceableMethodInvocation.proceed(TraceableMethodInvocation.java:72)
at org.artifactory.schedule.aop.AsyncAdvice.doInvoke(AsyncAdvice.java:333)
at org.artifactory.schedule.aop.AsyncAdvice.lambda$submit$2(AsyncAdvice.java:285)
at java.base/java.util.concurrent.FutureTask.run(FutureTask.java:264)
at org.artifactory.opentracing.TraceableRunnableDecorator.run(TraceableRunnableDecorator.java:30)
at org.artifactory.concurrent.ArtifactoryRunnable.run(ArtifactoryRunnable.java:53)
at java.base/java.util.concurrent.ThreadPoolExecutor.runWorker(ThreadPoolExecutor.java:1128)
at java.base/java.util.concurrent.ThreadPoolExecutor$Worker.run(ThreadPoolExecutor.java:628)
at java.base/java.lang.Thread.run(Thread.java:834)
2020-05-25T15:55:53.977Z [1;33m[jfac ][0;39m [34m[INFO ][0;39m [7a626ca6e6173af3] [.s.s.r.StaleTokenCleanupJob:62] [jf-access-task1     ] - Starting Access job to remove stale nodes and join-admin-tokens on server: ecba941ecde0
2020-05-25T15:55:54.008Z [1;33m[jfac ][0;39m [34m[INFO ][0;39m [7a626ca6e6173af3] [.s.s.r.StaleTokenCleanupJob:70] [jf-access-task1     ] - Removed 0 Stale Nodes and 0 Join-Admin-Tokens from before: 2020-05-18T15:55:53
2020-05-25T16:00:00.012Z [1;32m[jfrt ][0;39m [34m[INFO ][0;39m [568806860fdce0c2] [o.a.r.s.t.p.TrashcanPruner:113] [art-exec-1          ] - Trashcan pruning total execution time: '1 millis'
2020-05-25T16:00:00.028Z [1;32m[jfrt ][0;39m [34m[INFO ][0;39m [568806860fdce0c2] [.s.b.s.GarbageCollectorInfo:82] [art-exec-1          ] - Storage garbage collector report:
Number of binaries:      0
Total execution time:    0 nanos
Candidates for deletion: 0
Checksums deleted:       0
Binaries deleted:        0
Total size freed:        0 bytes
Current total size:      0 bytes
2020/05/25 16:01:11 httputil: ReverseProxy read error during body copy: stream error: stream ID 1599; CANCEL
2020-05-25T16:11:00.661Z [1;33m[jfac ][0;39m [34m[INFO ][0;39m [c0e2a3bbb607ccf ] [j.a.s.s.t.TokenServiceImpl:143] [jf-access-task1     ] - Revoked 20 expired tokens.
