2020-05-22T18:44:22.458Z [jfrou] [INFO ] [74ceb0fe0f28f348] [bootstrap.go:70               ] [main                ] - Router (jfrou) service initialization started. Version: 1.3.0 Revision: 52dff67afbeb25ab9d5ce3577c420a6562acb89f PID: 2806 Home: /opt/jfrog/artifactory
2020-05-22T18:44:22.459Z [jfrou] [INFO ] [74ceb0fe0f28f348] [bootstrap.go:73               ] [main                ] - JFrog Router IP: 172.18.0.6
2020-05-22T18:44:27.465Z [jfrou] [INFO ] [74ceb0fe0f28f348] [security_keys.go:114          ] [main                ] - Master key is missing. Pending for 5 seconds with 2m0s timeout
2020-05-22T18:44:32.476Z [jfrou] [INFO ] [74ceb0fe0f28f348] [security_keys.go:114          ] [main                ] - Master key is missing. Pending for 10 seconds with 2m0s timeout
2020-05-22T18:44:37.485Z [jfrou] [INFO ] [74ceb0fe0f28f348] [security_keys.go:114          ] [main                ] - Master key is missing. Pending for 15 seconds with 2m0s timeout
2020-05-22T18:44:42.488Z [jfrou] [INFO ] [74ceb0fe0f28f348] [security_keys.go:114          ] [main                ] - Master key is missing. Pending for 20 seconds with 2m0s timeout
2020-05-22T18:44:47.497Z [jfrou] [INFO ] [74ceb0fe0f28f348] [security_keys.go:128          ] [main                ] - Cluster join: Join key is missing. Pending for 25 seconds with 2m0s timeout
2020-05-22T18:44:52.503Z [jfrou] [INFO ] [74ceb0fe0f28f348] [security_keys.go:128          ] [main                ] - Cluster join: Join key is missing. Pending for 30 seconds with 2m0s timeout
2020-05-22T18:44:53.506Z [jfrou] [INFO ] [74ceb0fe0f28f348] [bootstrap.go:165              ] [main                ] - System configuration encryption report:
shared.newrelic.licenseKey: does not exist in the config file
shared.security.joinKeyFile: file '/opt/jfrog/artifactory/var/etc/security/join.key' - already encrypted
2020-05-22T18:44:53.510Z [jfrou] [INFO ] [74ceb0fe0f28f348] [bootstrap.go:78               ] [main                ] - JFrog Router Service ID: jfrou@01e8yv7km6r0cgmtkp8g2q90x1
2020-05-22T18:44:53.510Z [jfrou] [INFO ] [74ceb0fe0f28f348] [bootstrap.go:79               ] [main                ] - JFrog Router Node ID: ecba941ecde0
2020-05-22T18:44:54.476Z [jfrou] [INFO ] [74ceb0fe0f28f348] [config_holder.go:107          ] [main                ] - configuration update detected
2020-05-22T18:45:06.426Z [jfrou] [INFO ] [74ceb0fe0f28f348] [join_executor.go:181          ] [main                ] - Cluster join: Successfully joined the cluster
2020-05-22T18:45:06.495Z [jfrou] [INFO ] [74ceb0fe0f28f348] [main.go:47                    ] [main                ] - Router (jfrou) service initialization completed in 44.046 seconds. Listening on port: 8082
2020-05-22T18:45:36.633Z [jfrou] [INFO ] [bc6eda5f542041e ] [local_topology.go:213         ] [main                ] - 
###############################################################
###   All services started successfully in 74.184 seconds   ###
###############################################################
