----------------------------------------------------------------
Fri May 22 18:44:39 GMT 2020:
Booting Derby version The Apache Software Foundation - Apache Derby - 10.14.2.0 - (1828579): instance a816c00e-0172-3db3-9702-000015663df0 
on database directory /var/opt/jfrog/artifactory/data/access/derby with class loader java.net.URLClassLoader@7d907bac 
Loaded from file:/opt/jfrog/artifactory/app/artifactory/tomcat/lib/derby-10.14.2.0.jar
java.vendor=AdoptOpenJDK
java.runtime.version=11.0.6+10
user.dir=/var/opt/jfrog/artifactory
os.name=Linux
os.arch=amd64
os.version=5.3.0-51-generic
derby.system.home=null
derby.stream.error.file=/opt/jfrog/artifactory/var/data/access/derbyderby.log
Database Class Loader started - derby.database.classpath=''
----------------------------------------------------------------
Fri May 22 18:44:45 GMT 2020:
Booting Derby version The Apache Software Foundation - Apache Derby - 10.14.2.0 - (1828579): instance 965681a5-0172-3db3-9702-000015663df0 
on database directory /var/opt/jfrog/artifactory/data/artifactory/derby with class loader java.net.URLClassLoader@7d907bac 
Loaded from file:/opt/jfrog/artifactory/app/artifactory/tomcat/lib/derby-10.14.2.0.jar
java.vendor=AdoptOpenJDK
java.runtime.version=11.0.6+10
user.dir=/var/opt/jfrog/artifactory
os.name=Linux
os.arch=amd64
os.version=5.3.0-51-generic
derby.system.home=null
derby.stream.error.file=/opt/jfrog/artifactory/var/log/derby.log
Database Class Loader started - derby.database.classpath=''
