Starting Selenium Grid
[jenkins_home] $ /usr/local/openjdk-8/jre/bin/java -cp /var/jenkins_home/war/WEB-INF/lib/remoting-4.3.jar hudson.remoting.Launcher -cp /var/jenkins_home/plugins/selenium/WEB-INF/lib/selenium-server-standalone-3.141.59.jar:/var/jenkins_home/plugins/selenium/WEB-INF/lib/htmlunit-driver-standalone-2.33.3.jar -connectTo localhost:41055
Starting Selenium Grid
channel started
May 27, 2020 4:01:05 PM hudson.plugins.selenium.HubLauncher call
OFF: Grid hub starting with log level INFO
May 27, 2020 4:01:05 PM hudson.plugins.selenium.HubLauncher call
OFF: Grid Hub preparing to start on port 4444
2020-05-27 16:01:06.946:INFO::pool-1-thread-2 for channel id=0: Logging initialized @18579ms to org.seleniumhq.jetty9.util.log.StdErrLog
2020-05-27 16:01:07.330:INFO:osjs.Server:pool-1-thread-2 for channel id=0: jetty-9.4.z-SNAPSHOT; built: 2018-08-30T13:59:14.071Z; git: 27208684755d94a92186989f695db2d7b21ebc51; jvm 1.8.0_242-b08
2020-05-27 16:01:07.506:INFO:osjs.session:pool-1-thread-2 for channel id=0: DefaultSessionIdManager workerName=node0
2020-05-27 16:01:07.506:INFO:osjs.session:pool-1-thread-2 for channel id=0: No SessionScavenger set, using defaults
2020-05-27 16:01:07.509:INFO:osjs.session:pool-1-thread-2 for channel id=0: node0 Scavenging every 600000ms
2020-05-27 16:01:07.527:INFO:osjsh.ContextHandler:pool-1-thread-2 for channel id=0: Started o.s.j.s.ServletContextHandler@3aa64344{/,null,AVAILABLE}
2020-05-27 16:01:07.553:INFO:osjs.AbstractConnector:pool-1-thread-2 for channel id=0: Started ServerConnector@6cd5712d{HTTP/1.1,[http/1.1]}{jenkins:4444}
2020-05-27 16:01:07.561:INFO:osjs.Server:pool-1-thread-2 for channel id=0: Started @19187ms
May 27, 2020 4:01:07 PM org.openqa.grid.web.Hub start
INFO: Selenium Grid hub is up and running
May 27, 2020 4:01:07 PM org.openqa.grid.web.Hub start
INFO: Nodes should register to http://jenkins:4444/grid/register/
May 27, 2020 4:01:07 PM org.openqa.grid.web.Hub start
INFO: Clients should connect to http://jenkins:4444/wd/hub
May 27, 2020 4:01:07 PM hudson.plugins.selenium.HubLauncher call
OFF: Grid Hub started on port 4444 with args: -maxSession 5 -timeout 300 -browserTimeout 0 -host jenkins
